ROI (-27 -45 27): length = 18mm; probability gray matter = 0.1030
ROI (27 -45 27): length = 18mm; probability gray matter = 0.1030
ROI (-45 -63 63): length = 18mm; probability gray matter = 0.1048
ROI (45 -63 63): length = 18mm; probability gray matter = 0.1048
ROI (-45 -63 -63): length = 18mm; probability gray matter = 0.1058
ROI (45 -63 -63): length = 18mm; probability gray matter = 0.1058
ROI (-27 -9 27): length = 18mm; probability gray matter = 0.1068
ROI (27 -9 27): length = 18mm; probability gray matter = 0.1068
ROI (-27 -27 81): length = 18mm; probability gray matter = 0.1112
ROI (27 -27 81): length = 18mm; probability gray matter = 0.1112
ROI (-63 27 27): length = 18mm; probability gray matter = 0.1133
ROI (63 27 27): length = 18mm; probability gray matter = 0.1133
ROI (-63 -63 -27): length = 18mm; probability gray matter = 0.1199
ROI (63 -63 -27): length = 18mm; probability gray matter = 0.1199
ROI (-27 -27 27): length = 18mm; probability gray matter = 0.1210
ROI (27 -27 27): length = 18mm; probability gray matter = 0.1210
ROI (-45 63 -9): length = 18mm; probability gray matter = 0.1240
ROI (45 63 -9): length = 18mm; probability gray matter = 0.1240
ROI (-27 -99 -27): length = 18mm; probability gray matter = 0.1246
ROI (27 -99 -27): length = 18mm; probability gray matter = 0.1246
ROI (-45 63 9): length = 18mm; probability gray matter = 0.1265
ROI (45 63 9): length = 18mm; probability gray matter = 0.1265
ROI (-45 -81 45): length = 18mm; probability gray matter = 0.1349
ROI (45 -81 45): length = 18mm; probability gray matter = 0.1349
ROI (-27 45 -27): length = 18mm; probability gray matter = 0.1381
ROI (27 45 -27): length = 18mm; probability gray matter = 0.1381
ROI (-9 -27 -63): length = 18mm; probability gray matter = 0.1404
ROI (9 -27 -63): length = 18mm; probability gray matter = 0.1404
ROI (-27 -99 27): length = 18mm; probability gray matter = 0.1427
ROI (27 -99 27): length = 18mm; probability gray matter = 0.1427
ROI (-27 9 27): length = 18mm; probability gray matter = 0.1477
ROI (27 9 27): length = 18mm; probability gray matter = 0.1477
ROI (-45 9 63): length = 18mm; probability gray matter = 0.1520
ROI (45 9 63): length = 18mm; probability gray matter = 0.1520
ROI (-9 63 -27): length = 18mm; probability gray matter = 0.1531
ROI (9 63 -27): length = 18mm; probability gray matter = 0.1531
ROI (-9 -99 -27): length = 18mm; probability gray matter = 0.1574
ROI (9 -99 -27): length = 18mm; probability gray matter = 0.1574
ROI (-9 -45 81): length = 18mm; probability gray matter = 0.1690
ROI (9 -45 81): length = 18mm; probability gray matter = 0.1690
ROI (-63 9 -27): length = 18mm; probability gray matter = 0.1715
ROI (63 9 -27): length = 18mm; probability gray matter = 0.1715
ROI (-63 27 9): length = 18mm; probability gray matter = 0.1780
ROI (63 27 9): length = 18mm; probability gray matter = 0.1780
ROI (-9 -99 27): length = 18mm; probability gray matter = 0.1842
ROI (9 -99 27): length = 18mm; probability gray matter = 0.1842
ROI (-9 -9 81): length = 18mm; probability gray matter = 0.1915
ROI (9 -9 81): length = 18mm; probability gray matter = 0.1915
ROI (-27 -45 -63): length = 18mm; probability gray matter = 0.1980
ROI (27 -45 -63): length = 18mm; probability gray matter = 0.1980
ROI (-27 27 63): length = 18mm; probability gray matter = 0.2025
ROI (27 27 63): length = 18mm; probability gray matter = 0.2025
ROI (-9 -27 81): length = 18mm; probability gray matter = 0.2101
ROI (9 -27 81): length = 18mm; probability gray matter = 0.2101
ROI (-45 27 -27): length = 18mm; probability gray matter = 0.2135
ROI (45 27 -27): length = 18mm; probability gray matter = 0.2135
ROI (-45 -81 -45): length = 18mm; probability gray matter = 0.2139
ROI (45 -81 -45): length = 18mm; probability gray matter = 0.2139
ROI (-27 -27 45): length = 18mm; probability gray matter = 0.2202
ROI (27 -27 45): length = 18mm; probability gray matter = 0.2202
ROI (-63 -9 45): length = 18mm; probability gray matter = 0.2274
ROI (63 -9 45): length = 18mm; probability gray matter = 0.2274
ROI (-27 -27 -45): length = 18mm; probability gray matter = 0.2299
ROI (27 -27 -45): length = 18mm; probability gray matter = 0.2299
ROI (-27 63 27): length = 18mm; probability gray matter = 0.2301
ROI (27 63 27): length = 18mm; probability gray matter = 0.2301
ROI (-9 -9 -45): length = 18mm; probability gray matter = 0.2389
ROI (9 -9 -45): length = 18mm; probability gray matter = 0.2389
ROI (-9 -63 -63): length = 18mm; probability gray matter = 0.2395
ROI (9 -63 -63): length = 18mm; probability gray matter = 0.2395
ROI (-27 -45 9): length = 18mm; probability gray matter = 0.2404
ROI (27 -45 9): length = 18mm; probability gray matter = 0.2404
ROI (-27 27 27): length = 18mm; probability gray matter = 0.2440
ROI (27 27 27): length = 18mm; probability gray matter = 0.2440
ROI (-63 9 -9): length = 18mm; probability gray matter = 0.2498
ROI (63 9 -9): length = 18mm; probability gray matter = 0.2498
ROI (-45 -45 63): length = 18mm; probability gray matter = 0.2514
ROI (45 -45 63): length = 18mm; probability gray matter = 0.2514
ROI (-63 -63 27): length = 18mm; probability gray matter = 0.2565
ROI (63 -63 27): length = 18mm; probability gray matter = 0.2565
ROI (-27 -9 45): length = 18mm; probability gray matter = 0.2598
ROI (27 -9 45): length = 18mm; probability gray matter = 0.2598
ROI (-27 27 9): length = 18mm; probability gray matter = 0.2603
ROI (27 27 9): length = 18mm; probability gray matter = 0.2603
ROI (-63 -45 -27): length = 18mm; probability gray matter = 0.2607
ROI (63 -45 -27): length = 18mm; probability gray matter = 0.2607
ROI (-45 -9 63): length = 18mm; probability gray matter = 0.2610
ROI (45 -9 63): length = 18mm; probability gray matter = 0.2610
ROI (-63 -45 45): length = 18mm; probability gray matter = 0.2697
ROI (63 -45 45): length = 18mm; probability gray matter = 0.2697
ROI (-9 -45 -63): length = 18mm; probability gray matter = 0.2707
ROI (9 -45 -63): length = 18mm; probability gray matter = 0.2707
ROI (-27 -99 9): length = 18mm; probability gray matter = 0.2804
ROI (27 -99 9): length = 18mm; probability gray matter = 0.2804
ROI (-63 9 27): length = 18mm; probability gray matter = 0.2865
ROI (63 9 27): length = 18mm; probability gray matter = 0.2865
ROI (-63 -63 -9): length = 18mm; probability gray matter = 0.2883
ROI (63 -63 -9): length = 18mm; probability gray matter = 0.2883
ROI (-27 -99 -9): length = 18mm; probability gray matter = 0.2887
ROI (27 -99 -9): length = 18mm; probability gray matter = 0.2887
ROI (-27 45 9): length = 18mm; probability gray matter = 0.2900
ROI (27 45 9): length = 18mm; probability gray matter = 0.2900
ROI (-27 -63 -63): length = 18mm; probability gray matter = 0.2941
ROI (27 -63 -63): length = 18mm; probability gray matter = 0.2941
ROI (-45 -27 63): length = 18mm; probability gray matter = 0.2953
ROI (45 -27 63): length = 18mm; probability gray matter = 0.2953
ROI (-27 27 -27): length = 18mm; probability gray matter = 0.3040
ROI (27 27 -27): length = 18mm; probability gray matter = 0.3040
ROI (-9 27 9): length = 18mm; probability gray matter = 0.3082
ROI (9 27 9): length = 18mm; probability gray matter = 0.3082
ROI (-63 -27 45): length = 18mm; probability gray matter = 0.3089
ROI (63 -27 45): length = 18mm; probability gray matter = 0.3089
ROI (-45 27 45): length = 18mm; probability gray matter = 0.3131
ROI (45 27 45): length = 18mm; probability gray matter = 0.3131
ROI (-27 45 45): length = 18mm; probability gray matter = 0.3132
ROI (27 45 45): length = 18mm; probability gray matter = 0.3132
ROI (-9 -9 27): length = 18mm; probability gray matter = 0.3133
ROI (9 -9 27): length = 18mm; probability gray matter = 0.3133
ROI (-45 -81 -27): length = 18mm; probability gray matter = 0.3148
ROI (45 -81 -27): length = 18mm; probability gray matter = 0.3148
ROI (-45 45 27): length = 18mm; probability gray matter = 0.3181
ROI (45 45 27): length = 18mm; probability gray matter = 0.3181
ROI (-27 -63 27): length = 18mm; probability gray matter = 0.3213
ROI (27 -63 27): length = 18mm; probability gray matter = 0.3213
ROI (-27 -63 9): length = 18mm; probability gray matter = 0.3239
ROI (27 -63 9): length = 18mm; probability gray matter = 0.3239
ROI (-63 -63 9): length = 18mm; probability gray matter = 0.3253
ROI (63 -63 9): length = 18mm; probability gray matter = 0.3253
ROI (-9 -27 27): length = 18mm; probability gray matter = 0.3285
ROI (9 -27 27): length = 18mm; probability gray matter = 0.3285
ROI (-27 -27 9): length = 18mm; probability gray matter = 0.3286
ROI (27 -27 9): length = 18mm; probability gray matter = 0.3286
ROI (-27 -63 63): length = 18mm; probability gray matter = 0.3293
ROI (27 -63 63): length = 18mm; probability gray matter = 0.3293
ROI (-63 9 9): length = 18mm; probability gray matter = 0.3313
ROI (63 9 9): length = 18mm; probability gray matter = 0.3313
ROI (-27 -45 45): length = 18mm; probability gray matter = 0.3318
ROI (27 -45 45): length = 18mm; probability gray matter = 0.3318
ROI (-9 9 27): length = 18mm; probability gray matter = 0.3369
ROI (9 9 27): length = 18mm; probability gray matter = 0.3369
ROI (-27 -81 9): length = 18mm; probability gray matter = 0.3419
ROI (27 -81 9): length = 18mm; probability gray matter = 0.3419
ROI (-45 9 -45): length = 18mm; probability gray matter = 0.3438
ROI (45 9 -45): length = 18mm; probability gray matter = 0.3438
ROI (-9 27 63): length = 18mm; probability gray matter = 0.3444
ROI (9 27 63): length = 18mm; probability gray matter = 0.3444
ROI (-9 63 27): length = 18mm; probability gray matter = 0.3449
ROI (9 63 27): length = 18mm; probability gray matter = 0.3449
ROI (-27 -81 45): length = 18mm; probability gray matter = 0.3456
ROI (27 -81 45): length = 18mm; probability gray matter = 0.3456
ROI (-45 -9 27): length = 18mm; probability gray matter = 0.3484
ROI (45 -9 27): length = 18mm; probability gray matter = 0.3484
ROI (-9 -99 9): length = 18mm; probability gray matter = 0.3485
ROI (9 -99 9): length = 18mm; probability gray matter = 0.3485
ROI (-45 -45 -45): length = 18mm; probability gray matter = 0.3549
ROI (45 -45 -45): length = 18mm; probability gray matter = 0.3549
ROI (-9 -99 -9): length = 18mm; probability gray matter = 0.3570
ROI (9 -99 -9): length = 18mm; probability gray matter = 0.3570
ROI (-45 -81 27): length = 18mm; probability gray matter = 0.3576
ROI (45 -81 27): length = 18mm; probability gray matter = 0.3576
ROI (-27 9 45): length = 18mm; probability gray matter = 0.3610
ROI (27 9 45): length = 18mm; probability gray matter = 0.3610
ROI (-27 63 -9): length = 18mm; probability gray matter = 0.3635
ROI (27 63 -9): length = 18mm; probability gray matter = 0.3635
ROI (-27 45 -9): length = 18mm; probability gray matter = 0.3652
ROI (27 45 -9): length = 18mm; probability gray matter = 0.3652
ROI (-9 -27 -45): length = 18mm; probability gray matter = 0.3658
ROI (9 -27 -45): length = 18mm; probability gray matter = 0.3658
ROI (-27 9 -45): length = 18mm; probability gray matter = 0.3682
ROI (27 9 -45): length = 18mm; probability gray matter = 0.3682
ROI (-9 9 -27): length = 18mm; probability gray matter = 0.3715
ROI (9 9 -27): length = 18mm; probability gray matter = 0.3715
ROI (-45 -45 9): length = 18mm; probability gray matter = 0.3789
ROI (45 -45 9): length = 18mm; probability gray matter = 0.3789
ROI (-9 -9 -27): length = 18mm; probability gray matter = 0.3804
ROI (9 -9 -27): length = 18mm; probability gray matter = 0.3804
ROI (-45 -45 27): length = 18mm; probability gray matter = 0.3822
ROI (45 -45 27): length = 18mm; probability gray matter = 0.3822
ROI (-63 -27 -27): length = 18mm; probability gray matter = 0.3830
ROI (63 -27 -27): length = 18mm; probability gray matter = 0.3830
ROI (-9 -81 45): length = 18mm; probability gray matter = 0.3881
ROI (9 -81 45): length = 18mm; probability gray matter = 0.3881
ROI (-45 -27 27): length = 18mm; probability gray matter = 0.3905
ROI (45 -27 27): length = 18mm; probability gray matter = 0.3905
ROI (-27 -27 63): length = 18mm; probability gray matter = 0.3970
ROI (27 -27 63): length = 18mm; probability gray matter = 0.3970
ROI (-63 -9 27): length = 18mm; probability gray matter = 0.4015
ROI (63 -9 27): length = 18mm; probability gray matter = 0.4015
ROI (-27 63 9): length = 18mm; probability gray matter = 0.4020
ROI (27 63 9): length = 18mm; probability gray matter = 0.4020
ROI (-63 -9 -27): length = 18mm; probability gray matter = 0.4071
ROI (63 -9 -27): length = 18mm; probability gray matter = 0.4071
ROI (-45 -81 -9): length = 18mm; probability gray matter = 0.4114
ROI (45 -81 -9): length = 18mm; probability gray matter = 0.4114
ROI (-9 -45 9): length = 18mm; probability gray matter = 0.4134
ROI (9 -45 9): length = 18mm; probability gray matter = 0.4134
ROI (-9 45 -27): length = 18mm; probability gray matter = 0.4135
ROI (9 45 -27): length = 18mm; probability gray matter = 0.4135
ROI (-45 -27 -9): length = 18mm; probability gray matter = 0.4136
ROI (45 -27 -9): length = 18mm; probability gray matter = 0.4136
ROI (-9 9 9): length = 18mm; probability gray matter = 0.4147
ROI (9 9 9): length = 18mm; probability gray matter = 0.4147
ROI (-45 -45 -9): length = 18mm; probability gray matter = 0.4158
ROI (45 -45 -9): length = 18mm; probability gray matter = 0.4158
ROI (-45 -9 -45): length = 18mm; probability gray matter = 0.4163
ROI (45 -9 -45): length = 18mm; probability gray matter = 0.4163
ROI (-45 45 -9): length = 18mm; probability gray matter = 0.4167
ROI (45 45 -9): length = 18mm; probability gray matter = 0.4167
ROI (-9 -63 63): length = 18mm; probability gray matter = 0.4198
ROI (9 -63 63): length = 18mm; probability gray matter = 0.4198
ROI (-27 -45 63): length = 18mm; probability gray matter = 0.4245
ROI (27 -45 63): length = 18mm; probability gray matter = 0.4245
ROI (-27 9 63): length = 18mm; probability gray matter = 0.4245
ROI (27 9 63): length = 18mm; probability gray matter = 0.4245
ROI (-27 -9 9): length = 18mm; probability gray matter = 0.4279
ROI (27 -9 9): length = 18mm; probability gray matter = 0.4279
ROI (-45 -81 9): length = 18mm; probability gray matter = 0.4407
ROI (45 -81 9): length = 18mm; probability gray matter = 0.4407
ROI (-9 45 45): length = 18mm; probability gray matter = 0.4432
ROI (9 45 45): length = 18mm; probability gray matter = 0.4432
ROI (-9 -27 63): length = 18mm; probability gray matter = 0.4462
ROI (9 -27 63): length = 18mm; probability gray matter = 0.4462
ROI (-9 63 -9): length = 18mm; probability gray matter = 0.4524
ROI (9 63 -9): length = 18mm; probability gray matter = 0.4524
ROI (-9 27 -27): length = 18mm; probability gray matter = 0.4533
ROI (9 27 -27): length = 18mm; probability gray matter = 0.4533
ROI (-63 -45 27): length = 18mm; probability gray matter = 0.4554
ROI (63 -45 27): length = 18mm; probability gray matter = 0.4554
ROI (-27 -9 -45): length = 18mm; probability gray matter = 0.4560
ROI (27 -9 -45): length = 18mm; probability gray matter = 0.4560
ROI (-9 63 9): length = 18mm; probability gray matter = 0.4595
ROI (9 63 9): length = 18mm; probability gray matter = 0.4595
ROI (-27 -63 45): length = 18mm; probability gray matter = 0.4614
ROI (27 -63 45): length = 18mm; probability gray matter = 0.4614
ROI (-45 45 9): length = 18mm; probability gray matter = 0.4620
ROI (45 45 9): length = 18mm; probability gray matter = 0.4620
ROI (-27 -9 63): length = 18mm; probability gray matter = 0.4647
ROI (27 -9 63): length = 18mm; probability gray matter = 0.4647
ROI (-9 -45 27): length = 18mm; probability gray matter = 0.4674
ROI (9 -45 27): length = 18mm; probability gray matter = 0.4674
ROI (-63 -9 9): length = 18mm; probability gray matter = 0.4688
ROI (63 -9 9): length = 18mm; probability gray matter = 0.4688
ROI (-45 -63 45): length = 18mm; probability gray matter = 0.4732
ROI (45 -63 45): length = 18mm; probability gray matter = 0.4732
ROI (-9 27 27): length = 18mm; probability gray matter = 0.4745
ROI (9 27 27): length = 18mm; probability gray matter = 0.4745
ROI (-27 -81 27): length = 18mm; probability gray matter = 0.4774
ROI (27 -81 27): length = 18mm; probability gray matter = 0.4774
ROI (-63 -27 27): length = 18mm; probability gray matter = 0.4778
ROI (63 -27 27): length = 18mm; probability gray matter = 0.4778
ROI (-27 27 -9): length = 18mm; probability gray matter = 0.4779
ROI (27 27 -9): length = 18mm; probability gray matter = 0.4779
ROI (-9 -9 -9): length = 18mm; probability gray matter = 0.4794
ROI (9 -9 -9): length = 18mm; probability gray matter = 0.4794
ROI (-9 -27 -27): length = 18mm; probability gray matter = 0.4845
ROI (9 -27 -27): length = 18mm; probability gray matter = 0.4845
ROI (-27 -45 -45): length = 18mm; probability gray matter = 0.4908
ROI (27 -45 -45): length = 18mm; probability gray matter = 0.4908
ROI (-63 -9 -9): length = 18mm; probability gray matter = 0.4924
ROI (63 -9 -9): length = 18mm; probability gray matter = 0.4924
ROI (-27 45 27): length = 18mm; probability gray matter = 0.4926
ROI (27 45 27): length = 18mm; probability gray matter = 0.4926
ROI (-45 9 45): length = 18mm; probability gray matter = 0.4935
ROI (45 9 45): length = 18mm; probability gray matter = 0.4935
ROI (-9 -81 -45): length = 18mm; probability gray matter = 0.4936
ROI (9 -81 -45): length = 18mm; probability gray matter = 0.4936
ROI (-45 -27 45): length = 18mm; probability gray matter = 0.4959
ROI (45 -27 45): length = 18mm; probability gray matter = 0.4959
ROI (-45 -9 45): length = 18mm; probability gray matter = 0.4970
ROI (45 -9 45): length = 18mm; probability gray matter = 0.4970
ROI (-9 9 45): length = 18mm; probability gray matter = 0.4972
ROI (9 9 45): length = 18mm; probability gray matter = 0.4972
ROI (-9 -45 63): length = 18mm; probability gray matter = 0.4977
ROI (9 -45 63): length = 18mm; probability gray matter = 0.4977
ROI (-9 -9 45): length = 18mm; probability gray matter = 0.4987
ROI (9 -9 45): length = 18mm; probability gray matter = 0.4987
ROI (-9 -27 9): length = 18mm; probability gray matter = 0.5007
ROI (9 -27 9): length = 18mm; probability gray matter = 0.5007
ROI (-9 -9 63): length = 18mm; probability gray matter = 0.5054
ROI (9 -9 63): length = 18mm; probability gray matter = 0.5054
ROI (-45 -63 9): length = 18mm; probability gray matter = 0.5059
ROI (45 -63 9): length = 18mm; probability gray matter = 0.5059
ROI (-27 -81 -9): length = 18mm; probability gray matter = 0.5076
ROI (27 -81 -9): length = 18mm; probability gray matter = 0.5076
ROI (-9 27 45): length = 18mm; probability gray matter = 0.5077
ROI (9 27 45): length = 18mm; probability gray matter = 0.5077
ROI (-9 27 -9): length = 18mm; probability gray matter = 0.5090
ROI (9 27 -9): length = 18mm; probability gray matter = 0.5090
ROI (-27 27 45): length = 18mm; probability gray matter = 0.5108
ROI (27 27 45): length = 18mm; probability gray matter = 0.5108
ROI (-27 9 9): length = 18mm; probability gray matter = 0.5109
ROI (27 9 9): length = 18mm; probability gray matter = 0.5109
ROI (-45 27 27): length = 18mm; probability gray matter = 0.5110
ROI (45 27 27): length = 18mm; probability gray matter = 0.5110
ROI (-9 9 63): length = 18mm; probability gray matter = 0.5124
ROI (9 9 63): length = 18mm; probability gray matter = 0.5124
ROI (-9 45 27): length = 18mm; probability gray matter = 0.5128
ROI (9 45 27): length = 18mm; probability gray matter = 0.5128
ROI (-45 9 27): length = 18mm; probability gray matter = 0.5161
ROI (45 9 27): length = 18mm; probability gray matter = 0.5161
ROI (-63 -45 -9): length = 18mm; probability gray matter = 0.5170
ROI (63 -45 -9): length = 18mm; probability gray matter = 0.5170
ROI (-45 27 9): length = 18mm; probability gray matter = 0.5249
ROI (45 27 9): length = 18mm; probability gray matter = 0.5249
ROI (-9 45 9): length = 18mm; probability gray matter = 0.5295
ROI (9 45 9): length = 18mm; probability gray matter = 0.5295
ROI (-9 45 -9): length = 18mm; probability gray matter = 0.5323
ROI (9 45 -9): length = 18mm; probability gray matter = 0.5323
ROI (-27 -27 -9): length = 18mm; probability gray matter = 0.5336
ROI (27 -27 -9): length = 18mm; probability gray matter = 0.5336
ROI (-9 -9 9): length = 18mm; probability gray matter = 0.5350
ROI (9 -9 9): length = 18mm; probability gray matter = 0.5350
ROI (-45 -63 27): length = 18mm; probability gray matter = 0.5361
ROI (45 -63 27): length = 18mm; probability gray matter = 0.5361
ROI (-45 -9 -27): length = 18mm; probability gray matter = 0.5386
ROI (45 -9 -27): length = 18mm; probability gray matter = 0.5386
ROI (-45 27 -9): length = 18mm; probability gray matter = 0.5387
ROI (45 27 -9): length = 18mm; probability gray matter = 0.5387
ROI (-45 -45 45): length = 18mm; probability gray matter = 0.5395
ROI (45 -45 45): length = 18mm; probability gray matter = 0.5395
ROI (-45 -27 -27): length = 18mm; probability gray matter = 0.5410
ROI (45 -27 -27): length = 18mm; probability gray matter = 0.5410
ROI (-63 -45 9): length = 18mm; probability gray matter = 0.5421
ROI (63 -45 9): length = 18mm; probability gray matter = 0.5421
ROI (-9 -81 27): length = 18mm; probability gray matter = 0.5469
ROI (9 -81 27): length = 18mm; probability gray matter = 0.5469
ROI (-63 -27 9): length = 18mm; probability gray matter = 0.5537
ROI (63 -27 9): length = 18mm; probability gray matter = 0.5537
ROI (-27 -81 -45): length = 18mm; probability gray matter = 0.5557
ROI (27 -81 -45): length = 18mm; probability gray matter = 0.5557
ROI (-9 -27 45): length = 18mm; probability gray matter = 0.5605
ROI (9 -27 45): length = 18mm; probability gray matter = 0.5605
ROI (-9 -63 45): length = 18mm; probability gray matter = 0.5609
ROI (9 -63 45): length = 18mm; probability gray matter = 0.5609
ROI (-45 -27 9): length = 18mm; probability gray matter = 0.5612
ROI (45 -27 9): length = 18mm; probability gray matter = 0.5612
ROI (-9 -27 -9): length = 18mm; probability gray matter = 0.5710
ROI (9 -27 -9): length = 18mm; probability gray matter = 0.5710
ROI (-9 -45 -45): length = 18mm; probability gray matter = 0.5766
ROI (9 -45 -45): length = 18mm; probability gray matter = 0.5766
ROI (-63 -27 -9): length = 18mm; probability gray matter = 0.5778
ROI (63 -27 -9): length = 18mm; probability gray matter = 0.5778
ROI (-9 -81 9): length = 18mm; probability gray matter = 0.5822
ROI (9 -81 9): length = 18mm; probability gray matter = 0.5822
ROI (-9 -45 45): length = 18mm; probability gray matter = 0.5841
ROI (9 -45 45): length = 18mm; probability gray matter = 0.5841
ROI (-45 -63 -45): length = 18mm; probability gray matter = 0.5862
ROI (45 -63 -45): length = 18mm; probability gray matter = 0.5862
ROI (-45 -63 -9): length = 18mm; probability gray matter = 0.5935
ROI (45 -63 -9): length = 18mm; probability gray matter = 0.5935
ROI (-27 -63 -9): length = 18mm; probability gray matter = 0.5947
ROI (27 -63 -9): length = 18mm; probability gray matter = 0.5947
ROI (-45 9 -27): length = 18mm; probability gray matter = 0.5999
ROI (45 9 -27): length = 18mm; probability gray matter = 0.5999
ROI (-45 9 9): length = 18mm; probability gray matter = 0.6121
ROI (45 9 9): length = 18mm; probability gray matter = 0.6121
ROI (-27 -9 -9): length = 18mm; probability gray matter = 0.6128
ROI (27 -9 -9): length = 18mm; probability gray matter = 0.6128
ROI (-27 -63 -45): length = 18mm; probability gray matter = 0.6142
ROI (27 -63 -45): length = 18mm; probability gray matter = 0.6142
ROI (-45 -9 -9): length = 18mm; probability gray matter = 0.6195
ROI (45 -9 -9): length = 18mm; probability gray matter = 0.6195
ROI (-9 -45 -27): length = 18mm; probability gray matter = 0.6209
ROI (9 -45 -27): length = 18mm; probability gray matter = 0.6209
ROI (-9 -81 -9): length = 18mm; probability gray matter = 0.6314
ROI (9 -81 -9): length = 18mm; probability gray matter = 0.6314
ROI (-27 9 -27): length = 18mm; probability gray matter = 0.6336
ROI (27 9 -27): length = 18mm; probability gray matter = 0.6336
ROI (-27 -27 -27): length = 18mm; probability gray matter = 0.6361
ROI (27 -27 -27): length = 18mm; probability gray matter = 0.6361
ROI (-9 -63 27): length = 18mm; probability gray matter = 0.6446
ROI (9 -63 27): length = 18mm; probability gray matter = 0.6446
ROI (-27 -45 -9): length = 18mm; probability gray matter = 0.6455
ROI (27 -45 -9): length = 18mm; probability gray matter = 0.6455
ROI (-9 -45 -9): length = 18mm; probability gray matter = 0.6485
ROI (9 -45 -9): length = 18mm; probability gray matter = 0.6485
ROI (-45 -9 9): length = 18mm; probability gray matter = 0.6784
ROI (45 -9 9): length = 18mm; probability gray matter = 0.6784
ROI (-9 9 -9): length = 18mm; probability gray matter = 0.6796
ROI (9 9 -9): length = 18mm; probability gray matter = 0.6796
ROI (-45 9 -9): length = 18mm; probability gray matter = 0.6842
ROI (45 9 -9): length = 18mm; probability gray matter = 0.6842
ROI (-9 -63 9): length = 18mm; probability gray matter = 0.6883
ROI (9 -63 9): length = 18mm; probability gray matter = 0.6883
ROI (-45 -45 -27): length = 18mm; probability gray matter = 0.6910
ROI (45 -45 -27): length = 18mm; probability gray matter = 0.6910
ROI (-9 -81 -27): length = 18mm; probability gray matter = 0.6944
ROI (9 -81 -27): length = 18mm; probability gray matter = 0.6944
ROI (-9 -63 -45): length = 18mm; probability gray matter = 0.7011
ROI (9 -63 -45): length = 18mm; probability gray matter = 0.7011
ROI (-27 -81 -27): length = 18mm; probability gray matter = 0.7179
ROI (27 -81 -27): length = 18mm; probability gray matter = 0.7179
ROI (-45 -63 -27): length = 18mm; probability gray matter = 0.7201
ROI (45 -63 -27): length = 18mm; probability gray matter = 0.7201
ROI (-9 -63 -9): length = 18mm; probability gray matter = 0.7261
ROI (9 -63 -9): length = 18mm; probability gray matter = 0.7261
ROI (-9 -63 -27): length = 18mm; probability gray matter = 0.7342
ROI (9 -63 -27): length = 18mm; probability gray matter = 0.7342
ROI (-27 -9 -27): length = 18mm; probability gray matter = 0.7404
ROI (27 -9 -27): length = 18mm; probability gray matter = 0.7404
ROI (-27 -45 -27): length = 18mm; probability gray matter = 0.7554
ROI (27 -45 -27): length = 18mm; probability gray matter = 0.7554
ROI (-27 9 -9): length = 18mm; probability gray matter = 0.7639
ROI (27 9 -9): length = 18mm; probability gray matter = 0.7639
ROI (-27 -63 -27): length = 18mm; probability gray matter = 0.7908
ROI (27 -63 -27): length = 18mm; probability gray matter = 0.7908
