ROI (-72 -40 -24): length = 16mm; probability gray matter = 0.1016
ROI (72 -40 -24): length = 16mm; probability gray matter = 0.1016
ROI (-72 -56 -8): length = 16mm; probability gray matter = 0.1032
ROI (72 -56 -8): length = 16mm; probability gray matter = 0.1032
ROI (-24 -8 -56): length = 16mm; probability gray matter = 0.1047
ROI (24 -8 -56): length = 16mm; probability gray matter = 0.1047
ROI (-72 -24 40): length = 16mm; probability gray matter = 0.1083
ROI (72 -24 40): length = 16mm; probability gray matter = 0.1083
ROI (-40 -88 40): length = 16mm; probability gray matter = 0.1126
ROI (40 -88 40): length = 16mm; probability gray matter = 0.1126
ROI (-72 -8 -24): length = 16mm; probability gray matter = 0.1172
ROI (72 -8 -24): length = 16mm; probability gray matter = 0.1172
ROI (-40 -8 72): length = 16mm; probability gray matter = 0.1182
ROI (40 -8 72): length = 16mm; probability gray matter = 0.1182
ROI (-72 -56 8): length = 16mm; probability gray matter = 0.1184
ROI (72 -56 8): length = 16mm; probability gray matter = 0.1184
ROI (-24 -24 40): length = 16mm; probability gray matter = 0.1186
ROI (24 -24 40): length = 16mm; probability gray matter = 0.1186
ROI (-24 24 24): length = 16mm; probability gray matter = 0.1190
ROI (24 24 24): length = 16mm; probability gray matter = 0.1190
ROI (-40 -40 -56): length = 16mm; probability gray matter = 0.1208
ROI (40 -40 -56): length = 16mm; probability gray matter = 0.1208
ROI (-56 -56 56): length = 16mm; probability gray matter = 0.1274
ROI (56 -56 56): length = 16mm; probability gray matter = 0.1274
ROI (-24 -8 40): length = 16mm; probability gray matter = 0.1277
ROI (24 -8 40): length = 16mm; probability gray matter = 0.1277
ROI (-24 8 24): length = 16mm; probability gray matter = 0.1279
ROI (24 8 24): length = 16mm; probability gray matter = 0.1279
ROI (-24 -8 24): length = 16mm; probability gray matter = 0.1280
ROI (24 -8 24): length = 16mm; probability gray matter = 0.1280
ROI (-8 24 72): length = 16mm; probability gray matter = 0.1302
ROI (8 24 72): length = 16mm; probability gray matter = 0.1302
ROI (-8 72 24): length = 16mm; probability gray matter = 0.1341
ROI (8 72 24): length = 16mm; probability gray matter = 0.1341
ROI (-24 -24 24): length = 16mm; probability gray matter = 0.1353
ROI (24 -24 24): length = 16mm; probability gray matter = 0.1353
ROI (-24 -24 -56): length = 16mm; probability gray matter = 0.1360
ROI (24 -24 -56): length = 16mm; probability gray matter = 0.1360
ROI (-40 -40 72): length = 16mm; probability gray matter = 0.1362
ROI (40 -40 72): length = 16mm; probability gray matter = 0.1362
ROI (-8 -8 -56): length = 16mm; probability gray matter = 0.1379
ROI (8 -8 -56): length = 16mm; probability gray matter = 0.1379
ROI (-24 40 8): length = 16mm; probability gray matter = 0.1418
ROI (24 40 8): length = 16mm; probability gray matter = 0.1418
ROI (-56 -72 -40): length = 16mm; probability gray matter = 0.1422
ROI (56 -72 -40): length = 16mm; probability gray matter = 0.1422
ROI (-24 56 -24): length = 16mm; probability gray matter = 0.1447
ROI (24 56 -24): length = 16mm; probability gray matter = 0.1447
ROI (-72 -8 24): length = 16mm; probability gray matter = 0.1450
ROI (72 -8 24): length = 16mm; probability gray matter = 0.1450
ROI (-40 24 -40): length = 16mm; probability gray matter = 0.1459
ROI (40 24 -40): length = 16mm; probability gray matter = 0.1459
ROI (-56 40 24): length = 16mm; probability gray matter = 0.1469
ROI (56 40 24): length = 16mm; probability gray matter = 0.1469
ROI (-40 40 -24): length = 16mm; probability gray matter = 0.1487
ROI (40 40 -24): length = 16mm; probability gray matter = 0.1487
ROI (-72 -8 -8): length = 16mm; probability gray matter = 0.1538
ROI (72 -8 -8): length = 16mm; probability gray matter = 0.1538
ROI (-72 -8 8): length = 16mm; probability gray matter = 0.1557
ROI (72 -8 8): length = 16mm; probability gray matter = 0.1557
ROI (-56 -72 40): length = 16mm; probability gray matter = 0.1560
ROI (56 -72 40): length = 16mm; probability gray matter = 0.1560
ROI (-56 24 40): length = 16mm; probability gray matter = 0.1581
ROI (56 24 40): length = 16mm; probability gray matter = 0.1581
ROI (-56 -24 -40): length = 16mm; probability gray matter = 0.1606
ROI (56 -24 -40): length = 16mm; probability gray matter = 0.1606
ROI (-40 -88 -40): length = 16mm; probability gray matter = 0.1628
ROI (40 -88 -40): length = 16mm; probability gray matter = 0.1628
ROI (-40 -24 72): length = 16mm; probability gray matter = 0.1633
ROI (40 -24 72): length = 16mm; probability gray matter = 0.1633
ROI (-24 72 -8): length = 16mm; probability gray matter = 0.1673
ROI (24 72 -8): length = 16mm; probability gray matter = 0.1673
ROI (-56 -72 -24): length = 16mm; probability gray matter = 0.1705
ROI (56 -72 -24): length = 16mm; probability gray matter = 0.1705
ROI (-40 -72 56): length = 16mm; probability gray matter = 0.1706
ROI (40 -72 56): length = 16mm; probability gray matter = 0.1706
ROI (-72 -24 -24): length = 16mm; probability gray matter = 0.1759
ROI (72 -24 -24): length = 16mm; probability gray matter = 0.1759
ROI (-56 -8 56): length = 16mm; probability gray matter = 0.1795
ROI (56 -8 56): length = 16mm; probability gray matter = 0.1795
ROI (-24 40 56): length = 16mm; probability gray matter = 0.1803
ROI (24 40 56): length = 16mm; probability gray matter = 0.1803
ROI (-72 -40 24): length = 16mm; probability gray matter = 0.1854
ROI (72 -40 24): length = 16mm; probability gray matter = 0.1854
ROI (-72 -24 24): length = 16mm; probability gray matter = 0.1946
ROI (72 -24 24): length = 16mm; probability gray matter = 0.1946
ROI (-24 72 8): length = 16mm; probability gray matter = 0.1954
ROI (24 72 8): length = 16mm; probability gray matter = 0.1954
ROI (-24 -104 8): length = 16mm; probability gray matter = 0.1979
ROI (24 -104 8): length = 16mm; probability gray matter = 0.1979
ROI (-24 8 40): length = 16mm; probability gray matter = 0.2006
ROI (24 8 40): length = 16mm; probability gray matter = 0.2006
ROI (-24 -40 40): length = 16mm; probability gray matter = 0.2024
ROI (24 -40 40): length = 16mm; probability gray matter = 0.2024
ROI (-24 -104 -8): length = 16mm; probability gray matter = 0.2026
ROI (24 -104 -8): length = 16mm; probability gray matter = 0.2026
ROI (-24 56 40): length = 16mm; probability gray matter = 0.2037
ROI (24 56 40): length = 16mm; probability gray matter = 0.2037
ROI (-56 40 -8): length = 16mm; probability gray matter = 0.2171
ROI (56 40 -8): length = 16mm; probability gray matter = 0.2171
ROI (-8 -104 -8): length = 16mm; probability gray matter = 0.2222
ROI (8 -104 -8): length = 16mm; probability gray matter = 0.2222
ROI (-24 8 72): length = 16mm; probability gray matter = 0.2238
ROI (24 8 72): length = 16mm; probability gray matter = 0.2238
ROI (-56 8 -40): length = 16mm; probability gray matter = 0.2243
ROI (56 8 -40): length = 16mm; probability gray matter = 0.2243
ROI (-40 24 56): length = 16mm; probability gray matter = 0.2273
ROI (40 24 56): length = 16mm; probability gray matter = 0.2273
ROI (-24 -56 24): length = 16mm; probability gray matter = 0.2276
ROI (24 -56 24): length = 16mm; probability gray matter = 0.2276
ROI (-8 -104 8): length = 16mm; probability gray matter = 0.2282
ROI (8 -104 8): length = 16mm; probability gray matter = 0.2282
ROI (-8 72 -8): length = 16mm; probability gray matter = 0.2314
ROI (8 72 -8): length = 16mm; probability gray matter = 0.2314
ROI (-40 56 24): length = 16mm; probability gray matter = 0.2381
ROI (40 56 24): length = 16mm; probability gray matter = 0.2381
ROI (-40 -88 -24): length = 16mm; probability gray matter = 0.2411
ROI (40 -88 -24): length = 16mm; probability gray matter = 0.2411
ROI (-40 -24 -40): length = 16mm; probability gray matter = 0.2429
ROI (40 -24 -40): length = 16mm; probability gray matter = 0.2429
ROI (-56 -40 56): length = 16mm; probability gray matter = 0.2446
ROI (56 -40 56): length = 16mm; probability gray matter = 0.2446
ROI (-8 -24 -56): length = 16mm; probability gray matter = 0.2485
ROI (8 -24 -56): length = 16mm; probability gray matter = 0.2485
ROI (-8 -8 -40): length = 16mm; probability gray matter = 0.2497
ROI (8 -8 -40): length = 16mm; probability gray matter = 0.2497
ROI (-40 -40 24): length = 16mm; probability gray matter = 0.2542
ROI (40 -40 24): length = 16mm; probability gray matter = 0.2542
ROI (-72 -24 8): length = 16mm; probability gray matter = 0.2551
ROI (72 -24 8): length = 16mm; probability gray matter = 0.2551
ROI (-56 40 8): length = 16mm; probability gray matter = 0.2558
ROI (56 40 8): length = 16mm; probability gray matter = 0.2558
ROI (-56 24 -8): length = 16mm; probability gray matter = 0.2576
ROI (56 24 -8): length = 16mm; probability gray matter = 0.2576
ROI (-56 -24 56): length = 16mm; probability gray matter = 0.2577
ROI (56 -24 56): length = 16mm; probability gray matter = 0.2577
ROI (-8 72 8): length = 16mm; probability gray matter = 0.2581
ROI (8 72 8): length = 16mm; probability gray matter = 0.2581
ROI (-24 -56 72): length = 16mm; probability gray matter = 0.2598
ROI (24 -56 72): length = 16mm; probability gray matter = 0.2598
ROI (-72 -40 8): length = 16mm; probability gray matter = 0.2615
ROI (72 -40 8): length = 16mm; probability gray matter = 0.2615
ROI (-72 -40 -8): length = 16mm; probability gray matter = 0.2618
ROI (72 -40 -8): length = 16mm; probability gray matter = 0.2618
ROI (-40 -40 8): length = 16mm; probability gray matter = 0.2632
ROI (40 -40 8): length = 16mm; probability gray matter = 0.2632
ROI (-40 -8 24): length = 16mm; probability gray matter = 0.2690
ROI (40 -8 24): length = 16mm; probability gray matter = 0.2690
ROI (-24 40 -24): length = 16mm; probability gray matter = 0.2780
ROI (24 40 -24): length = 16mm; probability gray matter = 0.2780
ROI (-24 -88 40): length = 16mm; probability gray matter = 0.2790
ROI (24 -88 40): length = 16mm; probability gray matter = 0.2790
ROI (-56 -56 -40): length = 16mm; probability gray matter = 0.2835
ROI (56 -56 -40): length = 16mm; probability gray matter = 0.2835
ROI (-24 40 -8): length = 16mm; probability gray matter = 0.2851
ROI (24 40 -8): length = 16mm; probability gray matter = 0.2851
ROI (-72 -24 -8): length = 16mm; probability gray matter = 0.2858
ROI (72 -24 -8): length = 16mm; probability gray matter = 0.2858
ROI (-24 24 8): length = 16mm; probability gray matter = 0.2870
ROI (24 24 8): length = 16mm; probability gray matter = 0.2870
ROI (-24 -24 -40): length = 16mm; probability gray matter = 0.2891
ROI (24 -24 -40): length = 16mm; probability gray matter = 0.2891
ROI (-8 -88 40): length = 16mm; probability gray matter = 0.2895
ROI (8 -88 40): length = 16mm; probability gray matter = 0.2895
ROI (-40 -56 8): length = 16mm; probability gray matter = 0.2925
ROI (40 -56 8): length = 16mm; probability gray matter = 0.2925
ROI (-24 -40 8): length = 16mm; probability gray matter = 0.2927
ROI (24 -40 8): length = 16mm; probability gray matter = 0.2927
ROI (-8 24 8): length = 16mm; probability gray matter = 0.2943
ROI (8 24 8): length = 16mm; probability gray matter = 0.2943
ROI (-8 -8 24): length = 16mm; probability gray matter = 0.3032
ROI (8 -8 24): length = 16mm; probability gray matter = 0.3032
ROI (-8 -24 24): length = 16mm; probability gray matter = 0.3049
ROI (8 -24 24): length = 16mm; probability gray matter = 0.3049
ROI (-40 -72 -56): length = 16mm; probability gray matter = 0.3056
ROI (40 -72 -56): length = 16mm; probability gray matter = 0.3056
ROI (-8 8 24): length = 16mm; probability gray matter = 0.3064
ROI (8 8 24): length = 16mm; probability gray matter = 0.3064
ROI (-8 -56 72): length = 16mm; probability gray matter = 0.3066
ROI (8 -56 72): length = 16mm; probability gray matter = 0.3066
ROI (-40 40 40): length = 16mm; probability gray matter = 0.3075
ROI (40 40 40): length = 16mm; probability gray matter = 0.3075
ROI (-24 -56 40): length = 16mm; probability gray matter = 0.3086
ROI (24 -56 40): length = 16mm; probability gray matter = 0.3086
ROI (-40 -88 24): length = 16mm; probability gray matter = 0.3090
ROI (40 -88 24): length = 16mm; probability gray matter = 0.3090
ROI (-24 -72 8): length = 16mm; probability gray matter = 0.3146
ROI (24 -72 8): length = 16mm; probability gray matter = 0.3146
ROI (-24 -24 56): length = 16mm; probability gray matter = 0.3181
ROI (24 -24 56): length = 16mm; probability gray matter = 0.3181
ROI (-24 -24 8): length = 16mm; probability gray matter = 0.3243
ROI (24 -24 8): length = 16mm; probability gray matter = 0.3243
ROI (-8 -72 -56): length = 16mm; probability gray matter = 0.3246
ROI (8 -72 -56): length = 16mm; probability gray matter = 0.3246
ROI (-56 -72 24): length = 16mm; probability gray matter = 0.3257
ROI (56 -72 24): length = 16mm; probability gray matter = 0.3257
ROI (-8 40 56): length = 16mm; probability gray matter = 0.3291
ROI (8 40 56): length = 16mm; probability gray matter = 0.3291
ROI (-40 -40 -8): length = 16mm; probability gray matter = 0.3365
ROI (40 -40 -8): length = 16mm; probability gray matter = 0.3365
ROI (-8 56 40): length = 16mm; probability gray matter = 0.3375
ROI (8 56 40): length = 16mm; probability gray matter = 0.3375
ROI (-24 -24 72): length = 16mm; probability gray matter = 0.3380
ROI (24 -24 72): length = 16mm; probability gray matter = 0.3380
ROI (-24 -40 72): length = 16mm; probability gray matter = 0.3413
ROI (24 -40 72): length = 16mm; probability gray matter = 0.3413
ROI (-56 -72 -8): length = 16mm; probability gray matter = 0.3456
ROI (56 -72 -8): length = 16mm; probability gray matter = 0.3456
ROI (-24 -8 72): length = 16mm; probability gray matter = 0.3461
ROI (24 -8 72): length = 16mm; probability gray matter = 0.3461
ROI (-40 -56 24): length = 16mm; probability gray matter = 0.3467
ROI (40 -56 24): length = 16mm; probability gray matter = 0.3467
ROI (-8 -8 -24): length = 16mm; probability gray matter = 0.3503
ROI (8 -8 -24): length = 16mm; probability gray matter = 0.3503
ROI (-40 -24 24): length = 16mm; probability gray matter = 0.3518
ROI (40 -24 24): length = 16mm; probability gray matter = 0.3518
ROI (-24 -40 -56): length = 16mm; probability gray matter = 0.3530
ROI (24 -40 -56): length = 16mm; probability gray matter = 0.3530
ROI (-8 -40 8): length = 16mm; probability gray matter = 0.3535
ROI (8 -40 8): length = 16mm; probability gray matter = 0.3535
ROI (-24 40 24): length = 16mm; probability gray matter = 0.3539
ROI (24 40 24): length = 16mm; probability gray matter = 0.3539
ROI (-8 8 72): length = 16mm; probability gray matter = 0.3542
ROI (8 8 72): length = 16mm; probability gray matter = 0.3542
ROI (-24 -72 56): length = 16mm; probability gray matter = 0.3627
ROI (24 -72 56): length = 16mm; probability gray matter = 0.3627
ROI (-56 8 40): length = 16mm; probability gray matter = 0.3663
ROI (56 8 40): length = 16mm; probability gray matter = 0.3663
ROI (-8 -40 24): length = 16mm; probability gray matter = 0.3666
ROI (8 -40 24): length = 16mm; probability gray matter = 0.3666
ROI (-40 -24 40): length = 16mm; probability gray matter = 0.3707
ROI (40 -24 40): length = 16mm; probability gray matter = 0.3707
ROI (-24 -88 8): length = 16mm; probability gray matter = 0.3768
ROI (24 -88 8): length = 16mm; probability gray matter = 0.3768
ROI (-56 24 24): length = 16mm; probability gray matter = 0.3768
ROI (56 24 24): length = 16mm; probability gray matter = 0.3768
ROI (-24 -8 8): length = 16mm; probability gray matter = 0.3774
ROI (24 -8 8): length = 16mm; probability gray matter = 0.3774
ROI (-24 -40 56): length = 16mm; probability gray matter = 0.3788
ROI (24 -40 56): length = 16mm; probability gray matter = 0.3788
ROI (-8 -24 -40): length = 16mm; probability gray matter = 0.3813
ROI (8 -24 -40): length = 16mm; probability gray matter = 0.3813
ROI (-40 -8 40): length = 16mm; probability gray matter = 0.3842
ROI (40 -8 40): length = 16mm; probability gray matter = 0.3842
ROI (-56 -8 -40): length = 16mm; probability gray matter = 0.3845
ROI (56 -8 -40): length = 16mm; probability gray matter = 0.3845
ROI (-40 -40 -40): length = 16mm; probability gray matter = 0.3884
ROI (40 -40 -40): length = 16mm; probability gray matter = 0.3884
ROI (-56 -72 8): length = 16mm; probability gray matter = 0.3897
ROI (56 -72 8): length = 16mm; probability gray matter = 0.3897
ROI (-8 -88 -40): length = 16mm; probability gray matter = 0.3914
ROI (8 -88 -40): length = 16mm; probability gray matter = 0.3914
ROI (-40 -88 -8): length = 16mm; probability gray matter = 0.3919
ROI (40 -88 -8): length = 16mm; probability gray matter = 0.3919
ROI (-8 56 -24): length = 16mm; probability gray matter = 0.3924
ROI (8 56 -24): length = 16mm; probability gray matter = 0.3924
ROI (-40 -24 -8): length = 16mm; probability gray matter = 0.3979
ROI (40 -24 -8): length = 16mm; probability gray matter = 0.3979
ROI (-24 -56 -40): length = 16mm; probability gray matter = 0.3986
ROI (24 -56 -40): length = 16mm; probability gray matter = 0.3986
ROI (-40 24 -24): length = 16mm; probability gray matter = 0.4022
ROI (40 24 -24): length = 16mm; probability gray matter = 0.4022
ROI (-40 56 -8): length = 16mm; probability gray matter = 0.4044
ROI (40 56 -8): length = 16mm; probability gray matter = 0.4044
ROI (-24 24 40): length = 16mm; probability gray matter = 0.4065
ROI (24 24 40): length = 16mm; probability gray matter = 0.4065
ROI (-24 -72 24): length = 16mm; probability gray matter = 0.4067
ROI (24 -72 24): length = 16mm; probability gray matter = 0.4067
ROI (-24 -56 8): length = 16mm; probability gray matter = 0.4094
ROI (24 -56 8): length = 16mm; probability gray matter = 0.4094
ROI (-40 8 24): length = 16mm; probability gray matter = 0.4107
ROI (40 8 24): length = 16mm; probability gray matter = 0.4107
ROI (-40 -88 8): length = 16mm; probability gray matter = 0.4115
ROI (40 -88 8): length = 16mm; probability gray matter = 0.4115
ROI (-8 -72 56): length = 16mm; probability gray matter = 0.4149
ROI (8 -72 56): length = 16mm; probability gray matter = 0.4149
ROI (-8 -40 72): length = 16mm; probability gray matter = 0.4159
ROI (8 -40 72): length = 16mm; probability gray matter = 0.4159
ROI (-8 8 -24): length = 16mm; probability gray matter = 0.4164
ROI (8 8 -24): length = 16mm; probability gray matter = 0.4164
ROI (-40 56 8): length = 16mm; probability gray matter = 0.4211
ROI (40 56 8): length = 16mm; probability gray matter = 0.4211
ROI (-56 24 8): length = 16mm; probability gray matter = 0.4251
ROI (56 24 8): length = 16mm; probability gray matter = 0.4251
ROI (-8 8 8): length = 16mm; probability gray matter = 0.4258
ROI (8 8 8): length = 16mm; probability gray matter = 0.4258
ROI (-8 -24 72): length = 16mm; probability gray matter = 0.4316
ROI (8 -24 72): length = 16mm; probability gray matter = 0.4316
ROI (-8 -40 -56): length = 16mm; probability gray matter = 0.4326
ROI (8 -40 -56): length = 16mm; probability gray matter = 0.4326
ROI (-40 -56 56): length = 16mm; probability gray matter = 0.4330
ROI (40 -56 56): length = 16mm; probability gray matter = 0.4330
ROI (-24 -40 -40): length = 16mm; probability gray matter = 0.4330
ROI (24 -40 -40): length = 16mm; probability gray matter = 0.4330
ROI (-40 -56 -56): length = 16mm; probability gray matter = 0.4359
ROI (40 -56 -56): length = 16mm; probability gray matter = 0.4359
ROI (-40 8 56): length = 16mm; probability gray matter = 0.4367
ROI (40 8 56): length = 16mm; probability gray matter = 0.4367
ROI (-24 24 -24): length = 16mm; probability gray matter = 0.4387
ROI (24 24 -24): length = 16mm; probability gray matter = 0.4387
ROI (-40 -40 40): length = 16mm; probability gray matter = 0.4420
ROI (40 -40 40): length = 16mm; probability gray matter = 0.4420
ROI (-24 -56 56): length = 16mm; probability gray matter = 0.4428
ROI (24 -56 56): length = 16mm; probability gray matter = 0.4428
ROI (-24 -88 -40): length = 16mm; probability gray matter = 0.4434
ROI (24 -88 -40): length = 16mm; probability gray matter = 0.4434
ROI (-24 -88 24): length = 16mm; probability gray matter = 0.4445
ROI (24 -88 24): length = 16mm; probability gray matter = 0.4445
ROI (-40 -72 8): length = 16mm; probability gray matter = 0.4448
ROI (40 -72 8): length = 16mm; probability gray matter = 0.4448
ROI (-8 -8 72): length = 16mm; probability gray matter = 0.4521
ROI (8 -8 72): length = 16mm; probability gray matter = 0.4521
ROI (-40 -24 56): length = 16mm; probability gray matter = 0.4523
ROI (40 -24 56): length = 16mm; probability gray matter = 0.4523
ROI (-24 24 -8): length = 16mm; probability gray matter = 0.4527
ROI (24 24 -8): length = 16mm; probability gray matter = 0.4527
ROI (-24 56 -8): length = 16mm; probability gray matter = 0.4530
ROI (24 56 -8): length = 16mm; probability gray matter = 0.4530
ROI (-40 24 24): length = 16mm; probability gray matter = 0.4530
ROI (40 24 24): length = 16mm; probability gray matter = 0.4530
ROI (-56 8 -24): length = 16mm; probability gray matter = 0.4542
ROI (56 8 -24): length = 16mm; probability gray matter = 0.4542
ROI (-24 -8 56): length = 16mm; probability gray matter = 0.4552
ROI (24 -8 56): length = 16mm; probability gray matter = 0.4552
ROI (-40 -56 -8): length = 16mm; probability gray matter = 0.4579
ROI (40 -56 -8): length = 16mm; probability gray matter = 0.4579
ROI (-56 -56 40): length = 16mm; probability gray matter = 0.4596
ROI (56 -56 40): length = 16mm; probability gray matter = 0.4596
ROI (-8 24 24): length = 16mm; probability gray matter = 0.4597
ROI (8 24 24): length = 16mm; probability gray matter = 0.4597
ROI (-24 56 8): length = 16mm; probability gray matter = 0.4598
ROI (24 56 8): length = 16mm; probability gray matter = 0.4598
ROI (-8 -24 56): length = 16mm; probability gray matter = 0.4646
ROI (8 -24 56): length = 16mm; probability gray matter = 0.4646
ROI (-8 -24 -24): length = 16mm; probability gray matter = 0.4682
ROI (8 -24 -24): length = 16mm; probability gray matter = 0.4682
ROI (-24 -24 -8): length = 16mm; probability gray matter = 0.4697
ROI (24 -24 -8): length = 16mm; probability gray matter = 0.4697
ROI (-24 -88 -8): length = 16mm; probability gray matter = 0.4706
ROI (24 -88 -8): length = 16mm; probability gray matter = 0.4706
ROI (-24 24 56): length = 16mm; probability gray matter = 0.4720
ROI (24 24 56): length = 16mm; probability gray matter = 0.4720
ROI (-40 40 8): length = 16mm; probability gray matter = 0.4732
ROI (40 40 8): length = 16mm; probability gray matter = 0.4732
ROI (-24 56 24): length = 16mm; probability gray matter = 0.4781
ROI (24 56 24): length = 16mm; probability gray matter = 0.4781
ROI (-8 -88 24): length = 16mm; probability gray matter = 0.4785
ROI (8 -88 24): length = 16mm; probability gray matter = 0.4785
ROI (-40 40 -8): length = 16mm; probability gray matter = 0.4837
ROI (40 40 -8): length = 16mm; probability gray matter = 0.4837
ROI (-56 -56 -24): length = 16mm; probability gray matter = 0.4861
ROI (56 -56 -24): length = 16mm; probability gray matter = 0.4861
ROI (-24 8 -40): length = 16mm; probability gray matter = 0.4875
ROI (24 8 -40): length = 16mm; probability gray matter = 0.4875
ROI (-40 -8 -24): length = 16mm; probability gray matter = 0.4883
ROI (40 -8 -24): length = 16mm; probability gray matter = 0.4883
ROI (-40 -40 56): length = 16mm; probability gray matter = 0.4884
ROI (40 -40 56): length = 16mm; probability gray matter = 0.4884
ROI (-8 -8 -8): length = 16mm; probability gray matter = 0.4888
ROI (8 -8 -8): length = 16mm; probability gray matter = 0.4888
ROI (-56 -8 24): length = 16mm; probability gray matter = 0.4896
ROI (56 -8 24): length = 16mm; probability gray matter = 0.4896
ROI (-56 -8 40): length = 16mm; probability gray matter = 0.4906
ROI (56 -8 40): length = 16mm; probability gray matter = 0.4906
ROI (-40 -8 56): length = 16mm; probability gray matter = 0.4918
ROI (40 -8 56): length = 16mm; probability gray matter = 0.4918
ROI (-40 -56 40): length = 16mm; probability gray matter = 0.4952
ROI (40 -56 40): length = 16mm; probability gray matter = 0.4952
ROI (-40 -72 40): length = 16mm; probability gray matter = 0.4988
ROI (40 -72 40): length = 16mm; probability gray matter = 0.4988
ROI (-8 -40 -40): length = 16mm; probability gray matter = 0.5039
ROI (8 -40 -40): length = 16mm; probability gray matter = 0.5039
ROI (-8 -8 56): length = 16mm; probability gray matter = 0.5095
ROI (8 -8 56): length = 16mm; probability gray matter = 0.5095
ROI (-24 -72 -56): length = 16mm; probability gray matter = 0.5103
ROI (24 -72 -56): length = 16mm; probability gray matter = 0.5103
ROI (-40 8 40): length = 16mm; probability gray matter = 0.5104
ROI (40 8 40): length = 16mm; probability gray matter = 0.5104
ROI (-24 -72 40): length = 16mm; probability gray matter = 0.5110
ROI (24 -72 40): length = 16mm; probability gray matter = 0.5110
ROI (-8 40 40): length = 16mm; probability gray matter = 0.5139
ROI (8 40 40): length = 16mm; probability gray matter = 0.5139
ROI (-40 24 40): length = 16mm; probability gray matter = 0.5142
ROI (40 24 40): length = 16mm; probability gray matter = 0.5142
ROI (-8 56 24): length = 16mm; probability gray matter = 0.5159
ROI (8 56 24): length = 16mm; probability gray matter = 0.5159
ROI (-40 24 8): length = 16mm; probability gray matter = 0.5186
ROI (40 24 8): length = 16mm; probability gray matter = 0.5186
ROI (-40 -72 24): length = 16mm; probability gray matter = 0.5190
ROI (40 -72 24): length = 16mm; probability gray matter = 0.5190
ROI (-56 8 -8): length = 16mm; probability gray matter = 0.5195
ROI (56 8 -8): length = 16mm; probability gray matter = 0.5195
ROI (-8 -8 40): length = 16mm; probability gray matter = 0.5205
ROI (8 -8 40): length = 16mm; probability gray matter = 0.5205
ROI (-56 8 24): length = 16mm; probability gray matter = 0.5220
ROI (56 8 24): length = 16mm; probability gray matter = 0.5220
ROI (-24 8 56): length = 16mm; probability gray matter = 0.5221
ROI (24 8 56): length = 16mm; probability gray matter = 0.5221
ROI (-24 8 8): length = 16mm; probability gray matter = 0.5259
ROI (24 8 8): length = 16mm; probability gray matter = 0.5259
ROI (-56 -24 40): length = 16mm; probability gray matter = 0.5269
ROI (56 -24 40): length = 16mm; probability gray matter = 0.5269
ROI (-8 24 56): length = 16mm; probability gray matter = 0.5272
ROI (8 24 56): length = 16mm; probability gray matter = 0.5272
ROI (-24 40 40): length = 16mm; probability gray matter = 0.5274
ROI (24 40 40): length = 16mm; probability gray matter = 0.5274
ROI (-8 -88 -24): length = 16mm; probability gray matter = 0.5279
ROI (8 -88 -24): length = 16mm; probability gray matter = 0.5279
ROI (-56 -40 40): length = 16mm; probability gray matter = 0.5309
ROI (56 -40 40): length = 16mm; probability gray matter = 0.5309
ROI (-40 40 24): length = 16mm; probability gray matter = 0.5312
ROI (40 40 24): length = 16mm; probability gray matter = 0.5312
ROI (-8 -40 56): length = 16mm; probability gray matter = 0.5319
ROI (8 -40 56): length = 16mm; probability gray matter = 0.5319
ROI (-8 40 8): length = 16mm; probability gray matter = 0.5328
ROI (8 40 8): length = 16mm; probability gray matter = 0.5328
ROI (-40 -72 -8): length = 16mm; probability gray matter = 0.5330
ROI (40 -72 -8): length = 16mm; probability gray matter = 0.5330
ROI (-8 24 40): length = 16mm; probability gray matter = 0.5335
ROI (8 24 40): length = 16mm; probability gray matter = 0.5335
ROI (-8 8 40): length = 16mm; probability gray matter = 0.5339
ROI (8 8 40): length = 16mm; probability gray matter = 0.5339
ROI (-8 8 56): length = 16mm; probability gray matter = 0.5343
ROI (8 8 56): length = 16mm; probability gray matter = 0.5343
ROI (-8 24 -8): length = 16mm; probability gray matter = 0.5349
ROI (8 24 -8): length = 16mm; probability gray matter = 0.5349
ROI (-40 -24 8): length = 16mm; probability gray matter = 0.5492
ROI (40 -24 8): length = 16mm; probability gray matter = 0.5492
ROI (-8 56 8): length = 16mm; probability gray matter = 0.5505
ROI (8 56 8): length = 16mm; probability gray matter = 0.5505
ROI (-8 56 -8): length = 16mm; probability gray matter = 0.5526
ROI (8 56 -8): length = 16mm; probability gray matter = 0.5526
ROI (-8 -40 -8): length = 16mm; probability gray matter = 0.5536
ROI (8 -40 -8): length = 16mm; probability gray matter = 0.5536
ROI (-8 40 -8): length = 16mm; probability gray matter = 0.5556
ROI (8 40 -8): length = 16mm; probability gray matter = 0.5556
ROI (-24 -72 -8): length = 16mm; probability gray matter = 0.5558
ROI (24 -72 -8): length = 16mm; probability gray matter = 0.5558
ROI (-8 -88 8): length = 16mm; probability gray matter = 0.5577
ROI (8 -88 8): length = 16mm; probability gray matter = 0.5577
ROI (-24 -88 -24): length = 16mm; probability gray matter = 0.5649
ROI (24 -88 -24): length = 16mm; probability gray matter = 0.5649
ROI (-8 -56 56): length = 16mm; probability gray matter = 0.5652
ROI (8 -56 56): length = 16mm; probability gray matter = 0.5652
ROI (-24 -8 -8): length = 16mm; probability gray matter = 0.5657
ROI (24 -8 -8): length = 16mm; probability gray matter = 0.5657
ROI (-56 8 8): length = 16mm; probability gray matter = 0.5659
ROI (56 8 8): length = 16mm; probability gray matter = 0.5659
ROI (-8 40 24): length = 16mm; probability gray matter = 0.5661
ROI (8 40 24): length = 16mm; probability gray matter = 0.5661
ROI (-56 -40 -8): length = 16mm; probability gray matter = 0.5666
ROI (56 -40 -8): length = 16mm; probability gray matter = 0.5666
ROI (-56 -40 -24): length = 16mm; probability gray matter = 0.5666
ROI (56 -40 -24): length = 16mm; probability gray matter = 0.5666
ROI (-8 40 -24): length = 16mm; probability gray matter = 0.5687
ROI (8 40 -24): length = 16mm; probability gray matter = 0.5687
ROI (-56 -24 24): length = 16mm; probability gray matter = 0.5796
ROI (56 -24 24): length = 16mm; probability gray matter = 0.5796
ROI (-8 -24 -8): length = 16mm; probability gray matter = 0.5797
ROI (8 -24 -8): length = 16mm; probability gray matter = 0.5797
ROI (-56 -24 -24): length = 16mm; probability gray matter = 0.5846
ROI (56 -24 -24): length = 16mm; probability gray matter = 0.5846
ROI (-8 24 -24): length = 16mm; probability gray matter = 0.5860
ROI (8 24 -24): length = 16mm; probability gray matter = 0.5860
ROI (-8 -8 8): length = 16mm; probability gray matter = 0.5889
ROI (8 -8 8): length = 16mm; probability gray matter = 0.5889
ROI (-24 -8 -40): length = 16mm; probability gray matter = 0.5940
ROI (24 -8 -40): length = 16mm; probability gray matter = 0.5940
ROI (-8 -88 -8): length = 16mm; probability gray matter = 0.5942
ROI (8 -88 -8): length = 16mm; probability gray matter = 0.5942
ROI (-40 8 -40): length = 16mm; probability gray matter = 0.5949
ROI (40 8 -40): length = 16mm; probability gray matter = 0.5949
ROI (-56 -40 24): length = 16mm; probability gray matter = 0.6000
ROI (56 -40 24): length = 16mm; probability gray matter = 0.6000
ROI (-8 -56 -56): length = 16mm; probability gray matter = 0.6000
ROI (8 -56 -56): length = 16mm; probability gray matter = 0.6000
ROI (-8 -72 40): length = 16mm; probability gray matter = 0.6004
ROI (8 -72 40): length = 16mm; probability gray matter = 0.6004
ROI (-56 -56 24): length = 16mm; probability gray matter = 0.6017
ROI (56 -56 24): length = 16mm; probability gray matter = 0.6017
ROI (-8 -56 40): length = 16mm; probability gray matter = 0.6052
ROI (8 -56 40): length = 16mm; probability gray matter = 0.6052
ROI (-56 -8 -24): length = 16mm; probability gray matter = 0.6059
ROI (56 -8 -24): length = 16mm; probability gray matter = 0.6059
ROI (-8 -24 40): length = 16mm; probability gray matter = 0.6070
ROI (8 -24 40): length = 16mm; probability gray matter = 0.6070
ROI (-56 -56 -8): length = 16mm; probability gray matter = 0.6140
ROI (56 -56 -8): length = 16mm; probability gray matter = 0.6140
ROI (-40 8 -24): length = 16mm; probability gray matter = 0.6142
ROI (40 8 -24): length = 16mm; probability gray matter = 0.6142
ROI (-8 -24 8): length = 16mm; probability gray matter = 0.6150
ROI (8 -24 8): length = 16mm; probability gray matter = 0.6150
ROI (-24 -56 -56): length = 16mm; probability gray matter = 0.6180
ROI (24 -56 -56): length = 16mm; probability gray matter = 0.6180
ROI (-56 -24 -8): length = 16mm; probability gray matter = 0.6223
ROI (56 -24 -8): length = 16mm; probability gray matter = 0.6223
ROI (-40 -24 -24): length = 16mm; probability gray matter = 0.6244
ROI (40 -24 -24): length = 16mm; probability gray matter = 0.6244
ROI (-56 -56 8): length = 16mm; probability gray matter = 0.6275
ROI (56 -56 8): length = 16mm; probability gray matter = 0.6275
ROI (-40 -8 -40): length = 16mm; probability gray matter = 0.6349
ROI (40 -8 -40): length = 16mm; probability gray matter = 0.6349
ROI (-56 -8 8): length = 16mm; probability gray matter = 0.6368
ROI (56 -8 8): length = 16mm; probability gray matter = 0.6368
ROI (-56 -40 8): length = 16mm; probability gray matter = 0.6371
ROI (56 -40 8): length = 16mm; probability gray matter = 0.6371
ROI (-56 -24 8): length = 16mm; probability gray matter = 0.6373
ROI (56 -24 8): length = 16mm; probability gray matter = 0.6373
ROI (-8 -56 24): length = 16mm; probability gray matter = 0.6390
ROI (8 -56 24): length = 16mm; probability gray matter = 0.6390
ROI (-8 -40 -24): length = 16mm; probability gray matter = 0.6429
ROI (8 -40 -24): length = 16mm; probability gray matter = 0.6429
ROI (-40 8 8): length = 16mm; probability gray matter = 0.6468
ROI (40 8 8): length = 16mm; probability gray matter = 0.6468
ROI (-40 24 -8): length = 16mm; probability gray matter = 0.6484
ROI (40 24 -8): length = 16mm; probability gray matter = 0.6484
ROI (-8 -72 24): length = 16mm; probability gray matter = 0.6527
ROI (8 -72 24): length = 16mm; probability gray matter = 0.6527
ROI (-8 -40 40): length = 16mm; probability gray matter = 0.6536
ROI (8 -40 40): length = 16mm; probability gray matter = 0.6536
ROI (-56 -8 -8): length = 16mm; probability gray matter = 0.6548
ROI (56 -8 -8): length = 16mm; probability gray matter = 0.6548
ROI (-8 -56 8): length = 16mm; probability gray matter = 0.6555
ROI (8 -56 8): length = 16mm; probability gray matter = 0.6555
ROI (-8 -56 -40): length = 16mm; probability gray matter = 0.6574
ROI (8 -56 -40): length = 16mm; probability gray matter = 0.6574
ROI (-24 -24 -24): length = 16mm; probability gray matter = 0.6608
ROI (24 -24 -24): length = 16mm; probability gray matter = 0.6608
ROI (-24 -56 -8): length = 16mm; probability gray matter = 0.6670
ROI (24 -56 -8): length = 16mm; probability gray matter = 0.6670
ROI (-8 -72 -8): length = 16mm; probability gray matter = 0.6683
ROI (8 -72 -8): length = 16mm; probability gray matter = 0.6683
ROI (-40 -8 -8): length = 16mm; probability gray matter = 0.6694
ROI (40 -8 -8): length = 16mm; probability gray matter = 0.6694
ROI (-24 8 -24): length = 16mm; probability gray matter = 0.6750
ROI (24 8 -24): length = 16mm; probability gray matter = 0.6750
ROI (-24 -72 -40): length = 16mm; probability gray matter = 0.6808
ROI (24 -72 -40): length = 16mm; probability gray matter = 0.6808
ROI (-8 -72 8): length = 16mm; probability gray matter = 0.6855
ROI (8 -72 8): length = 16mm; probability gray matter = 0.6855
ROI (-40 -72 -40): length = 16mm; probability gray matter = 0.6860
ROI (40 -72 -40): length = 16mm; probability gray matter = 0.6860
ROI (-24 -40 -8): length = 16mm; probability gray matter = 0.6886
ROI (24 -40 -8): length = 16mm; probability gray matter = 0.6886
ROI (-8 8 -8): length = 16mm; probability gray matter = 0.7017
ROI (8 8 -8): length = 16mm; probability gray matter = 0.7017
ROI (-40 -56 -40): length = 16mm; probability gray matter = 0.7094
ROI (40 -56 -40): length = 16mm; probability gray matter = 0.7094
ROI (-8 -72 -40): length = 16mm; probability gray matter = 0.7161
ROI (8 -72 -40): length = 16mm; probability gray matter = 0.7161
ROI (-40 -72 -24): length = 16mm; probability gray matter = 0.7189
ROI (40 -72 -24): length = 16mm; probability gray matter = 0.7189
ROI (-40 -40 -24): length = 16mm; probability gray matter = 0.7247
ROI (40 -40 -24): length = 16mm; probability gray matter = 0.7247
ROI (-40 -8 8): length = 16mm; probability gray matter = 0.7280
ROI (40 -8 8): length = 16mm; probability gray matter = 0.7280
ROI (-40 8 -8): length = 16mm; probability gray matter = 0.7309
ROI (40 8 -8): length = 16mm; probability gray matter = 0.7309
ROI (-8 -56 -8): length = 16mm; probability gray matter = 0.7346
ROI (8 -56 -8): length = 16mm; probability gray matter = 0.7346
ROI (-8 -56 -24): length = 16mm; probability gray matter = 0.7365
ROI (8 -56 -24): length = 16mm; probability gray matter = 0.7365
ROI (-24 8 -8): length = 16mm; probability gray matter = 0.7770
ROI (24 8 -8): length = 16mm; probability gray matter = 0.7770
ROI (-8 -72 -24): length = 16mm; probability gray matter = 0.7859
ROI (8 -72 -24): length = 16mm; probability gray matter = 0.7859
ROI (-24 -8 -24): length = 16mm; probability gray matter = 0.7932
ROI (24 -8 -24): length = 16mm; probability gray matter = 0.7932
ROI (-24 -40 -24): length = 16mm; probability gray matter = 0.8016
ROI (24 -40 -24): length = 16mm; probability gray matter = 0.8016
ROI (-40 -56 -24): length = 16mm; probability gray matter = 0.8294
ROI (40 -56 -24): length = 16mm; probability gray matter = 0.8294
ROI (-24 -56 -24): length = 16mm; probability gray matter = 0.8351
ROI (24 -56 -24): length = 16mm; probability gray matter = 0.8351
ROI (-24 -72 -24): length = 16mm; probability gray matter = 0.8484
ROI (24 -72 -24): length = 16mm; probability gray matter = 0.8484
