ROI (-30 -54 -66): length = 12mm; probability gray matter = 0.1007
ROI (30 -54 -66): length = 12mm; probability gray matter = 0.1007
ROI (-30 -42 78): length = 12mm; probability gray matter = 0.1011
ROI (30 -42 78): length = 12mm; probability gray matter = 0.1011
ROI (-30 66 -18): length = 12mm; probability gray matter = 0.1017
ROI (30 66 -18): length = 12mm; probability gray matter = 0.1017
ROI (-66 -66 -6): length = 12mm; probability gray matter = 0.1028
ROI (66 -66 -6): length = 12mm; probability gray matter = 0.1028
ROI (-66 -54 42): length = 12mm; probability gray matter = 0.1059
ROI (66 -54 42): length = 12mm; probability gray matter = 0.1059
ROI (-18 -42 18): length = 12mm; probability gray matter = 0.1060
ROI (18 -42 18): length = 12mm; probability gray matter = 0.1060
ROI (-18 30 18): length = 12mm; probability gray matter = 0.1073
ROI (18 30 18): length = 12mm; probability gray matter = 0.1073
ROI (-18 6 78): length = 12mm; probability gray matter = 0.1074
ROI (18 6 78): length = 12mm; probability gray matter = 0.1074
ROI (-18 -66 -66): length = 12mm; probability gray matter = 0.1104
ROI (18 -66 -66): length = 12mm; probability gray matter = 0.1104
ROI (-18 -6 -54): length = 12mm; probability gray matter = 0.1119
ROI (18 -6 -54): length = 12mm; probability gray matter = 0.1119
ROI (-30 -30 78): length = 12mm; probability gray matter = 0.1119
ROI (30 -30 78): length = 12mm; probability gray matter = 0.1119
ROI (-66 18 18): length = 12mm; probability gray matter = 0.1119
ROI (66 18 18): length = 12mm; probability gray matter = 0.1119
ROI (-54 30 -18): length = 12mm; probability gray matter = 0.1122
ROI (54 30 -18): length = 12mm; probability gray matter = 0.1122
ROI (-30 54 42): length = 12mm; probability gray matter = 0.1141
ROI (30 54 42): length = 12mm; probability gray matter = 0.1141
ROI (-30 -18 78): length = 12mm; probability gray matter = 0.1146
ROI (30 -18 78): length = 12mm; probability gray matter = 0.1146
ROI (-66 6 -18): length = 12mm; probability gray matter = 0.1147
ROI (66 6 -18): length = 12mm; probability gray matter = 0.1147
ROI (-18 -30 30): length = 12mm; probability gray matter = 0.1159
ROI (18 -30 30): length = 12mm; probability gray matter = 0.1159
ROI (-42 30 54): length = 12mm; probability gray matter = 0.1168
ROI (42 30 54): length = 12mm; probability gray matter = 0.1168
ROI (-66 -66 6): length = 12mm; probability gray matter = 0.1177
ROI (66 -66 6): length = 12mm; probability gray matter = 0.1177
ROI (-42 6 66): length = 12mm; probability gray matter = 0.1187
ROI (42 6 66): length = 12mm; probability gray matter = 0.1187
ROI (-18 18 30): length = 12mm; probability gray matter = 0.1199
ROI (18 18 30): length = 12mm; probability gray matter = 0.1199
ROI (-54 -78 -18): length = 12mm; probability gray matter = 0.1205
ROI (54 -78 -18): length = 12mm; probability gray matter = 0.1205
ROI (-18 -6 30): length = 12mm; probability gray matter = 0.1209
ROI (18 -6 30): length = 12mm; probability gray matter = 0.1209
ROI (-42 54 30): length = 12mm; probability gray matter = 0.1229
ROI (42 54 30): length = 12mm; probability gray matter = 0.1229
ROI (-30 6 -54): length = 12mm; probability gray matter = 0.1260
ROI (30 6 -54): length = 12mm; probability gray matter = 0.1260
ROI (-30 -54 18): length = 12mm; probability gray matter = 0.1266
ROI (30 -54 18): length = 12mm; probability gray matter = 0.1266
ROI (-30 -90 42): length = 12mm; probability gray matter = 0.1271
ROI (30 -90 42): length = 12mm; probability gray matter = 0.1271
ROI (-6 -6 -54): length = 12mm; probability gray matter = 0.1278
ROI (6 -6 -54): length = 12mm; probability gray matter = 0.1278
ROI (-66 -6 42): length = 12mm; probability gray matter = 0.1279
ROI (66 -6 42): length = 12mm; probability gray matter = 0.1279
ROI (-6 -54 -66): length = 12mm; probability gray matter = 0.1286
ROI (6 -54 -66): length = 12mm; probability gray matter = 0.1286
ROI (-42 -90 30): length = 12mm; probability gray matter = 0.1293
ROI (42 -90 30): length = 12mm; probability gray matter = 0.1293
ROI (-6 -54 78): length = 12mm; probability gray matter = 0.1298
ROI (6 -54 78): length = 12mm; probability gray matter = 0.1298
ROI (-18 -18 30): length = 12mm; probability gray matter = 0.1307
ROI (18 -18 30): length = 12mm; probability gray matter = 0.1307
ROI (-42 -6 -54): length = 12mm; probability gray matter = 0.1349
ROI (42 -6 -54): length = 12mm; probability gray matter = 0.1349
ROI (-6 -42 -66): length = 12mm; probability gray matter = 0.1359
ROI (6 -42 -66): length = 12mm; probability gray matter = 0.1359
ROI (-18 30 6): length = 12mm; probability gray matter = 0.1386
ROI (18 30 6): length = 12mm; probability gray matter = 0.1386
ROI (-6 -102 -18): length = 12mm; probability gray matter = 0.1405
ROI (6 -102 -18): length = 12mm; probability gray matter = 0.1405
ROI (-54 6 54): length = 12mm; probability gray matter = 0.1420
ROI (54 6 54): length = 12mm; probability gray matter = 0.1420
ROI (-42 -54 66): length = 12mm; probability gray matter = 0.1425
ROI (42 -54 66): length = 12mm; probability gray matter = 0.1425
ROI (-18 -54 -66): length = 12mm; probability gray matter = 0.1456
ROI (18 -54 -66): length = 12mm; probability gray matter = 0.1456
ROI (-18 -42 30): length = 12mm; probability gray matter = 0.1471
ROI (18 -42 30): length = 12mm; probability gray matter = 0.1471
ROI (-42 42 42): length = 12mm; probability gray matter = 0.1478
ROI (42 42 42): length = 12mm; probability gray matter = 0.1478
ROI (-18 30 66): length = 12mm; probability gray matter = 0.1481
ROI (18 30 66): length = 12mm; probability gray matter = 0.1481
ROI (-18 42 -30): length = 12mm; probability gray matter = 0.1483
ROI (18 42 -30): length = 12mm; probability gray matter = 0.1483
ROI (-66 6 -6): length = 12mm; probability gray matter = 0.1505
ROI (66 6 -6): length = 12mm; probability gray matter = 0.1505
ROI (-42 -42 -54): length = 12mm; probability gray matter = 0.1544
ROI (42 -42 -54): length = 12mm; probability gray matter = 0.1544
ROI (-18 -54 78): length = 12mm; probability gray matter = 0.1588
ROI (18 -54 78): length = 12mm; probability gray matter = 0.1588
ROI (-54 -78 30): length = 12mm; probability gray matter = 0.1605
ROI (54 -78 30): length = 12mm; probability gray matter = 0.1605
ROI (-30 -54 30): length = 12mm; probability gray matter = 0.1648
ROI (30 -54 30): length = 12mm; probability gray matter = 0.1648
ROI (-18 -6 42): length = 12mm; probability gray matter = 0.1650
ROI (18 -6 42): length = 12mm; probability gray matter = 0.1650
ROI (-6 -90 42): length = 12mm; probability gray matter = 0.1666
ROI (6 -90 42): length = 12mm; probability gray matter = 0.1666
ROI (-30 -6 -54): length = 12mm; probability gray matter = 0.1672
ROI (30 -6 -54): length = 12mm; probability gray matter = 0.1672
ROI (-6 6 78): length = 12mm; probability gray matter = 0.1679
ROI (6 6 78): length = 12mm; probability gray matter = 0.1679
ROI (-30 18 18): length = 12mm; probability gray matter = 0.1717
ROI (30 18 18): length = 12mm; probability gray matter = 0.1717
ROI (-6 -102 18): length = 12mm; probability gray matter = 0.1723
ROI (6 -102 18): length = 12mm; probability gray matter = 0.1723
ROI (-18 42 6): length = 12mm; probability gray matter = 0.1732
ROI (18 42 6): length = 12mm; probability gray matter = 0.1732
ROI (-66 6 30): length = 12mm; probability gray matter = 0.1737
ROI (66 6 30): length = 12mm; probability gray matter = 0.1737
ROI (-30 6 30): length = 12mm; probability gray matter = 0.1752
ROI (30 6 30): length = 12mm; probability gray matter = 0.1752
ROI (-30 30 18): length = 12mm; probability gray matter = 0.1759
ROI (30 30 18): length = 12mm; probability gray matter = 0.1759
ROI (-6 -6 -42): length = 12mm; probability gray matter = 0.1770
ROI (6 -6 -42): length = 12mm; probability gray matter = 0.1770
ROI (-18 -102 -18): length = 12mm; probability gray matter = 0.1785
ROI (18 -102 -18): length = 12mm; probability gray matter = 0.1785
ROI (-42 -78 -54): length = 12mm; probability gray matter = 0.1793
ROI (42 -78 -54): length = 12mm; probability gray matter = 0.1793
ROI (-30 -66 66): length = 12mm; probability gray matter = 0.1799
ROI (30 -66 66): length = 12mm; probability gray matter = 0.1799
ROI (-30 -18 42): length = 12mm; probability gray matter = 0.1801
ROI (30 -18 42): length = 12mm; probability gray matter = 0.1801
ROI (-42 54 -18): length = 12mm; probability gray matter = 0.1848
ROI (42 54 -18): length = 12mm; probability gray matter = 0.1848
ROI (-30 18 66): length = 12mm; probability gray matter = 0.1853
ROI (30 18 66): length = 12mm; probability gray matter = 0.1853
ROI (-18 30 -6): length = 12mm; probability gray matter = 0.1876
ROI (18 30 -6): length = 12mm; probability gray matter = 0.1876
ROI (-18 66 30): length = 12mm; probability gray matter = 0.1900
ROI (18 66 30): length = 12mm; probability gray matter = 0.1900
ROI (-18 42 -6): length = 12mm; probability gray matter = 0.1918
ROI (18 42 -6): length = 12mm; probability gray matter = 0.1918
ROI (-42 -90 -18): length = 12mm; probability gray matter = 0.1929
ROI (42 -90 -18): length = 12mm; probability gray matter = 0.1929
ROI (-30 -102 6): length = 12mm; probability gray matter = 0.1931
ROI (30 -102 6): length = 12mm; probability gray matter = 0.1931
ROI (-54 18 -30): length = 12mm; probability gray matter = 0.1956
ROI (54 18 -30): length = 12mm; probability gray matter = 0.1956
ROI (-66 -30 -30): length = 12mm; probability gray matter = 0.1968
ROI (66 -30 -30): length = 12mm; probability gray matter = 0.1968
ROI (-18 30 -30): length = 12mm; probability gray matter = 0.1978
ROI (18 30 -30): length = 12mm; probability gray matter = 0.1978
ROI (-18 6 42): length = 12mm; probability gray matter = 0.1979
ROI (18 6 42): length = 12mm; probability gray matter = 0.1979
ROI (-18 -18 42): length = 12mm; probability gray matter = 0.2000
ROI (18 -18 42): length = 12mm; probability gray matter = 0.2000
ROI (-18 18 18): length = 12mm; probability gray matter = 0.2023
ROI (18 18 18): length = 12mm; probability gray matter = 0.2023
ROI (-30 -30 -42): length = 12mm; probability gray matter = 0.2025
ROI (30 -30 -42): length = 12mm; probability gray matter = 0.2025
ROI (-30 -78 54): length = 12mm; probability gray matter = 0.2031
ROI (30 -78 54): length = 12mm; probability gray matter = 0.2031
ROI (-30 -102 -6): length = 12mm; probability gray matter = 0.2037
ROI (30 -102 -6): length = 12mm; probability gray matter = 0.2037
ROI (-30 -30 42): length = 12mm; probability gray matter = 0.2038
ROI (30 -30 42): length = 12mm; probability gray matter = 0.2038
ROI (-30 6 18): length = 12mm; probability gray matter = 0.2068
ROI (30 6 18): length = 12mm; probability gray matter = 0.2068
ROI (-30 -42 6): length = 12mm; probability gray matter = 0.2075
ROI (30 -42 6): length = 12mm; probability gray matter = 0.2075
ROI (-18 -18 -54): length = 12mm; probability gray matter = 0.2083
ROI (18 -18 -54): length = 12mm; probability gray matter = 0.2083
ROI (-66 -54 -18): length = 12mm; probability gray matter = 0.2089
ROI (66 -54 -18): length = 12mm; probability gray matter = 0.2089
ROI (-54 42 18): length = 12mm; probability gray matter = 0.2100
ROI (54 42 18): length = 12mm; probability gray matter = 0.2100
ROI (-18 -90 42): length = 12mm; probability gray matter = 0.2125
ROI (18 -90 42): length = 12mm; probability gray matter = 0.2125
ROI (-66 -6 -30): length = 12mm; probability gray matter = 0.2130
ROI (66 -6 -30): length = 12mm; probability gray matter = 0.2130
ROI (-66 6 6): length = 12mm; probability gray matter = 0.2131
ROI (66 6 6): length = 12mm; probability gray matter = 0.2131
ROI (-30 42 6): length = 12mm; probability gray matter = 0.2150
ROI (30 42 6): length = 12mm; probability gray matter = 0.2150
ROI (-42 -6 66): length = 12mm; probability gray matter = 0.2153
ROI (42 -6 66): length = 12mm; probability gray matter = 0.2153
ROI (-18 -6 78): length = 12mm; probability gray matter = 0.2167
ROI (18 -6 78): length = 12mm; probability gray matter = 0.2167
ROI (-6 30 66): length = 12mm; probability gray matter = 0.2193
ROI (6 30 66): length = 12mm; probability gray matter = 0.2193
ROI (-18 -102 18): length = 12mm; probability gray matter = 0.2200
ROI (18 -102 18): length = 12mm; probability gray matter = 0.2200
ROI (-30 -66 18): length = 12mm; probability gray matter = 0.2212
ROI (30 -66 18): length = 12mm; probability gray matter = 0.2212
ROI (-42 -42 -6): length = 12mm; probability gray matter = 0.2230
ROI (42 -42 -6): length = 12mm; probability gray matter = 0.2230
ROI (-18 66 -18): length = 12mm; probability gray matter = 0.2232
ROI (18 66 -18): length = 12mm; probability gray matter = 0.2232
ROI (-66 -18 42): length = 12mm; probability gray matter = 0.2249
ROI (66 -18 42): length = 12mm; probability gray matter = 0.2249
ROI (-30 66 18): length = 12mm; probability gray matter = 0.2256
ROI (30 66 18): length = 12mm; probability gray matter = 0.2256
ROI (-6 -78 -54): length = 12mm; probability gray matter = 0.2282
ROI (6 -78 -54): length = 12mm; probability gray matter = 0.2282
ROI (-66 -42 42): length = 12mm; probability gray matter = 0.2290
ROI (66 -42 42): length = 12mm; probability gray matter = 0.2290
ROI (-18 -18 54): length = 12mm; probability gray matter = 0.2291
ROI (18 -18 54): length = 12mm; probability gray matter = 0.2291
ROI (-30 -66 6): length = 12mm; probability gray matter = 0.2315
ROI (30 -66 6): length = 12mm; probability gray matter = 0.2315
ROI (-54 -54 54): length = 12mm; probability gray matter = 0.2322
ROI (54 -54 54): length = 12mm; probability gray matter = 0.2322
ROI (-54 -18 -42): length = 12mm; probability gray matter = 0.2323
ROI (54 -18 -42): length = 12mm; probability gray matter = 0.2323
ROI (-30 18 30): length = 12mm; probability gray matter = 0.2329
ROI (30 18 30): length = 12mm; probability gray matter = 0.2329
ROI (-6 66 30): length = 12mm; probability gray matter = 0.2338
ROI (6 66 30): length = 12mm; probability gray matter = 0.2338
ROI (-18 -30 18): length = 12mm; probability gray matter = 0.2343
ROI (18 -30 18): length = 12mm; probability gray matter = 0.2343
ROI (-6 -30 18): length = 12mm; probability gray matter = 0.2354
ROI (6 -30 18): length = 12mm; probability gray matter = 0.2354
ROI (-30 -6 18): length = 12mm; probability gray matter = 0.2375
ROI (30 -6 18): length = 12mm; probability gray matter = 0.2375
ROI (-66 -54 30): length = 12mm; probability gray matter = 0.2382
ROI (66 -54 30): length = 12mm; probability gray matter = 0.2382
ROI (-42 -18 30): length = 12mm; probability gray matter = 0.2385
ROI (42 -18 30): length = 12mm; probability gray matter = 0.2385
ROI (-42 -42 66): length = 12mm; probability gray matter = 0.2387
ROI (42 -42 66): length = 12mm; probability gray matter = 0.2387
ROI (-42 -30 30): length = 12mm; probability gray matter = 0.2396
ROI (42 -30 30): length = 12mm; probability gray matter = 0.2396
ROI (-18 30 30): length = 12mm; probability gray matter = 0.2419
ROI (18 30 30): length = 12mm; probability gray matter = 0.2419
ROI (-6 6 -30): length = 12mm; probability gray matter = 0.2426
ROI (6 6 -30): length = 12mm; probability gray matter = 0.2426
ROI (-54 18 42): length = 12mm; probability gray matter = 0.2427
ROI (54 18 42): length = 12mm; probability gray matter = 0.2427
ROI (-30 -90 -42): length = 12mm; probability gray matter = 0.2430
ROI (30 -90 -42): length = 12mm; probability gray matter = 0.2430
ROI (-30 -6 42): length = 12mm; probability gray matter = 0.2442
ROI (30 -6 42): length = 12mm; probability gray matter = 0.2442
ROI (-18 42 18): length = 12mm; probability gray matter = 0.2447
ROI (18 42 18): length = 12mm; probability gray matter = 0.2447
ROI (-66 6 18): length = 12mm; probability gray matter = 0.2458
ROI (66 6 18): length = 12mm; probability gray matter = 0.2458
ROI (-30 -30 6): length = 12mm; probability gray matter = 0.2510
ROI (30 -30 6): length = 12mm; probability gray matter = 0.2510
ROI (-30 -78 6): length = 12mm; probability gray matter = 0.2519
ROI (30 -78 6): length = 12mm; probability gray matter = 0.2519
ROI (-18 -30 78): length = 12mm; probability gray matter = 0.2522
ROI (18 -30 78): length = 12mm; probability gray matter = 0.2522
ROI (-42 -42 30): length = 12mm; probability gray matter = 0.2536
ROI (42 -42 30): length = 12mm; probability gray matter = 0.2536
ROI (-18 -42 78): length = 12mm; probability gray matter = 0.2536
ROI (18 -42 78): length = 12mm; probability gray matter = 0.2536
ROI (-6 -90 -42): length = 12mm; probability gray matter = 0.2549
ROI (6 -90 -42): length = 12mm; probability gray matter = 0.2549
ROI (-42 -42 6): length = 12mm; probability gray matter = 0.2557
ROI (42 -42 6): length = 12mm; probability gray matter = 0.2557
ROI (-6 -42 78): length = 12mm; probability gray matter = 0.2564
ROI (6 -42 78): length = 12mm; probability gray matter = 0.2564
ROI (-30 -54 6): length = 12mm; probability gray matter = 0.2577
ROI (30 -54 6): length = 12mm; probability gray matter = 0.2577
ROI (-54 -6 54): length = 12mm; probability gray matter = 0.2578
ROI (54 -6 54): length = 12mm; probability gray matter = 0.2578
ROI (-18 -18 78): length = 12mm; probability gray matter = 0.2578
ROI (18 -18 78): length = 12mm; probability gray matter = 0.2578
ROI (-18 -54 30): length = 12mm; probability gray matter = 0.2588
ROI (18 -54 30): length = 12mm; probability gray matter = 0.2588
ROI (-30 -30 18): length = 12mm; probability gray matter = 0.2592
ROI (30 -30 18): length = 12mm; probability gray matter = 0.2592
ROI (-54 -78 18): length = 12mm; probability gray matter = 0.2600
ROI (54 -78 18): length = 12mm; probability gray matter = 0.2600
ROI (-42 -90 18): length = 12mm; probability gray matter = 0.2615
ROI (42 -90 18): length = 12mm; probability gray matter = 0.2615
ROI (-6 6 18): length = 12mm; probability gray matter = 0.2619
ROI (6 6 18): length = 12mm; probability gray matter = 0.2619
ROI (-6 -6 -30): length = 12mm; probability gray matter = 0.2628
ROI (6 -6 -30): length = 12mm; probability gray matter = 0.2628
ROI (-6 -6 78): length = 12mm; probability gray matter = 0.2636
ROI (6 -6 78): length = 12mm; probability gray matter = 0.2636
ROI (-6 30 6): length = 12mm; probability gray matter = 0.2662
ROI (6 30 6): length = 12mm; probability gray matter = 0.2662
ROI (-30 18 -42): length = 12mm; probability gray matter = 0.2699
ROI (30 18 -42): length = 12mm; probability gray matter = 0.2699
ROI (-30 -18 18): length = 12mm; probability gray matter = 0.2707
ROI (30 -18 18): length = 12mm; probability gray matter = 0.2707
ROI (-42 -6 30): length = 12mm; probability gray matter = 0.2711
ROI (42 -6 30): length = 12mm; probability gray matter = 0.2711
ROI (-18 -54 42): length = 12mm; probability gray matter = 0.2721
ROI (18 -54 42): length = 12mm; probability gray matter = 0.2721
ROI (-54 -78 -6): length = 12mm; probability gray matter = 0.2723
ROI (54 -78 -6): length = 12mm; probability gray matter = 0.2723
ROI (-6 54 -30): length = 12mm; probability gray matter = 0.2728
ROI (6 54 -30): length = 12mm; probability gray matter = 0.2728
ROI (-54 6 -42): length = 12mm; probability gray matter = 0.2745
ROI (54 6 -42): length = 12mm; probability gray matter = 0.2745
ROI (-18 -30 -54): length = 12mm; probability gray matter = 0.2747
ROI (18 -30 -54): length = 12mm; probability gray matter = 0.2747
ROI (-6 18 -30): length = 12mm; probability gray matter = 0.2748
ROI (6 18 -30): length = 12mm; probability gray matter = 0.2748
ROI (-54 -66 -42): length = 12mm; probability gray matter = 0.2777
ROI (54 -66 -42): length = 12mm; probability gray matter = 0.2777
ROI (-18 42 54): length = 12mm; probability gray matter = 0.2778
ROI (18 42 54): length = 12mm; probability gray matter = 0.2778
ROI (-66 -30 42): length = 12mm; probability gray matter = 0.2780
ROI (66 -30 42): length = 12mm; probability gray matter = 0.2780
ROI (-18 -30 54): length = 12mm; probability gray matter = 0.2788
ROI (18 -30 54): length = 12mm; probability gray matter = 0.2788
ROI (-42 18 -42): length = 12mm; probability gray matter = 0.2819
ROI (42 18 -42): length = 12mm; probability gray matter = 0.2819
ROI (-18 -30 -42): length = 12mm; probability gray matter = 0.2835
ROI (18 -30 -42): length = 12mm; probability gray matter = 0.2835
ROI (-54 42 -6): length = 12mm; probability gray matter = 0.2838
ROI (54 42 -6): length = 12mm; probability gray matter = 0.2838
ROI (-18 -30 42): length = 12mm; probability gray matter = 0.2850
ROI (18 -30 42): length = 12mm; probability gray matter = 0.2850
ROI (-6 -78 54): length = 12mm; probability gray matter = 0.2857
ROI (6 -78 54): length = 12mm; probability gray matter = 0.2857
ROI (-66 -18 -30): length = 12mm; probability gray matter = 0.2859
ROI (66 -18 -30): length = 12mm; probability gray matter = 0.2859
ROI (-42 -30 66): length = 12mm; probability gray matter = 0.2862
ROI (42 -30 66): length = 12mm; probability gray matter = 0.2862
ROI (-54 30 30): length = 12mm; probability gray matter = 0.2863
ROI (54 30 30): length = 12mm; probability gray matter = 0.2863
ROI (-30 42 -6): length = 12mm; probability gray matter = 0.2877
ROI (30 42 -6): length = 12mm; probability gray matter = 0.2877
ROI (-6 18 18): length = 12mm; probability gray matter = 0.2882
ROI (6 18 18): length = 12mm; probability gray matter = 0.2882
ROI (-42 -18 66): length = 12mm; probability gray matter = 0.2925
ROI (42 -18 66): length = 12mm; probability gray matter = 0.2925
ROI (-42 -54 6): length = 12mm; probability gray matter = 0.2927
ROI (42 -54 6): length = 12mm; probability gray matter = 0.2927
ROI (-18 18 42): length = 12mm; probability gray matter = 0.2943
ROI (18 18 42): length = 12mm; probability gray matter = 0.2943
ROI (-42 -30 -6): length = 12mm; probability gray matter = 0.2946
ROI (42 -30 -6): length = 12mm; probability gray matter = 0.2946
ROI (-18 -6 18): length = 12mm; probability gray matter = 0.2955
ROI (18 -6 18): length = 12mm; probability gray matter = 0.2955
ROI (-18 -6 6): length = 12mm; probability gray matter = 0.2958
ROI (18 -6 6): length = 12mm; probability gray matter = 0.2958
ROI (-18 18 -30): length = 12mm; probability gray matter = 0.2962
ROI (18 18 -30): length = 12mm; probability gray matter = 0.2962
ROI (-54 42 6): length = 12mm; probability gray matter = 0.2984
ROI (54 42 6): length = 12mm; probability gray matter = 0.2984
ROI (-18 -42 42): length = 12mm; probability gray matter = 0.2985
ROI (18 -42 42): length = 12mm; probability gray matter = 0.2985
ROI (-66 -6 30): length = 12mm; probability gray matter = 0.2986
ROI (66 -6 30): length = 12mm; probability gray matter = 0.2986
ROI (-54 18 -18): length = 12mm; probability gray matter = 0.2987
ROI (54 18 -18): length = 12mm; probability gray matter = 0.2987
ROI (-6 -66 66): length = 12mm; probability gray matter = 0.2989
ROI (6 -66 66): length = 12mm; probability gray matter = 0.2989
ROI (-18 54 42): length = 12mm; probability gray matter = 0.3019
ROI (18 54 42): length = 12mm; probability gray matter = 0.3019
ROI (-6 -30 -54): length = 12mm; probability gray matter = 0.3020
ROI (6 -30 -54): length = 12mm; probability gray matter = 0.3020
ROI (-6 -102 6): length = 12mm; probability gray matter = 0.3023
ROI (6 -102 6): length = 12mm; probability gray matter = 0.3023
ROI (-30 30 6): length = 12mm; probability gray matter = 0.3023
ROI (30 30 6): length = 12mm; probability gray matter = 0.3023
ROI (-6 -30 78): length = 12mm; probability gray matter = 0.3031
ROI (6 -30 78): length = 12mm; probability gray matter = 0.3031
ROI (-6 -102 -6): length = 12mm; probability gray matter = 0.3037
ROI (6 -102 -6): length = 12mm; probability gray matter = 0.3037
ROI (-30 6 42): length = 12mm; probability gray matter = 0.3038
ROI (30 6 42): length = 12mm; probability gray matter = 0.3038
ROI (-6 66 -18): length = 12mm; probability gray matter = 0.3069
ROI (6 66 -18): length = 12mm; probability gray matter = 0.3069
ROI (-18 -18 -42): length = 12mm; probability gray matter = 0.3071
ROI (18 -18 -42): length = 12mm; probability gray matter = 0.3071
ROI (-18 6 -42): length = 12mm; probability gray matter = 0.3076
ROI (18 6 -42): length = 12mm; probability gray matter = 0.3076
ROI (-54 -78 6): length = 12mm; probability gray matter = 0.3085
ROI (54 -78 6): length = 12mm; probability gray matter = 0.3085
ROI (-6 -18 78): length = 12mm; probability gray matter = 0.3095
ROI (6 -18 78): length = 12mm; probability gray matter = 0.3095
ROI (-6 -18 -54): length = 12mm; probability gray matter = 0.3111
ROI (6 -18 -54): length = 12mm; probability gray matter = 0.3111
ROI (-54 -66 42): length = 12mm; probability gray matter = 0.3121
ROI (54 -66 42): length = 12mm; probability gray matter = 0.3121
ROI (-18 -18 -6): length = 12mm; probability gray matter = 0.3126
ROI (18 -18 -6): length = 12mm; probability gray matter = 0.3126
ROI (-18 -18 18): length = 12mm; probability gray matter = 0.3136
ROI (18 -18 18): length = 12mm; probability gray matter = 0.3136
ROI (-30 54 -18): length = 12mm; probability gray matter = 0.3137
ROI (30 54 -18): length = 12mm; probability gray matter = 0.3137
ROI (-42 -66 54): length = 12mm; probability gray matter = 0.3140
ROI (42 -66 54): length = 12mm; probability gray matter = 0.3140
ROI (-42 -78 42): length = 12mm; probability gray matter = 0.3186
ROI (42 -78 42): length = 12mm; probability gray matter = 0.3186
ROI (-18 -78 54): length = 12mm; probability gray matter = 0.3194
ROI (18 -78 54): length = 12mm; probability gray matter = 0.3194
ROI (-6 -18 -42): length = 12mm; probability gray matter = 0.3205
ROI (6 -18 -42): length = 12mm; probability gray matter = 0.3205
ROI (-66 -54 18): length = 12mm; probability gray matter = 0.3236
ROI (66 -54 18): length = 12mm; probability gray matter = 0.3236
ROI (-18 54 6): length = 12mm; probability gray matter = 0.3262
ROI (18 54 6): length = 12mm; probability gray matter = 0.3262
ROI (-54 -54 -42): length = 12mm; probability gray matter = 0.3308
ROI (54 -54 -42): length = 12mm; probability gray matter = 0.3308
ROI (-18 -66 66): length = 12mm; probability gray matter = 0.3309
ROI (18 -66 66): length = 12mm; probability gray matter = 0.3309
ROI (-18 54 -6): length = 12mm; probability gray matter = 0.3354
ROI (18 54 -6): length = 12mm; probability gray matter = 0.3354
ROI (-6 -42 18): length = 12mm; probability gray matter = 0.3370
ROI (6 -42 18): length = 12mm; probability gray matter = 0.3370
ROI (-42 42 -18): length = 12mm; probability gray matter = 0.3381
ROI (42 42 -18): length = 12mm; probability gray matter = 0.3381
ROI (-42 54 18): length = 12mm; probability gray matter = 0.3391
ROI (42 54 18): length = 12mm; probability gray matter = 0.3391
ROI (-42 -42 18): length = 12mm; probability gray matter = 0.3413
ROI (42 -42 18): length = 12mm; probability gray matter = 0.3413
ROI (-42 18 54): length = 12mm; probability gray matter = 0.3427
ROI (42 18 54): length = 12mm; probability gray matter = 0.3427
ROI (-18 -102 6): length = 12mm; probability gray matter = 0.3428
ROI (18 -102 6): length = 12mm; probability gray matter = 0.3428
ROI (-54 -18 54): length = 12mm; probability gray matter = 0.3453
ROI (54 -18 54): length = 12mm; probability gray matter = 0.3453
ROI (-42 -90 -6): length = 12mm; probability gray matter = 0.3454
ROI (42 -90 -6): length = 12mm; probability gray matter = 0.3454
ROI (-30 66 -6): length = 12mm; probability gray matter = 0.3457
ROI (30 66 -6): length = 12mm; probability gray matter = 0.3457
ROI (-42 -18 -42): length = 12mm; probability gray matter = 0.3458
ROI (42 -18 -42): length = 12mm; probability gray matter = 0.3458
ROI (-6 -6 30): length = 12mm; probability gray matter = 0.3468
ROI (6 -6 30): length = 12mm; probability gray matter = 0.3468
ROI (-30 66 6): length = 12mm; probability gray matter = 0.3470
ROI (30 66 6): length = 12mm; probability gray matter = 0.3470
ROI (-30 -90 30): length = 12mm; probability gray matter = 0.3471
ROI (30 -90 30): length = 12mm; probability gray matter = 0.3471
ROI (-66 -6 -6): length = 12mm; probability gray matter = 0.3478
ROI (66 -6 -6): length = 12mm; probability gray matter = 0.3478
ROI (-18 -6 54): length = 12mm; probability gray matter = 0.3490
ROI (18 -6 54): length = 12mm; probability gray matter = 0.3490
ROI (-54 -66 -30): length = 12mm; probability gray matter = 0.3491
ROI (54 -66 -30): length = 12mm; probability gray matter = 0.3491
ROI (-30 -42 42): length = 12mm; probability gray matter = 0.3514
ROI (30 -42 42): length = 12mm; probability gray matter = 0.3514
ROI (-18 -102 -6): length = 12mm; probability gray matter = 0.3519
ROI (18 -102 -6): length = 12mm; probability gray matter = 0.3519
ROI (-42 -90 6): length = 12mm; probability gray matter = 0.3530
ROI (42 -90 6): length = 12mm; probability gray matter = 0.3530
ROI (-54 -42 54): length = 12mm; probability gray matter = 0.3544
ROI (54 -42 54): length = 12mm; probability gray matter = 0.3544
ROI (-18 6 18): length = 12mm; probability gray matter = 0.3547
ROI (18 6 18): length = 12mm; probability gray matter = 0.3547
ROI (-66 -6 -18): length = 12mm; probability gray matter = 0.3548
ROI (66 -6 -18): length = 12mm; probability gray matter = 0.3548
ROI (-18 -42 54): length = 12mm; probability gray matter = 0.3548
ROI (18 -42 54): length = 12mm; probability gray matter = 0.3548
ROI (-6 -18 -30): length = 12mm; probability gray matter = 0.3582
ROI (6 -18 -30): length = 12mm; probability gray matter = 0.3582
ROI (-6 -42 6): length = 12mm; probability gray matter = 0.3589
ROI (6 -42 6): length = 12mm; probability gray matter = 0.3589
ROI (-30 6 66): length = 12mm; probability gray matter = 0.3590
ROI (30 6 66): length = 12mm; probability gray matter = 0.3590
ROI (-66 -54 -6): length = 12mm; probability gray matter = 0.3602
ROI (66 -54 -6): length = 12mm; probability gray matter = 0.3602
ROI (-6 -6 -18): length = 12mm; probability gray matter = 0.3604
ROI (6 -6 -18): length = 12mm; probability gray matter = 0.3604
ROI (-66 -6 6): length = 12mm; probability gray matter = 0.3604
ROI (66 -6 6): length = 12mm; probability gray matter = 0.3604
ROI (-66 -6 18): length = 12mm; probability gray matter = 0.3615
ROI (66 -6 18): length = 12mm; probability gray matter = 0.3615
ROI (-18 -78 18): length = 12mm; probability gray matter = 0.3638
ROI (18 -78 18): length = 12mm; probability gray matter = 0.3638
ROI (-6 -6 18): length = 12mm; probability gray matter = 0.3638
ROI (6 -6 18): length = 12mm; probability gray matter = 0.3638
ROI (-30 -90 -30): length = 12mm; probability gray matter = 0.3658
ROI (30 -90 -30): length = 12mm; probability gray matter = 0.3658
ROI (-18 42 30): length = 12mm; probability gray matter = 0.3668
ROI (18 42 30): length = 12mm; probability gray matter = 0.3668
ROI (-18 -54 18): length = 12mm; probability gray matter = 0.3670
ROI (18 -54 18): length = 12mm; probability gray matter = 0.3670
ROI (-54 30 -6): length = 12mm; probability gray matter = 0.3680
ROI (54 30 -6): length = 12mm; probability gray matter = 0.3680
ROI (-30 -18 -42): length = 12mm; probability gray matter = 0.3690
ROI (30 -18 -42): length = 12mm; probability gray matter = 0.3690
ROI (-30 30 54): length = 12mm; probability gray matter = 0.3703
ROI (30 30 54): length = 12mm; probability gray matter = 0.3703
ROI (-30 -66 30): length = 12mm; probability gray matter = 0.3734
ROI (30 -66 30): length = 12mm; probability gray matter = 0.3734
ROI (-18 -54 -42): length = 12mm; probability gray matter = 0.3736
ROI (18 -54 -42): length = 12mm; probability gray matter = 0.3736
ROI (-6 18 6): length = 12mm; probability gray matter = 0.3748
ROI (6 18 6): length = 12mm; probability gray matter = 0.3748
ROI (-42 -42 -42): length = 12mm; probability gray matter = 0.3748
ROI (42 -42 -42): length = 12mm; probability gray matter = 0.3748
ROI (-18 -90 6): length = 12mm; probability gray matter = 0.3763
ROI (18 -90 6): length = 12mm; probability gray matter = 0.3763
ROI (-18 -18 6): length = 12mm; probability gray matter = 0.3770
ROI (18 -18 6): length = 12mm; probability gray matter = 0.3770
ROI (-30 -18 54): length = 12mm; probability gray matter = 0.3777
ROI (30 -18 54): length = 12mm; probability gray matter = 0.3777
ROI (-30 -54 66): length = 12mm; probability gray matter = 0.3784
ROI (30 -54 66): length = 12mm; probability gray matter = 0.3784
ROI (-42 -54 -6): length = 12mm; probability gray matter = 0.3787
ROI (42 -54 -6): length = 12mm; probability gray matter = 0.3787
ROI (-18 -90 -42): length = 12mm; probability gray matter = 0.3791
ROI (18 -90 -42): length = 12mm; probability gray matter = 0.3791
ROI (-18 18 66): length = 12mm; probability gray matter = 0.3800
ROI (18 18 66): length = 12mm; probability gray matter = 0.3800
ROI (-6 42 54): length = 12mm; probability gray matter = 0.3803
ROI (6 42 54): length = 12mm; probability gray matter = 0.3803
ROI (-42 -54 30): length = 12mm; probability gray matter = 0.3820
ROI (42 -54 30): length = 12mm; probability gray matter = 0.3820
ROI (-66 -54 6): length = 12mm; probability gray matter = 0.3825
ROI (66 -54 6): length = 12mm; probability gray matter = 0.3825
ROI (-54 -30 54): length = 12mm; probability gray matter = 0.3828
ROI (54 -30 54): length = 12mm; probability gray matter = 0.3828
ROI (-18 -78 6): length = 12mm; probability gray matter = 0.3872
ROI (18 -78 6): length = 12mm; probability gray matter = 0.3872
ROI (-66 -42 30): length = 12mm; probability gray matter = 0.3876
ROI (66 -42 30): length = 12mm; probability gray matter = 0.3876
ROI (-6 54 42): length = 12mm; probability gray matter = 0.3885
ROI (6 54 42): length = 12mm; probability gray matter = 0.3885
ROI (-18 -54 54): length = 12mm; probability gray matter = 0.3891
ROI (18 -54 54): length = 12mm; probability gray matter = 0.3891
ROI (-54 18 -6): length = 12mm; probability gray matter = 0.3906
ROI (54 18 -6): length = 12mm; probability gray matter = 0.3906
ROI (-18 54 18): length = 12mm; probability gray matter = 0.3933
ROI (18 54 18): length = 12mm; probability gray matter = 0.3933
ROI (-30 -78 -6): length = 12mm; probability gray matter = 0.3933
ROI (30 -78 -6): length = 12mm; probability gray matter = 0.3933
ROI (-30 30 30): length = 12mm; probability gray matter = 0.3957
ROI (30 30 30): length = 12mm; probability gray matter = 0.3957
ROI (-66 -18 30): length = 12mm; probability gray matter = 0.3960
ROI (66 -18 30): length = 12mm; probability gray matter = 0.3960
ROI (-42 -18 -18): length = 12mm; probability gray matter = 0.3972
ROI (42 -18 -18): length = 12mm; probability gray matter = 0.3972
ROI (-18 -42 6): length = 12mm; probability gray matter = 0.3980
ROI (18 -42 6): length = 12mm; probability gray matter = 0.3980
ROI (-42 -54 18): length = 12mm; probability gray matter = 0.3980
ROI (42 -54 18): length = 12mm; probability gray matter = 0.3980
ROI (-18 54 -18): length = 12mm; probability gray matter = 0.4008
ROI (18 54 -18): length = 12mm; probability gray matter = 0.4008
ROI (-6 30 -30): length = 12mm; probability gray matter = 0.4013
ROI (6 30 -30): length = 12mm; probability gray matter = 0.4013
ROI (-18 -6 -6): length = 12mm; probability gray matter = 0.4019
ROI (18 -6 -6): length = 12mm; probability gray matter = 0.4019
ROI (-18 66 18): length = 12mm; probability gray matter = 0.4023
ROI (18 66 18): length = 12mm; probability gray matter = 0.4023
ROI (-30 42 18): length = 12mm; probability gray matter = 0.4039
ROI (30 42 18): length = 12mm; probability gray matter = 0.4039
ROI (-18 -42 -42): length = 12mm; probability gray matter = 0.4040
ROI (18 -42 -42): length = 12mm; probability gray matter = 0.4040
ROI (-42 6 18): length = 12mm; probability gray matter = 0.4066
ROI (42 6 18): length = 12mm; probability gray matter = 0.4066
ROI (-66 -42 -18): length = 12mm; probability gray matter = 0.4071
ROI (66 -42 -18): length = 12mm; probability gray matter = 0.4071
ROI (-30 -42 -54): length = 12mm; probability gray matter = 0.4072
ROI (30 -42 -54): length = 12mm; probability gray matter = 0.4072
ROI (-30 -30 54): length = 12mm; probability gray matter = 0.4081
ROI (30 -30 54): length = 12mm; probability gray matter = 0.4081
ROI (-30 -30 66): length = 12mm; probability gray matter = 0.4090
ROI (30 -30 66): length = 12mm; probability gray matter = 0.4090
ROI (-30 -78 18): length = 12mm; probability gray matter = 0.4094
ROI (30 -78 18): length = 12mm; probability gray matter = 0.4094
ROI (-18 -30 66): length = 12mm; probability gray matter = 0.4110
ROI (18 -30 66): length = 12mm; probability gray matter = 0.4110
ROI (-6 -18 30): length = 12mm; probability gray matter = 0.4113
ROI (6 -18 30): length = 12mm; probability gray matter = 0.4113
ROI (-6 -90 30): length = 12mm; probability gray matter = 0.4115
ROI (6 -90 30): length = 12mm; probability gray matter = 0.4115
ROI (-42 -30 6): length = 12mm; probability gray matter = 0.4131
ROI (42 -30 6): length = 12mm; probability gray matter = 0.4131
ROI (-6 6 30): length = 12mm; probability gray matter = 0.4133
ROI (6 6 30): length = 12mm; probability gray matter = 0.4133
ROI (-54 -6 -42): length = 12mm; probability gray matter = 0.4149
ROI (54 -6 -42): length = 12mm; probability gray matter = 0.4149
ROI (-18 6 54): length = 12mm; probability gray matter = 0.4170
ROI (18 6 54): length = 12mm; probability gray matter = 0.4170
ROI (-30 -66 -6): length = 12mm; probability gray matter = 0.4180
ROI (30 -66 -6): length = 12mm; probability gray matter = 0.4180
ROI (-18 30 42): length = 12mm; probability gray matter = 0.4182
ROI (18 30 42): length = 12mm; probability gray matter = 0.4182
ROI (-6 6 6): length = 12mm; probability gray matter = 0.4183
ROI (6 6 6): length = 12mm; probability gray matter = 0.4183
ROI (-54 -42 -30): length = 12mm; probability gray matter = 0.4185
ROI (54 -42 -30): length = 12mm; probability gray matter = 0.4185
ROI (-6 66 18): length = 12mm; probability gray matter = 0.4191
ROI (6 66 18): length = 12mm; probability gray matter = 0.4191
ROI (-42 18 18): length = 12mm; probability gray matter = 0.4193
ROI (42 18 18): length = 12mm; probability gray matter = 0.4193
ROI (-6 -90 -30): length = 12mm; probability gray matter = 0.4197
ROI (6 -90 -30): length = 12mm; probability gray matter = 0.4197
ROI (-18 -18 66): length = 12mm; probability gray matter = 0.4206
ROI (18 -18 66): length = 12mm; probability gray matter = 0.4206
ROI (-18 -90 30): length = 12mm; probability gray matter = 0.4208
ROI (18 -90 30): length = 12mm; probability gray matter = 0.4208
ROI (-30 -54 -42): length = 12mm; probability gray matter = 0.4211
ROI (30 -54 -42): length = 12mm; probability gray matter = 0.4211
ROI (-30 -18 66): length = 12mm; probability gray matter = 0.4222
ROI (30 -18 66): length = 12mm; probability gray matter = 0.4222
ROI (-66 -30 30): length = 12mm; probability gray matter = 0.4243
ROI (66 -30 30): length = 12mm; probability gray matter = 0.4243
ROI (-30 54 30): length = 12mm; probability gray matter = 0.4264
ROI (30 54 30): length = 12mm; probability gray matter = 0.4264
ROI (-42 30 -18): length = 12mm; probability gray matter = 0.4265
ROI (42 30 -18): length = 12mm; probability gray matter = 0.4265
ROI (-30 -42 66): length = 12mm; probability gray matter = 0.4269
ROI (30 -42 66): length = 12mm; probability gray matter = 0.4269
ROI (-18 -90 18): length = 12mm; probability gray matter = 0.4289
ROI (18 -90 18): length = 12mm; probability gray matter = 0.4289
ROI (-18 -66 42): length = 12mm; probability gray matter = 0.4294
ROI (18 -66 42): length = 12mm; probability gray matter = 0.4294
ROI (-6 42 -30): length = 12mm; probability gray matter = 0.4304
ROI (6 42 -30): length = 12mm; probability gray matter = 0.4304
ROI (-6 -18 18): length = 12mm; probability gray matter = 0.4307
ROI (6 -18 18): length = 12mm; probability gray matter = 0.4307
ROI (-30 -54 42): length = 12mm; probability gray matter = 0.4309
ROI (30 -54 42): length = 12mm; probability gray matter = 0.4309
ROI (-30 18 42): length = 12mm; probability gray matter = 0.4315
ROI (30 18 42): length = 12mm; probability gray matter = 0.4315
ROI (-30 30 -6): length = 12mm; probability gray matter = 0.4340
ROI (30 30 -6): length = 12mm; probability gray matter = 0.4340
ROI (-18 -6 -42): length = 12mm; probability gray matter = 0.4340
ROI (18 -6 -42): length = 12mm; probability gray matter = 0.4340
ROI (-54 6 42): length = 12mm; probability gray matter = 0.4367
ROI (54 6 42): length = 12mm; probability gray matter = 0.4367
ROI (-54 30 18): length = 12mm; probability gray matter = 0.4370
ROI (54 30 18): length = 12mm; probability gray matter = 0.4370
ROI (-42 30 42): length = 12mm; probability gray matter = 0.4393
ROI (42 30 42): length = 12mm; probability gray matter = 0.4393
ROI (-30 42 -18): length = 12mm; probability gray matter = 0.4396
ROI (30 42 -18): length = 12mm; probability gray matter = 0.4396
ROI (-42 -6 18): length = 12mm; probability gray matter = 0.4397
ROI (42 -6 18): length = 12mm; probability gray matter = 0.4397
ROI (-6 -42 -6): length = 12mm; probability gray matter = 0.4414
ROI (6 -42 -6): length = 12mm; probability gray matter = 0.4414
ROI (-30 -78 -54): length = 12mm; probability gray matter = 0.4415
ROI (30 -78 -54): length = 12mm; probability gray matter = 0.4415
ROI (-30 -42 54): length = 12mm; probability gray matter = 0.4419
ROI (30 -42 54): length = 12mm; probability gray matter = 0.4419
ROI (-30 -18 6): length = 12mm; probability gray matter = 0.4443
ROI (30 -18 6): length = 12mm; probability gray matter = 0.4443
ROI (-66 -18 18): length = 12mm; probability gray matter = 0.4461
ROI (66 -18 18): length = 12mm; probability gray matter = 0.4461
ROI (-18 42 -18): length = 12mm; probability gray matter = 0.4461
ROI (18 42 -18): length = 12mm; probability gray matter = 0.4461
ROI (-42 42 30): length = 12mm; probability gray matter = 0.4480
ROI (42 42 30): length = 12mm; probability gray matter = 0.4480
ROI (-18 -42 66): length = 12mm; probability gray matter = 0.4485
ROI (18 -42 66): length = 12mm; probability gray matter = 0.4485
ROI (-54 -66 -18): length = 12mm; probability gray matter = 0.4485
ROI (54 -66 -18): length = 12mm; probability gray matter = 0.4485
ROI (-30 -18 -6): length = 12mm; probability gray matter = 0.4512
ROI (30 -18 -6): length = 12mm; probability gray matter = 0.4512
ROI (-30 18 -30): length = 12mm; probability gray matter = 0.4520
ROI (30 18 -30): length = 12mm; probability gray matter = 0.4520
ROI (-42 -6 42): length = 12mm; probability gray matter = 0.4528
ROI (42 -6 42): length = 12mm; probability gray matter = 0.4528
ROI (-54 -30 -30): length = 12mm; probability gray matter = 0.4535
ROI (54 -30 -30): length = 12mm; probability gray matter = 0.4535
ROI (-30 -6 66): length = 12mm; probability gray matter = 0.4544
ROI (30 -6 66): length = 12mm; probability gray matter = 0.4544
ROI (-30 42 42): length = 12mm; probability gray matter = 0.4548
ROI (30 42 42): length = 12mm; probability gray matter = 0.4548
ROI (-6 18 66): length = 12mm; probability gray matter = 0.4552
ROI (6 18 66): length = 12mm; probability gray matter = 0.4552
ROI (-18 66 -6): length = 12mm; probability gray matter = 0.4562
ROI (18 66 -6): length = 12mm; probability gray matter = 0.4562
ROI (-18 66 6): length = 12mm; probability gray matter = 0.4567
ROI (18 66 6): length = 12mm; probability gray matter = 0.4567
ROI (-42 -66 6): length = 12mm; probability gray matter = 0.4582
ROI (42 -66 6): length = 12mm; probability gray matter = 0.4582
ROI (-18 -90 -6): length = 12mm; probability gray matter = 0.4597
ROI (18 -90 -6): length = 12mm; probability gray matter = 0.4597
ROI (-30 -90 6): length = 12mm; probability gray matter = 0.4600
ROI (30 -90 6): length = 12mm; probability gray matter = 0.4600
ROI (-54 30 6): length = 12mm; probability gray matter = 0.4627
ROI (54 30 6): length = 12mm; probability gray matter = 0.4627
ROI (-30 -90 -6): length = 12mm; probability gray matter = 0.4637
ROI (30 -90 -6): length = 12mm; probability gray matter = 0.4637
ROI (-6 -18 -18): length = 12mm; probability gray matter = 0.4648
ROI (6 -18 -18): length = 12mm; probability gray matter = 0.4648
ROI (-42 54 6): length = 12mm; probability gray matter = 0.4694
ROI (42 54 6): length = 12mm; probability gray matter = 0.4694
ROI (-54 18 30): length = 12mm; probability gray matter = 0.4701
ROI (54 18 30): length = 12mm; probability gray matter = 0.4701
ROI (-66 -42 18): length = 12mm; probability gray matter = 0.4702
ROI (66 -42 18): length = 12mm; probability gray matter = 0.4702
ROI (-18 -66 30): length = 12mm; probability gray matter = 0.4713
ROI (18 -66 30): length = 12mm; probability gray matter = 0.4713
ROI (-30 -90 -18): length = 12mm; probability gray matter = 0.4717
ROI (30 -90 -18): length = 12mm; probability gray matter = 0.4717
ROI (-42 -6 -18): length = 12mm; probability gray matter = 0.4731
ROI (42 -6 -18): length = 12mm; probability gray matter = 0.4731
ROI (-6 -30 6): length = 12mm; probability gray matter = 0.4732
ROI (6 -30 6): length = 12mm; probability gray matter = 0.4732
ROI (-30 -54 -6): length = 12mm; probability gray matter = 0.4736
ROI (30 -54 -6): length = 12mm; probability gray matter = 0.4736
ROI (-42 -18 42): length = 12mm; probability gray matter = 0.4737
ROI (42 -18 42): length = 12mm; probability gray matter = 0.4737
ROI (-42 54 -6): length = 12mm; probability gray matter = 0.4738
ROI (42 54 -6): length = 12mm; probability gray matter = 0.4738
ROI (-30 -30 -6): length = 12mm; probability gray matter = 0.4745
ROI (30 -30 -6): length = 12mm; probability gray matter = 0.4745
ROI (-18 -30 -30): length = 12mm; probability gray matter = 0.4757
ROI (18 -30 -30): length = 12mm; probability gray matter = 0.4757
ROI (-30 -66 54): length = 12mm; probability gray matter = 0.4763
ROI (30 -66 54): length = 12mm; probability gray matter = 0.4763
ROI (-42 -6 -30): length = 12mm; probability gray matter = 0.4763
ROI (42 -6 -30): length = 12mm; probability gray matter = 0.4763
ROI (-30 -90 18): length = 12mm; probability gray matter = 0.4763
ROI (30 -90 18): length = 12mm; probability gray matter = 0.4763
ROI (-66 -18 6): length = 12mm; probability gray matter = 0.4775
ROI (66 -18 6): length = 12mm; probability gray matter = 0.4775
ROI (-42 -78 -42): length = 12mm; probability gray matter = 0.4788
ROI (42 -78 -42): length = 12mm; probability gray matter = 0.4788
ROI (-18 -54 66): length = 12mm; probability gray matter = 0.4792
ROI (18 -54 66): length = 12mm; probability gray matter = 0.4792
ROI (-18 -18 -30): length = 12mm; probability gray matter = 0.4796
ROI (18 -18 -30): length = 12mm; probability gray matter = 0.4796
ROI (-18 -78 -54): length = 12mm; probability gray matter = 0.4804
ROI (18 -78 -54): length = 12mm; probability gray matter = 0.4804
ROI (-30 -42 -42): length = 12mm; probability gray matter = 0.4808
ROI (30 -42 -42): length = 12mm; probability gray matter = 0.4808
ROI (-42 -30 42): length = 12mm; probability gray matter = 0.4809
ROI (42 -30 42): length = 12mm; probability gray matter = 0.4809
ROI (-6 -30 66): length = 12mm; probability gray matter = 0.4811
ROI (6 -30 66): length = 12mm; probability gray matter = 0.4811
ROI (-42 30 6): length = 12mm; probability gray matter = 0.4812
ROI (42 30 6): length = 12mm; probability gray matter = 0.4812
ROI (-18 -66 54): length = 12mm; probability gray matter = 0.4819
ROI (18 -66 54): length = 12mm; probability gray matter = 0.4819
ROI (-42 -18 54): length = 12mm; probability gray matter = 0.4833
ROI (42 -18 54): length = 12mm; probability gray matter = 0.4833
ROI (-54 -6 18): length = 12mm; probability gray matter = 0.4834
ROI (54 -6 18): length = 12mm; probability gray matter = 0.4834
ROI (-6 66 6): length = 12mm; probability gray matter = 0.4846
ROI (6 66 6): length = 12mm; probability gray matter = 0.4846
ROI (-6 66 -6): length = 12mm; probability gray matter = 0.4848
ROI (6 66 -6): length = 12mm; probability gray matter = 0.4848
ROI (-30 -54 54): length = 12mm; probability gray matter = 0.4853
ROI (30 -54 54): length = 12mm; probability gray matter = 0.4853
ROI (-18 -78 30): length = 12mm; probability gray matter = 0.4854
ROI (18 -78 30): length = 12mm; probability gray matter = 0.4854
ROI (-66 -30 18): length = 12mm; probability gray matter = 0.4856
ROI (66 -30 18): length = 12mm; probability gray matter = 0.4856
ROI (-18 6 6): length = 12mm; probability gray matter = 0.4866
ROI (18 6 6): length = 12mm; probability gray matter = 0.4866
ROI (-18 18 54): length = 12mm; probability gray matter = 0.4876
ROI (18 18 54): length = 12mm; probability gray matter = 0.4876
ROI (-42 -66 -54): length = 12mm; probability gray matter = 0.4888
ROI (42 -66 -54): length = 12mm; probability gray matter = 0.4888
ROI (-6 -30 -42): length = 12mm; probability gray matter = 0.4898
ROI (6 -30 -42): length = 12mm; probability gray matter = 0.4898
ROI (-30 54 -6): length = 12mm; probability gray matter = 0.4910
ROI (30 54 -6): length = 12mm; probability gray matter = 0.4910
ROI (-6 -30 -30): length = 12mm; probability gray matter = 0.4916
ROI (6 -30 -30): length = 12mm; probability gray matter = 0.4916
ROI (-6 -30 30): length = 12mm; probability gray matter = 0.4917
ROI (6 -30 30): length = 12mm; probability gray matter = 0.4917
ROI (-42 -30 54): length = 12mm; probability gray matter = 0.4922
ROI (42 -30 54): length = 12mm; probability gray matter = 0.4922
ROI (-54 -18 30): length = 12mm; probability gray matter = 0.4925
ROI (54 -18 30): length = 12mm; probability gray matter = 0.4925
ROI (-42 30 18): length = 12mm; probability gray matter = 0.4936
ROI (42 30 18): length = 12mm; probability gray matter = 0.4936
ROI (-42 6 54): length = 12mm; probability gray matter = 0.4951
ROI (42 6 54): length = 12mm; probability gray matter = 0.4951
ROI (-54 -54 -30): length = 12mm; probability gray matter = 0.4971
ROI (54 -54 -30): length = 12mm; probability gray matter = 0.4971
ROI (-30 -78 42): length = 12mm; probability gray matter = 0.4986
ROI (30 -78 42): length = 12mm; probability gray matter = 0.4986
ROI (-42 -54 54): length = 12mm; probability gray matter = 0.4993
ROI (42 -54 54): length = 12mm; probability gray matter = 0.4993
ROI (-18 -78 -6): length = 12mm; probability gray matter = 0.4994
ROI (18 -78 -6): length = 12mm; probability gray matter = 0.4994
ROI (-6 -42 66): length = 12mm; probability gray matter = 0.4999
ROI (6 -42 66): length = 12mm; probability gray matter = 0.4999
ROI (-42 -18 -6): length = 12mm; probability gray matter = 0.4999
ROI (42 -18 -6): length = 12mm; probability gray matter = 0.4999
ROI (-42 -54 -54): length = 12mm; probability gray matter = 0.5006
ROI (42 -54 -54): length = 12mm; probability gray matter = 0.5006
ROI (-6 30 -6): length = 12mm; probability gray matter = 0.5009
ROI (6 30 -6): length = 12mm; probability gray matter = 0.5009
ROI (-6 -54 66): length = 12mm; probability gray matter = 0.5009
ROI (6 -54 66): length = 12mm; probability gray matter = 0.5009
ROI (-18 30 -18): length = 12mm; probability gray matter = 0.5011
ROI (18 30 -18): length = 12mm; probability gray matter = 0.5011
ROI (-42 -30 -18): length = 12mm; probability gray matter = 0.5027
ROI (42 -30 -18): length = 12mm; probability gray matter = 0.5027
ROI (-18 54 30): length = 12mm; probability gray matter = 0.5028
ROI (18 54 30): length = 12mm; probability gray matter = 0.5028
ROI (-18 18 6): length = 12mm; probability gray matter = 0.5032
ROI (18 18 6): length = 12mm; probability gray matter = 0.5032
ROI (-42 42 -6): length = 12mm; probability gray matter = 0.5036
ROI (42 42 -6): length = 12mm; probability gray matter = 0.5036
ROI (-6 6 -18): length = 12mm; probability gray matter = 0.5037
ROI (6 6 -18): length = 12mm; probability gray matter = 0.5037
ROI (-66 -18 -18): length = 12mm; probability gray matter = 0.5066
ROI (66 -18 -18): length = 12mm; probability gray matter = 0.5066
ROI (-54 -42 -6): length = 12mm; probability gray matter = 0.5070
ROI (54 -42 -6): length = 12mm; probability gray matter = 0.5070
ROI (-54 -30 30): length = 12mm; probability gray matter = 0.5083
ROI (54 -30 30): length = 12mm; probability gray matter = 0.5083
ROI (-18 6 66): length = 12mm; probability gray matter = 0.5091
ROI (18 6 66): length = 12mm; probability gray matter = 0.5091
ROI (-18 6 -30): length = 12mm; probability gray matter = 0.5099
ROI (18 6 -30): length = 12mm; probability gray matter = 0.5099
ROI (-6 -90 18): length = 12mm; probability gray matter = 0.5102
ROI (6 -90 18): length = 12mm; probability gray matter = 0.5102
ROI (-18 30 54): length = 12mm; probability gray matter = 0.5103
ROI (18 30 54): length = 12mm; probability gray matter = 0.5103
ROI (-42 -66 18): length = 12mm; probability gray matter = 0.5122
ROI (42 -66 18): length = 12mm; probability gray matter = 0.5122
ROI (-18 -6 66): length = 12mm; probability gray matter = 0.5123
ROI (18 -6 66): length = 12mm; probability gray matter = 0.5123
ROI (-66 -30 -18): length = 12mm; probability gray matter = 0.5149
ROI (66 -30 -18): length = 12mm; probability gray matter = 0.5149
ROI (-18 -78 42): length = 12mm; probability gray matter = 0.5156
ROI (18 -78 42): length = 12mm; probability gray matter = 0.5156
ROI (-6 -18 66): length = 12mm; probability gray matter = 0.5163
ROI (6 -18 66): length = 12mm; probability gray matter = 0.5163
ROI (-6 -66 -54): length = 12mm; probability gray matter = 0.5166
ROI (6 -66 -54): length = 12mm; probability gray matter = 0.5166
ROI (-54 -6 30): length = 12mm; probability gray matter = 0.5171
ROI (54 -6 30): length = 12mm; probability gray matter = 0.5171
ROI (-18 42 42): length = 12mm; probability gray matter = 0.5179
ROI (18 42 42): length = 12mm; probability gray matter = 0.5179
ROI (-54 -66 30): length = 12mm; probability gray matter = 0.5201
ROI (54 -66 30): length = 12mm; probability gray matter = 0.5201
ROI (-30 -66 42): length = 12mm; probability gray matter = 0.5212
ROI (30 -66 42): length = 12mm; probability gray matter = 0.5212
ROI (-42 -30 -30): length = 12mm; probability gray matter = 0.5220
ROI (42 -30 -30): length = 12mm; probability gray matter = 0.5220
ROI (-42 -78 30): length = 12mm; probability gray matter = 0.5223
ROI (42 -78 30): length = 12mm; probability gray matter = 0.5223
ROI (-6 -90 -18): length = 12mm; probability gray matter = 0.5225
ROI (6 -90 -18): length = 12mm; probability gray matter = 0.5225
ROI (-42 -66 30): length = 12mm; probability gray matter = 0.5241
ROI (42 -66 30): length = 12mm; probability gray matter = 0.5241
ROI (-6 30 18): length = 12mm; probability gray matter = 0.5269
ROI (6 30 18): length = 12mm; probability gray matter = 0.5269
ROI (-42 -54 42): length = 12mm; probability gray matter = 0.5269
ROI (42 -54 42): length = 12mm; probability gray matter = 0.5269
ROI (-6 -42 -30): length = 12mm; probability gray matter = 0.5279
ROI (6 -42 -30): length = 12mm; probability gray matter = 0.5279
ROI (-54 -6 42): length = 12mm; probability gray matter = 0.5285
ROI (54 -6 42): length = 12mm; probability gray matter = 0.5285
ROI (-18 -66 -42): length = 12mm; probability gray matter = 0.5299
ROI (18 -66 -42): length = 12mm; probability gray matter = 0.5299
ROI (-42 -6 54): length = 12mm; probability gray matter = 0.5299
ROI (42 -6 54): length = 12mm; probability gray matter = 0.5299
ROI (-42 -42 42): length = 12mm; probability gray matter = 0.5302
ROI (42 -42 42): length = 12mm; probability gray matter = 0.5302
ROI (-42 -66 -6): length = 12mm; probability gray matter = 0.5341
ROI (42 -66 -6): length = 12mm; probability gray matter = 0.5341
ROI (-54 6 -30): length = 12mm; probability gray matter = 0.5344
ROI (54 6 -30): length = 12mm; probability gray matter = 0.5344
ROI (-30 -78 30): length = 12mm; probability gray matter = 0.5345
ROI (30 -78 30): length = 12mm; probability gray matter = 0.5345
ROI (-66 -18 -6): length = 12mm; probability gray matter = 0.5354
ROI (66 -18 -6): length = 12mm; probability gray matter = 0.5354
ROI (-42 -78 -6): length = 12mm; probability gray matter = 0.5358
ROI (42 -78 -6): length = 12mm; probability gray matter = 0.5358
ROI (-42 -42 54): length = 12mm; probability gray matter = 0.5359
ROI (42 -42 54): length = 12mm; probability gray matter = 0.5359
ROI (-42 18 42): length = 12mm; probability gray matter = 0.5359
ROI (42 18 42): length = 12mm; probability gray matter = 0.5359
ROI (-18 -42 -54): length = 12mm; probability gray matter = 0.5376
ROI (18 -42 -54): length = 12mm; probability gray matter = 0.5376
ROI (-42 -78 6): length = 12mm; probability gray matter = 0.5400
ROI (42 -78 6): length = 12mm; probability gray matter = 0.5400
ROI (-66 -42 -6): length = 12mm; probability gray matter = 0.5402
ROI (66 -42 -6): length = 12mm; probability gray matter = 0.5402
ROI (-6 -30 54): length = 12mm; probability gray matter = 0.5406
ROI (6 -30 54): length = 12mm; probability gray matter = 0.5406
ROI (-6 42 42): length = 12mm; probability gray matter = 0.5406
ROI (6 42 42): length = 12mm; probability gray matter = 0.5406
ROI (-18 -90 -30): length = 12mm; probability gray matter = 0.5415
ROI (18 -90 -30): length = 12mm; probability gray matter = 0.5415
ROI (-42 6 30): length = 12mm; probability gray matter = 0.5415
ROI (42 6 30): length = 12mm; probability gray matter = 0.5415
ROI (-6 -6 -6): length = 12mm; probability gray matter = 0.5417
ROI (6 -6 -6): length = 12mm; probability gray matter = 0.5417
ROI (-54 -54 42): length = 12mm; probability gray matter = 0.5419
ROI (54 -54 42): length = 12mm; probability gray matter = 0.5419
ROI (-18 -54 -30): length = 12mm; probability gray matter = 0.5422
ROI (18 -54 -30): length = 12mm; probability gray matter = 0.5422
ROI (-42 42 6): length = 12mm; probability gray matter = 0.5425
ROI (42 42 6): length = 12mm; probability gray matter = 0.5425
ROI (-6 54 30): length = 12mm; probability gray matter = 0.5439
ROI (6 54 30): length = 12mm; probability gray matter = 0.5439
ROI (-54 -18 -18): length = 12mm; probability gray matter = 0.5439
ROI (54 -18 -18): length = 12mm; probability gray matter = 0.5439
ROI (-6 -18 54): length = 12mm; probability gray matter = 0.5446
ROI (6 -18 54): length = 12mm; probability gray matter = 0.5446
ROI (-66 -42 6): length = 12mm; probability gray matter = 0.5448
ROI (66 -42 6): length = 12mm; probability gray matter = 0.5448
ROI (-30 54 6): length = 12mm; probability gray matter = 0.5449
ROI (30 54 6): length = 12mm; probability gray matter = 0.5449
ROI (-66 -30 6): length = 12mm; probability gray matter = 0.5458
ROI (66 -30 6): length = 12mm; probability gray matter = 0.5458
ROI (-30 -42 -6): length = 12mm; probability gray matter = 0.5464
ROI (30 -42 -6): length = 12mm; probability gray matter = 0.5464
ROI (-30 30 -18): length = 12mm; probability gray matter = 0.5464
ROI (30 30 -18): length = 12mm; probability gray matter = 0.5464
ROI (-6 -18 -6): length = 12mm; probability gray matter = 0.5487
ROI (6 -18 -6): length = 12mm; probability gray matter = 0.5487
ROI (-18 -66 18): length = 12mm; probability gray matter = 0.5488
ROI (18 -66 18): length = 12mm; probability gray matter = 0.5488
ROI (-6 -42 -54): length = 12mm; probability gray matter = 0.5496
ROI (6 -42 -54): length = 12mm; probability gray matter = 0.5496
ROI (-54 -42 30): length = 12mm; probability gray matter = 0.5499
ROI (54 -42 30): length = 12mm; probability gray matter = 0.5499
ROI (-42 -78 -18): length = 12mm; probability gray matter = 0.5510
ROI (42 -78 -18): length = 12mm; probability gray matter = 0.5510
ROI (-6 -78 42): length = 12mm; probability gray matter = 0.5526
ROI (6 -78 42): length = 12mm; probability gray matter = 0.5526
ROI (-30 18 54): length = 12mm; probability gray matter = 0.5529
ROI (30 18 54): length = 12mm; probability gray matter = 0.5529
ROI (-6 30 54): length = 12mm; probability gray matter = 0.5542
ROI (6 30 54): length = 12mm; probability gray matter = 0.5542
ROI (-54 -30 -18): length = 12mm; probability gray matter = 0.5551
ROI (54 -30 -18): length = 12mm; probability gray matter = 0.5551
ROI (-54 -18 42): length = 12mm; probability gray matter = 0.5561
ROI (54 -18 42): length = 12mm; probability gray matter = 0.5561
ROI (-42 30 30): length = 12mm; probability gray matter = 0.5563
ROI (42 30 30): length = 12mm; probability gray matter = 0.5563
ROI (-54 -30 42): length = 12mm; probability gray matter = 0.5565
ROI (54 -30 42): length = 12mm; probability gray matter = 0.5565
ROI (-42 -66 42): length = 12mm; probability gray matter = 0.5566
ROI (42 -66 42): length = 12mm; probability gray matter = 0.5566
ROI (-42 6 42): length = 12mm; probability gray matter = 0.5578
ROI (42 6 42): length = 12mm; probability gray matter = 0.5578
ROI (-6 -42 -42): length = 12mm; probability gray matter = 0.5582
ROI (6 -42 -42): length = 12mm; probability gray matter = 0.5582
ROI (-42 18 -30): length = 12mm; probability gray matter = 0.5583
ROI (42 18 -30): length = 12mm; probability gray matter = 0.5583
ROI (-54 18 18): length = 12mm; probability gray matter = 0.5593
ROI (54 18 18): length = 12mm; probability gray matter = 0.5593
ROI (-42 6 -30): length = 12mm; probability gray matter = 0.5594
ROI (42 6 -30): length = 12mm; probability gray matter = 0.5594
ROI (-42 -78 -30): length = 12mm; probability gray matter = 0.5615
ROI (42 -78 -30): length = 12mm; probability gray matter = 0.5615
ROI (-42 -30 18): length = 12mm; probability gray matter = 0.5622
ROI (42 -30 18): length = 12mm; probability gray matter = 0.5622
ROI (-30 -6 54): length = 12mm; probability gray matter = 0.5630
ROI (30 -6 54): length = 12mm; probability gray matter = 0.5630
ROI (-42 18 30): length = 12mm; probability gray matter = 0.5630
ROI (42 18 30): length = 12mm; probability gray matter = 0.5630
ROI (-18 -90 -18): length = 12mm; probability gray matter = 0.5634
ROI (18 -90 -18): length = 12mm; probability gray matter = 0.5634
ROI (-30 6 54): length = 12mm; probability gray matter = 0.5642
ROI (30 6 54): length = 12mm; probability gray matter = 0.5642
ROI (-54 6 18): length = 12mm; probability gray matter = 0.5654
ROI (54 6 18): length = 12mm; probability gray matter = 0.5654
ROI (-6 30 42): length = 12mm; probability gray matter = 0.5656
ROI (6 30 42): length = 12mm; probability gray matter = 0.5656
ROI (-54 -42 42): length = 12mm; probability gray matter = 0.5656
ROI (54 -42 42): length = 12mm; probability gray matter = 0.5656
ROI (-54 18 6): length = 12mm; probability gray matter = 0.5659
ROI (54 18 6): length = 12mm; probability gray matter = 0.5659
ROI (-54 6 30): length = 12mm; probability gray matter = 0.5661
ROI (54 6 30): length = 12mm; probability gray matter = 0.5661
ROI (-6 -6 66): length = 12mm; probability gray matter = 0.5674
ROI (6 -6 66): length = 12mm; probability gray matter = 0.5674
ROI (-6 6 66): length = 12mm; probability gray matter = 0.5681
ROI (6 6 66): length = 12mm; probability gray matter = 0.5681
ROI (-6 18 54): length = 12mm; probability gray matter = 0.5685
ROI (6 18 54): length = 12mm; probability gray matter = 0.5685
ROI (-30 18 6): length = 12mm; probability gray matter = 0.5688
ROI (30 18 6): length = 12mm; probability gray matter = 0.5688
ROI (-42 42 18): length = 12mm; probability gray matter = 0.5706
ROI (42 42 18): length = 12mm; probability gray matter = 0.5706
ROI (-6 6 54): length = 12mm; probability gray matter = 0.5706
ROI (6 6 54): length = 12mm; probability gray matter = 0.5706
ROI (-18 -30 6): length = 12mm; probability gray matter = 0.5729
ROI (18 -30 6): length = 12mm; probability gray matter = 0.5729
ROI (-42 -78 18): length = 12mm; probability gray matter = 0.5745
ROI (42 -78 18): length = 12mm; probability gray matter = 0.5745
ROI (-6 -6 54): length = 12mm; probability gray matter = 0.5776
ROI (6 -6 54): length = 12mm; probability gray matter = 0.5776
ROI (-42 30 -6): length = 12mm; probability gray matter = 0.5784
ROI (42 30 -6): length = 12mm; probability gray matter = 0.5784
ROI (-30 54 18): length = 12mm; probability gray matter = 0.5791
ROI (30 54 18): length = 12mm; probability gray matter = 0.5791
ROI (-6 -66 54): length = 12mm; probability gray matter = 0.5846
ROI (6 -66 54): length = 12mm; probability gray matter = 0.5846
ROI (-18 -30 -6): length = 12mm; probability gray matter = 0.5847
ROI (18 -30 -6): length = 12mm; probability gray matter = 0.5847
ROI (-66 -30 -6): length = 12mm; probability gray matter = 0.5855
ROI (66 -30 -6): length = 12mm; probability gray matter = 0.5855
ROI (-18 -66 6): length = 12mm; probability gray matter = 0.5860
ROI (18 -66 6): length = 12mm; probability gray matter = 0.5860
ROI (-18 -18 -18): length = 12mm; probability gray matter = 0.5865
ROI (18 -18 -18): length = 12mm; probability gray matter = 0.5865
ROI (-6 54 18): length = 12mm; probability gray matter = 0.5888
ROI (6 54 18): length = 12mm; probability gray matter = 0.5888
ROI (-6 18 30): length = 12mm; probability gray matter = 0.5895
ROI (6 18 30): length = 12mm; probability gray matter = 0.5895
ROI (-30 30 42): length = 12mm; probability gray matter = 0.5895
ROI (30 30 42): length = 12mm; probability gray matter = 0.5895
ROI (-18 -42 -30): length = 12mm; probability gray matter = 0.5905
ROI (18 -42 -30): length = 12mm; probability gray matter = 0.5905
ROI (-6 42 30): length = 12mm; probability gray matter = 0.5916
ROI (6 42 30): length = 12mm; probability gray matter = 0.5916
ROI (-42 -18 18): length = 12mm; probability gray matter = 0.5922
ROI (42 -18 18): length = 12mm; probability gray matter = 0.5922
ROI (-54 -30 -6): length = 12mm; probability gray matter = 0.5932
ROI (54 -30 -6): length = 12mm; probability gray matter = 0.5932
ROI (-18 -54 6): length = 12mm; probability gray matter = 0.5939
ROI (18 -54 6): length = 12mm; probability gray matter = 0.5939
ROI (-30 42 30): length = 12mm; probability gray matter = 0.5944
ROI (30 42 30): length = 12mm; probability gray matter = 0.5944
ROI (-6 -90 6): length = 12mm; probability gray matter = 0.5945
ROI (6 -90 6): length = 12mm; probability gray matter = 0.5945
ROI (-6 -42 54): length = 12mm; probability gray matter = 0.5972
ROI (6 -42 54): length = 12mm; probability gray matter = 0.5972
ROI (-18 18 -6): length = 12mm; probability gray matter = 0.5996
ROI (18 18 -6): length = 12mm; probability gray matter = 0.5996
ROI (-42 18 -18): length = 12mm; probability gray matter = 0.5999
ROI (42 18 -18): length = 12mm; probability gray matter = 0.5999
ROI (-6 -30 -18): length = 12mm; probability gray matter = 0.6026
ROI (6 -30 -18): length = 12mm; probability gray matter = 0.6026
ROI (-6 -54 -30): length = 12mm; probability gray matter = 0.6033
ROI (6 -54 -30): length = 12mm; probability gray matter = 0.6033
ROI (-54 -66 18): length = 12mm; probability gray matter = 0.6034
ROI (54 -66 18): length = 12mm; probability gray matter = 0.6034
ROI (-18 -30 -18): length = 12mm; probability gray matter = 0.6043
ROI (18 -30 -18): length = 12mm; probability gray matter = 0.6043
ROI (-6 54 -18): length = 12mm; probability gray matter = 0.6044
ROI (6 54 -18): length = 12mm; probability gray matter = 0.6044
ROI (-30 -66 -42): length = 12mm; probability gray matter = 0.6047
ROI (30 -66 -42): length = 12mm; probability gray matter = 0.6047
ROI (-54 -66 -6): length = 12mm; probability gray matter = 0.6111
ROI (54 -66 -6): length = 12mm; probability gray matter = 0.6111
ROI (-54 -30 6): length = 12mm; probability gray matter = 0.6129
ROI (54 -30 6): length = 12mm; probability gray matter = 0.6129
ROI (-6 -54 6): length = 12mm; probability gray matter = 0.6142
ROI (6 -54 6): length = 12mm; probability gray matter = 0.6142
ROI (-54 -18 18): length = 12mm; probability gray matter = 0.6152
ROI (54 -18 18): length = 12mm; probability gray matter = 0.6152
ROI (-6 -30 -6): length = 12mm; probability gray matter = 0.6155
ROI (6 -30 -6): length = 12mm; probability gray matter = 0.6155
ROI (-54 -66 6): length = 12mm; probability gray matter = 0.6176
ROI (54 -66 6): length = 12mm; probability gray matter = 0.6176
ROI (-54 -54 30): length = 12mm; probability gray matter = 0.6182
ROI (54 -54 30): length = 12mm; probability gray matter = 0.6182
ROI (-6 -90 -6): length = 12mm; probability gray matter = 0.6188
ROI (6 -90 -6): length = 12mm; probability gray matter = 0.6188
ROI (-6 -54 54): length = 12mm; probability gray matter = 0.6195
ROI (6 -54 54): length = 12mm; probability gray matter = 0.6195
ROI (-54 -18 -30): length = 12mm; probability gray matter = 0.6200
ROI (54 -18 -30): length = 12mm; probability gray matter = 0.6200
ROI (-54 -42 6): length = 12mm; probability gray matter = 0.6206
ROI (54 -42 6): length = 12mm; probability gray matter = 0.6206
ROI (-54 -54 -6): length = 12mm; probability gray matter = 0.6208
ROI (54 -54 -6): length = 12mm; probability gray matter = 0.6208
ROI (-6 54 -6): length = 12mm; probability gray matter = 0.6241
ROI (6 54 -6): length = 12mm; probability gray matter = 0.6241
ROI (-42 -42 -18): length = 12mm; probability gray matter = 0.6248
ROI (42 -42 -18): length = 12mm; probability gray matter = 0.6248
ROI (-42 6 -42): length = 12mm; probability gray matter = 0.6261
ROI (42 6 -42): length = 12mm; probability gray matter = 0.6261
ROI (-54 -42 18): length = 12mm; probability gray matter = 0.6266
ROI (54 -42 18): length = 12mm; probability gray matter = 0.6266
ROI (-6 -42 30): length = 12mm; probability gray matter = 0.6272
ROI (6 -42 30): length = 12mm; probability gray matter = 0.6272
ROI (-30 -30 -30): length = 12mm; probability gray matter = 0.6278
ROI (30 -30 -30): length = 12mm; probability gray matter = 0.6278
ROI (-6 18 42): length = 12mm; probability gray matter = 0.6297
ROI (6 18 42): length = 12mm; probability gray matter = 0.6297
ROI (-54 6 -18): length = 12mm; probability gray matter = 0.6299
ROI (54 6 -18): length = 12mm; probability gray matter = 0.6299
ROI (-6 -78 30): length = 12mm; probability gray matter = 0.6317
ROI (6 -78 30): length = 12mm; probability gray matter = 0.6317
ROI (-42 6 -18): length = 12mm; probability gray matter = 0.6328
ROI (42 6 -18): length = 12mm; probability gray matter = 0.6328
ROI (-6 -78 18): length = 12mm; probability gray matter = 0.6338
ROI (6 -78 18): length = 12mm; probability gray matter = 0.6338
ROI (-54 -18 6): length = 12mm; probability gray matter = 0.6342
ROI (54 -18 6): length = 12mm; probability gray matter = 0.6342
ROI (-18 -66 -6): length = 12mm; probability gray matter = 0.6344
ROI (18 -66 -6): length = 12mm; probability gray matter = 0.6344
ROI (-54 -54 6): length = 12mm; probability gray matter = 0.6386
ROI (54 -54 6): length = 12mm; probability gray matter = 0.6386
ROI (-54 -6 -30): length = 12mm; probability gray matter = 0.6393
ROI (54 -6 -30): length = 12mm; probability gray matter = 0.6393
ROI (-6 -66 42): length = 12mm; probability gray matter = 0.6397
ROI (6 -66 42): length = 12mm; probability gray matter = 0.6397
ROI (-6 54 6): length = 12mm; probability gray matter = 0.6399
ROI (6 54 6): length = 12mm; probability gray matter = 0.6399
ROI (-42 18 6): length = 12mm; probability gray matter = 0.6424
ROI (42 18 6): length = 12mm; probability gray matter = 0.6424
ROI (-6 -6 6): length = 12mm; probability gray matter = 0.6427
ROI (6 -6 6): length = 12mm; probability gray matter = 0.6427
ROI (-6 -66 -6): length = 12mm; probability gray matter = 0.6458
ROI (6 -66 -6): length = 12mm; probability gray matter = 0.6458
ROI (-6 6 42): length = 12mm; probability gray matter = 0.6466
ROI (6 6 42): length = 12mm; probability gray matter = 0.6466
ROI (-54 6 -6): length = 12mm; probability gray matter = 0.6470
ROI (54 6 -6): length = 12mm; probability gray matter = 0.6470
ROI (-6 -6 42): length = 12mm; probability gray matter = 0.6479
ROI (6 -6 42): length = 12mm; probability gray matter = 0.6479
ROI (-42 -18 -30): length = 12mm; probability gray matter = 0.6491
ROI (42 -18 -30): length = 12mm; probability gray matter = 0.6491
ROI (-18 18 -18): length = 12mm; probability gray matter = 0.6493
ROI (18 18 -18): length = 12mm; probability gray matter = 0.6493
ROI (-54 6 6): length = 12mm; probability gray matter = 0.6508
ROI (54 6 6): length = 12mm; probability gray matter = 0.6508
ROI (-54 -18 -6): length = 12mm; probability gray matter = 0.6521
ROI (54 -18 -6): length = 12mm; probability gray matter = 0.6521
ROI (-54 -30 18): length = 12mm; probability gray matter = 0.6532
ROI (54 -30 18): length = 12mm; probability gray matter = 0.6532
ROI (-42 -6 -42): length = 12mm; probability gray matter = 0.6586
ROI (42 -6 -42): length = 12mm; probability gray matter = 0.6586
ROI (-6 -78 -42): length = 12mm; probability gray matter = 0.6592
ROI (6 -78 -42): length = 12mm; probability gray matter = 0.6592
ROI (-54 -42 -18): length = 12mm; probability gray matter = 0.6594
ROI (54 -42 -18): length = 12mm; probability gray matter = 0.6594
ROI (-6 18 -6): length = 12mm; probability gray matter = 0.6598
ROI (6 18 -6): length = 12mm; probability gray matter = 0.6598
ROI (-54 -6 -18): length = 12mm; probability gray matter = 0.6613
ROI (54 -6 -18): length = 12mm; probability gray matter = 0.6613
ROI (-18 -66 -30): length = 12mm; probability gray matter = 0.6618
ROI (18 -66 -30): length = 12mm; probability gray matter = 0.6618
ROI (-30 18 -18): length = 12mm; probability gray matter = 0.6635
ROI (30 18 -18): length = 12mm; probability gray matter = 0.6635
ROI (-6 42 -18): length = 12mm; probability gray matter = 0.6670
ROI (6 42 -18): length = 12mm; probability gray matter = 0.6670
ROI (-6 -78 -6): length = 12mm; probability gray matter = 0.6672
ROI (6 -78 -6): length = 12mm; probability gray matter = 0.6672
ROI (-6 42 6): length = 12mm; probability gray matter = 0.6678
ROI (6 42 6): length = 12mm; probability gray matter = 0.6678
ROI (-30 -6 6): length = 12mm; probability gray matter = 0.6682
ROI (30 -6 6): length = 12mm; probability gray matter = 0.6682
ROI (-6 30 30): length = 12mm; probability gray matter = 0.6707
ROI (6 30 30): length = 12mm; probability gray matter = 0.6707
ROI (-54 -6 -6): length = 12mm; probability gray matter = 0.6709
ROI (54 -6 -6): length = 12mm; probability gray matter = 0.6709
ROI (-6 -54 18): length = 12mm; probability gray matter = 0.6720
ROI (6 -54 18): length = 12mm; probability gray matter = 0.6720
ROI (-6 -54 -6): length = 12mm; probability gray matter = 0.6723
ROI (6 -54 -6): length = 12mm; probability gray matter = 0.6723
ROI (-30 6 -30): length = 12mm; probability gray matter = 0.6726
ROI (30 6 -30): length = 12mm; probability gray matter = 0.6726
ROI (-54 -54 18): length = 12mm; probability gray matter = 0.6748
ROI (54 -54 18): length = 12mm; probability gray matter = 0.6748
ROI (-42 -18 6): length = 12mm; probability gray matter = 0.6781
ROI (42 -18 6): length = 12mm; probability gray matter = 0.6781
ROI (-54 -6 6): length = 12mm; probability gray matter = 0.6801
ROI (54 -6 6): length = 12mm; probability gray matter = 0.6801
ROI (-6 -54 42): length = 12mm; probability gray matter = 0.6830
ROI (6 -54 42): length = 12mm; probability gray matter = 0.6830
ROI (-30 6 -42): length = 12mm; probability gray matter = 0.6830
ROI (30 6 -42): length = 12mm; probability gray matter = 0.6830
ROI (-18 -6 -30): length = 12mm; probability gray matter = 0.6844
ROI (18 -6 -30): length = 12mm; probability gray matter = 0.6844
ROI (-6 42 -6): length = 12mm; probability gray matter = 0.6857
ROI (6 42 -6): length = 12mm; probability gray matter = 0.6857
ROI (-42 -42 -30): length = 12mm; probability gray matter = 0.6887
ROI (42 -42 -30): length = 12mm; probability gray matter = 0.6887
ROI (-54 -54 -18): length = 12mm; probability gray matter = 0.6889
ROI (54 -54 -18): length = 12mm; probability gray matter = 0.6889
ROI (-6 42 18): length = 12mm; probability gray matter = 0.6902
ROI (6 42 18): length = 12mm; probability gray matter = 0.6902
ROI (-18 -42 -6): length = 12mm; probability gray matter = 0.6933
ROI (18 -42 -6): length = 12mm; probability gray matter = 0.6933
ROI (-6 -42 -18): length = 12mm; probability gray matter = 0.6960
ROI (6 -42 -18): length = 12mm; probability gray matter = 0.6960
ROI (-30 18 -6): length = 12mm; probability gray matter = 0.6967
ROI (30 18 -6): length = 12mm; probability gray matter = 0.6967
ROI (-30 -54 -54): length = 12mm; probability gray matter = 0.6978
ROI (30 -54 -54): length = 12mm; probability gray matter = 0.6978
ROI (-6 -78 -18): length = 12mm; probability gray matter = 0.6981
ROI (6 -78 -18): length = 12mm; probability gray matter = 0.6981
ROI (-42 18 -6): length = 12mm; probability gray matter = 0.6981
ROI (42 18 -6): length = 12mm; probability gray matter = 0.6981
ROI (-30 -18 -30): length = 12mm; probability gray matter = 0.6983
ROI (30 -18 -30): length = 12mm; probability gray matter = 0.6983
ROI (-6 6 -6): length = 12mm; probability gray matter = 0.6994
ROI (6 6 -6): length = 12mm; probability gray matter = 0.6994
ROI (-6 -66 30): length = 12mm; probability gray matter = 0.7001
ROI (6 -66 30): length = 12mm; probability gray matter = 0.7001
ROI (-6 -18 42): length = 12mm; probability gray matter = 0.7008
ROI (6 -18 42): length = 12mm; probability gray matter = 0.7008
ROI (-18 6 -18): length = 12mm; probability gray matter = 0.7020
ROI (18 6 -18): length = 12mm; probability gray matter = 0.7020
ROI (-30 -66 -54): length = 12mm; probability gray matter = 0.7071
ROI (30 -66 -54): length = 12mm; probability gray matter = 0.7071
ROI (-6 -54 30): length = 12mm; probability gray matter = 0.7095
ROI (6 -54 30): length = 12mm; probability gray matter = 0.7095
ROI (-6 30 -18): length = 12mm; probability gray matter = 0.7137
ROI (6 30 -18): length = 12mm; probability gray matter = 0.7137
ROI (-6 -78 6): length = 12mm; probability gray matter = 0.7144
ROI (6 -78 6): length = 12mm; probability gray matter = 0.7144
ROI (-42 6 6): length = 12mm; probability gray matter = 0.7152
ROI (42 6 6): length = 12mm; probability gray matter = 0.7152
ROI (-42 -54 -42): length = 12mm; probability gray matter = 0.7164
ROI (42 -54 -42): length = 12mm; probability gray matter = 0.7164
ROI (-30 -6 -42): length = 12mm; probability gray matter = 0.7170
ROI (30 -6 -42): length = 12mm; probability gray matter = 0.7170
ROI (-6 -54 -54): length = 12mm; probability gray matter = 0.7179
ROI (6 -54 -54): length = 12mm; probability gray matter = 0.7179
ROI (-30 -18 -18): length = 12mm; probability gray matter = 0.7204
ROI (30 -18 -18): length = 12mm; probability gray matter = 0.7204
ROI (-42 -66 -18): length = 12mm; probability gray matter = 0.7211
ROI (42 -66 -18): length = 12mm; probability gray matter = 0.7211
ROI (-42 -6 -6): length = 12mm; probability gray matter = 0.7214
ROI (42 -6 -6): length = 12mm; probability gray matter = 0.7214
ROI (-6 -66 6): length = 12mm; probability gray matter = 0.7222
ROI (6 -66 6): length = 12mm; probability gray matter = 0.7222
ROI (-30 -78 -18): length = 12mm; probability gray matter = 0.7255
ROI (30 -78 -18): length = 12mm; probability gray matter = 0.7255
ROI (-18 -54 -6): length = 12mm; probability gray matter = 0.7271
ROI (18 -54 -6): length = 12mm; probability gray matter = 0.7271
ROI (-18 -6 -18): length = 12mm; probability gray matter = 0.7295
ROI (18 -6 -18): length = 12mm; probability gray matter = 0.7295
ROI (-30 -6 -18): length = 12mm; probability gray matter = 0.7297
ROI (30 -6 -18): length = 12mm; probability gray matter = 0.7297
ROI (-30 6 6): length = 12mm; probability gray matter = 0.7304
ROI (30 6 6): length = 12mm; probability gray matter = 0.7304
ROI (-6 18 -18): length = 12mm; probability gray matter = 0.7315
ROI (6 18 -18): length = 12mm; probability gray matter = 0.7315
ROI (-42 6 -6): length = 12mm; probability gray matter = 0.7320
ROI (42 6 -6): length = 12mm; probability gray matter = 0.7320
ROI (-30 -6 -30): length = 12mm; probability gray matter = 0.7322
ROI (30 -6 -30): length = 12mm; probability gray matter = 0.7322
ROI (-6 -78 -30): length = 12mm; probability gray matter = 0.7332
ROI (6 -78 -30): length = 12mm; probability gray matter = 0.7332
ROI (-30 -6 -6): length = 12mm; probability gray matter = 0.7343
ROI (30 -6 -6): length = 12mm; probability gray matter = 0.7343
ROI (-6 -30 42): length = 12mm; probability gray matter = 0.7350
ROI (6 -30 42): length = 12mm; probability gray matter = 0.7350
ROI (-6 -54 -42): length = 12mm; probability gray matter = 0.7361
ROI (6 -54 -42): length = 12mm; probability gray matter = 0.7361
ROI (-42 -54 -18): length = 12mm; probability gray matter = 0.7367
ROI (42 -54 -18): length = 12mm; probability gray matter = 0.7367
ROI (-30 -78 -42): length = 12mm; probability gray matter = 0.7372
ROI (30 -78 -42): length = 12mm; probability gray matter = 0.7372
ROI (-18 6 -6): length = 12mm; probability gray matter = 0.7379
ROI (18 6 -6): length = 12mm; probability gray matter = 0.7379
ROI (-6 -42 42): length = 12mm; probability gray matter = 0.7381
ROI (6 -42 42): length = 12mm; probability gray matter = 0.7381
ROI (-18 -66 -54): length = 12mm; probability gray matter = 0.7393
ROI (18 -66 -54): length = 12mm; probability gray matter = 0.7393
ROI (-6 -66 -30): length = 12mm; probability gray matter = 0.7411
ROI (6 -66 -30): length = 12mm; probability gray matter = 0.7411
ROI (-18 -78 -42): length = 12mm; probability gray matter = 0.7434
ROI (18 -78 -42): length = 12mm; probability gray matter = 0.7434
ROI (-30 6 -18): length = 12mm; probability gray matter = 0.7435
ROI (30 6 -18): length = 12mm; probability gray matter = 0.7435
ROI (-42 -66 -42): length = 12mm; probability gray matter = 0.7506
ROI (42 -66 -42): length = 12mm; probability gray matter = 0.7506
ROI (-6 -66 18): length = 12mm; probability gray matter = 0.7574
ROI (6 -66 18): length = 12mm; probability gray matter = 0.7574
ROI (-18 -54 -54): length = 12mm; probability gray matter = 0.7619
ROI (18 -54 -54): length = 12mm; probability gray matter = 0.7619
ROI (-30 -30 -18): length = 12mm; probability gray matter = 0.7644
ROI (30 -30 -18): length = 12mm; probability gray matter = 0.7644
ROI (-42 -6 6): length = 12mm; probability gray matter = 0.7718
ROI (42 -6 6): length = 12mm; probability gray matter = 0.7718
ROI (-6 -66 -42): length = 12mm; probability gray matter = 0.7775
ROI (6 -66 -42): length = 12mm; probability gray matter = 0.7775
ROI (-6 -18 6): length = 12mm; probability gray matter = 0.7777
ROI (6 -18 6): length = 12mm; probability gray matter = 0.7777
ROI (-30 -42 -18): length = 12mm; probability gray matter = 0.7870
ROI (30 -42 -18): length = 12mm; probability gray matter = 0.7870
ROI (-30 -54 -30): length = 12mm; probability gray matter = 0.7921
ROI (30 -54 -30): length = 12mm; probability gray matter = 0.7921
ROI (-18 -78 -18): length = 12mm; probability gray matter = 0.7944
ROI (18 -78 -18): length = 12mm; probability gray matter = 0.7944
ROI (-30 -42 -30): length = 12mm; probability gray matter = 0.7950
ROI (30 -42 -30): length = 12mm; probability gray matter = 0.7950
ROI (-30 -78 -30): length = 12mm; probability gray matter = 0.8011
ROI (30 -78 -30): length = 12mm; probability gray matter = 0.8011
ROI (-30 -66 -18): length = 12mm; probability gray matter = 0.8046
ROI (30 -66 -18): length = 12mm; probability gray matter = 0.8046
ROI (-6 -66 -18): length = 12mm; probability gray matter = 0.8093
ROI (6 -66 -18): length = 12mm; probability gray matter = 0.8093
ROI (-30 -54 -18): length = 12mm; probability gray matter = 0.8107
ROI (30 -54 -18): length = 12mm; probability gray matter = 0.8107
ROI (-18 -78 -30): length = 12mm; probability gray matter = 0.8116
ROI (18 -78 -30): length = 12mm; probability gray matter = 0.8116
ROI (-42 -66 -30): length = 12mm; probability gray matter = 0.8123
ROI (42 -66 -30): length = 12mm; probability gray matter = 0.8123
ROI (-30 -66 -30): length = 12mm; probability gray matter = 0.8181
ROI (30 -66 -30): length = 12mm; probability gray matter = 0.8181
ROI (-30 6 -6): length = 12mm; probability gray matter = 0.8307
ROI (30 6 -6): length = 12mm; probability gray matter = 0.8307
ROI (-18 -42 -18): length = 12mm; probability gray matter = 0.8383
ROI (18 -42 -18): length = 12mm; probability gray matter = 0.8383
ROI (-42 -54 -30): length = 12mm; probability gray matter = 0.8427
ROI (42 -54 -30): length = 12mm; probability gray matter = 0.8427
ROI (-6 -54 -18): length = 12mm; probability gray matter = 0.8501
ROI (6 -54 -18): length = 12mm; probability gray matter = 0.8501
ROI (-18 -66 -18): length = 12mm; probability gray matter = 0.8914
ROI (18 -66 -18): length = 12mm; probability gray matter = 0.8914
ROI (-18 -54 -18): length = 12mm; probability gray matter = 0.9049
ROI (18 -54 -18): length = 12mm; probability gray matter = 0.9049
