ROI (-10 -110 10): length = 20mm; probability gray matter = 0.1030
ROI (10 -110 10): length = 20mm; probability gray matter = 0.1030
ROI (-30 50 50): length = 20mm; probability gray matter = 0.1040
ROI (30 50 50): length = 20mm; probability gray matter = 0.1040
ROI (-10 -110 -10): length = 20mm; probability gray matter = 0.1064
ROI (10 -110 -10): length = 20mm; probability gray matter = 0.1064
ROI (-30 -10 30): length = 20mm; probability gray matter = 0.1107
ROI (30 -10 30): length = 20mm; probability gray matter = 0.1107
ROI (-50 10 -50): length = 20mm; probability gray matter = 0.1116
ROI (50 10 -50): length = 20mm; probability gray matter = 0.1116
ROI (-70 -30 -30): length = 20mm; probability gray matter = 0.1126
ROI (70 -30 -30): length = 20mm; probability gray matter = 0.1126
ROI (-70 -10 -30): length = 20mm; probability gray matter = 0.1217
ROI (70 -10 -30): length = 20mm; probability gray matter = 0.1217
ROI (-30 -30 30): length = 20mm; probability gray matter = 0.1258
ROI (30 -30 30): length = 20mm; probability gray matter = 0.1258
ROI (-10 -70 70): length = 20mm; probability gray matter = 0.1361
ROI (10 -70 70): length = 20mm; probability gray matter = 0.1361
ROI (-50 -90 -10): length = 20mm; probability gray matter = 0.1388
ROI (50 -90 -10): length = 20mm; probability gray matter = 0.1388
ROI (-70 -50 30): length = 20mm; probability gray matter = 0.1488
ROI (70 -50 30): length = 20mm; probability gray matter = 0.1488
ROI (-10 30 70): length = 20mm; probability gray matter = 0.1537
ROI (10 30 70): length = 20mm; probability gray matter = 0.1537
ROI (-50 -90 10): length = 20mm; probability gray matter = 0.1537
ROI (50 -90 10): length = 20mm; probability gray matter = 0.1537
ROI (-30 -30 -50): length = 20mm; probability gray matter = 0.1576
ROI (30 -30 -50): length = 20mm; probability gray matter = 0.1576
ROI (-50 -70 50): length = 20mm; probability gray matter = 0.1580
ROI (50 -70 50): length = 20mm; probability gray matter = 0.1580
ROI (-30 30 -30): length = 20mm; probability gray matter = 0.1592
ROI (30 30 -30): length = 20mm; probability gray matter = 0.1592
ROI (-10 70 30): length = 20mm; probability gray matter = 0.1664
ROI (10 70 30): length = 20mm; probability gray matter = 0.1664
ROI (-30 70 -10): length = 20mm; probability gray matter = 0.1671
ROI (30 70 -10): length = 20mm; probability gray matter = 0.1671
ROI (-50 -10 -50): length = 20mm; probability gray matter = 0.1686
ROI (50 -10 -50): length = 20mm; probability gray matter = 0.1686
ROI (-70 -10 30): length = 20mm; probability gray matter = 0.1756
ROI (70 -10 30): length = 20mm; probability gray matter = 0.1756
ROI (-30 -90 -50): length = 20mm; probability gray matter = 0.1794
ROI (30 -90 -50): length = 20mm; probability gray matter = 0.1794
ROI (-30 10 70): length = 20mm; probability gray matter = 0.1839
ROI (30 10 70): length = 20mm; probability gray matter = 0.1839
ROI (-30 -50 30): length = 20mm; probability gray matter = 0.1848
ROI (30 -50 30): length = 20mm; probability gray matter = 0.1848
ROI (-10 -90 -50): length = 20mm; probability gray matter = 0.1903
ROI (10 -90 -50): length = 20mm; probability gray matter = 0.1903
ROI (-30 -50 10): length = 20mm; probability gray matter = 0.2043
ROI (30 -50 10): length = 20mm; probability gray matter = 0.2043
ROI (-70 -50 -10): length = 20mm; probability gray matter = 0.2106
ROI (70 -50 -10): length = 20mm; probability gray matter = 0.2106
ROI (-50 50 -10): length = 20mm; probability gray matter = 0.2111
ROI (50 50 -10): length = 20mm; probability gray matter = 0.2111
ROI (-30 70 10): length = 20mm; probability gray matter = 0.2115
ROI (30 70 10): length = 20mm; probability gray matter = 0.2115
ROI (-10 -10 -50): length = 20mm; probability gray matter = 0.2133
ROI (10 -10 -50): length = 20mm; probability gray matter = 0.2133
ROI (-70 -10 10): length = 20mm; probability gray matter = 0.2226
ROI (70 -10 10): length = 20mm; probability gray matter = 0.2226
ROI (-50 -50 -50): length = 20mm; probability gray matter = 0.2273
ROI (50 -50 -50): length = 20mm; probability gray matter = 0.2273
ROI (-70 -30 30): length = 20mm; probability gray matter = 0.2296
ROI (70 -30 30): length = 20mm; probability gray matter = 0.2296
ROI (-70 -10 -10): length = 20mm; probability gray matter = 0.2314
ROI (70 -10 -10): length = 20mm; probability gray matter = 0.2314
ROI (-70 -50 10): length = 20mm; probability gray matter = 0.2329
ROI (70 -50 10): length = 20mm; probability gray matter = 0.2329
ROI (-30 10 30): length = 20mm; probability gray matter = 0.2344
ROI (30 10 30): length = 20mm; probability gray matter = 0.2344
ROI (-50 50 10): length = 20mm; probability gray matter = 0.2391
ROI (50 50 10): length = 20mm; probability gray matter = 0.2391
ROI (-30 10 -50): length = 20mm; probability gray matter = 0.2421
ROI (30 10 -50): length = 20mm; probability gray matter = 0.2421
ROI (-10 50 -30): length = 20mm; probability gray matter = 0.2496
ROI (10 50 -30): length = 20mm; probability gray matter = 0.2496
ROI (-50 -70 -50): length = 20mm; probability gray matter = 0.2509
ROI (50 -70 -50): length = 20mm; probability gray matter = 0.2509
ROI (-30 -50 70): length = 20mm; probability gray matter = 0.2628
ROI (30 -50 70): length = 20mm; probability gray matter = 0.2628
ROI (-30 30 10): length = 20mm; probability gray matter = 0.2786
ROI (30 30 10): length = 20mm; probability gray matter = 0.2786
ROI (-50 10 50): length = 20mm; probability gray matter = 0.2889
ROI (50 10 50): length = 20mm; probability gray matter = 0.2889
ROI (-10 70 -10): length = 20mm; probability gray matter = 0.2898
ROI (10 70 -10): length = 20mm; probability gray matter = 0.2898
ROI (-10 50 50): length = 20mm; probability gray matter = 0.2908
ROI (10 50 50): length = 20mm; probability gray matter = 0.2908
ROI (-10 30 10): length = 20mm; probability gray matter = 0.2919
ROI (10 30 10): length = 20mm; probability gray matter = 0.2919
ROI (-30 -70 10): length = 20mm; probability gray matter = 0.2929
ROI (30 -70 10): length = 20mm; probability gray matter = 0.2929
ROI (-30 -30 70): length = 20mm; probability gray matter = 0.3009
ROI (30 -30 70): length = 20mm; probability gray matter = 0.3009
ROI (-30 -10 -50): length = 20mm; probability gray matter = 0.3009
ROI (30 -10 -50): length = 20mm; probability gray matter = 0.3009
ROI (-30 -10 70): length = 20mm; probability gray matter = 0.3039
ROI (30 -10 70): length = 20mm; probability gray matter = 0.3039
ROI (-10 -10 30): length = 20mm; probability gray matter = 0.3053
ROI (10 -10 30): length = 20mm; probability gray matter = 0.3053
ROI (-70 -30 10): length = 20mm; probability gray matter = 0.3090
ROI (70 -30 10): length = 20mm; probability gray matter = 0.3090
ROI (-30 -30 10): length = 20mm; probability gray matter = 0.3123
ROI (30 -30 10): length = 20mm; probability gray matter = 0.3123
ROI (-10 30 -30): length = 20mm; probability gray matter = 0.3197
ROI (10 30 -30): length = 20mm; probability gray matter = 0.3197
ROI (-10 10 -30): length = 20mm; probability gray matter = 0.3198
ROI (10 10 -30): length = 20mm; probability gray matter = 0.3198
ROI (-10 10 30): length = 20mm; probability gray matter = 0.3222
ROI (10 10 30): length = 20mm; probability gray matter = 0.3222
ROI (-30 -90 30): length = 20mm; probability gray matter = 0.3262
ROI (30 -90 30): length = 20mm; probability gray matter = 0.3262
ROI (-70 -30 -10): length = 20mm; probability gray matter = 0.3309
ROI (70 -30 -10): length = 20mm; probability gray matter = 0.3309
ROI (-10 70 10): length = 20mm; probability gray matter = 0.3317
ROI (10 70 10): length = 20mm; probability gray matter = 0.3317
ROI (-10 -30 -50): length = 20mm; probability gray matter = 0.3513
ROI (10 -30 -50): length = 20mm; probability gray matter = 0.3513
ROI (-30 -30 50): length = 20mm; probability gray matter = 0.3584
ROI (30 -30 50): length = 20mm; probability gray matter = 0.3584
ROI (-50 30 30): length = 20mm; probability gray matter = 0.3640
ROI (50 30 30): length = 20mm; probability gray matter = 0.3640
ROI (-50 30 -10): length = 20mm; probability gray matter = 0.3654
ROI (50 30 -10): length = 20mm; probability gray matter = 0.3654
ROI (-10 -30 30): length = 20mm; probability gray matter = 0.3805
ROI (10 -30 30): length = 20mm; probability gray matter = 0.3805
ROI (-10 -90 30): length = 20mm; probability gray matter = 0.3860
ROI (10 -90 30): length = 20mm; probability gray matter = 0.3860
ROI (-10 -50 70): length = 20mm; probability gray matter = 0.3873
ROI (10 -50 70): length = 20mm; probability gray matter = 0.3873
ROI (-10 10 70): length = 20mm; probability gray matter = 0.3885
ROI (10 10 70): length = 20mm; probability gray matter = 0.3885
ROI (-10 -10 -30): length = 20mm; probability gray matter = 0.3957
ROI (10 -10 -30): length = 20mm; probability gray matter = 0.3957
ROI (-30 -90 -30): length = 20mm; probability gray matter = 0.4025
ROI (30 -90 -30): length = 20mm; probability gray matter = 0.4025
ROI (-30 30 30): length = 20mm; probability gray matter = 0.4031
ROI (30 30 30): length = 20mm; probability gray matter = 0.4031
ROI (-30 -10 50): length = 20mm; probability gray matter = 0.4069
ROI (30 -10 50): length = 20mm; probability gray matter = 0.4069
ROI (-10 10 10): length = 20mm; probability gray matter = 0.4132
ROI (10 10 10): length = 20mm; probability gray matter = 0.4132
ROI (-30 -90 10): length = 20mm; probability gray matter = 0.4138
ROI (30 -90 10): length = 20mm; probability gray matter = 0.4138
ROI (-10 -30 70): length = 20mm; probability gray matter = 0.4148
ROI (10 -30 70): length = 20mm; probability gray matter = 0.4148
ROI (-50 -10 50): length = 20mm; probability gray matter = 0.4225
ROI (50 -10 50): length = 20mm; probability gray matter = 0.4225
ROI (-30 50 -10): length = 20mm; probability gray matter = 0.4246
ROI (30 50 -10): length = 20mm; probability gray matter = 0.4246
ROI (-50 -70 -30): length = 20mm; probability gray matter = 0.4275
ROI (50 -70 -30): length = 20mm; probability gray matter = 0.4275
ROI (-50 -50 50): length = 20mm; probability gray matter = 0.4281
ROI (50 -50 50): length = 20mm; probability gray matter = 0.4281
ROI (-10 -30 10): length = 20mm; probability gray matter = 0.4289
ROI (10 -30 10): length = 20mm; probability gray matter = 0.4289
ROI (-30 30 50): length = 20mm; probability gray matter = 0.4296
ROI (30 30 50): length = 20mm; probability gray matter = 0.4296
ROI (-30 -70 50): length = 20mm; probability gray matter = 0.4356
ROI (30 -70 50): length = 20mm; probability gray matter = 0.4356
ROI (-30 50 10): length = 20mm; probability gray matter = 0.4387
ROI (30 50 10): length = 20mm; probability gray matter = 0.4387
ROI (-50 -30 -30): length = 20mm; probability gray matter = 0.4396
ROI (50 -30 -30): length = 20mm; probability gray matter = 0.4396
ROI (-30 -70 30): length = 20mm; probability gray matter = 0.4403
ROI (30 -70 30): length = 20mm; probability gray matter = 0.4403
ROI (-50 -70 30): length = 20mm; probability gray matter = 0.4473
ROI (50 -70 30): length = 20mm; probability gray matter = 0.4473
ROI (-10 -10 50): length = 20mm; probability gray matter = 0.4508
ROI (10 -10 50): length = 20mm; probability gray matter = 0.4508
ROI (-30 -90 -10): length = 20mm; probability gray matter = 0.4512
ROI (30 -90 -10): length = 20mm; probability gray matter = 0.4512
ROI (-10 -10 70): length = 20mm; probability gray matter = 0.4512
ROI (10 -10 70): length = 20mm; probability gray matter = 0.4512
ROI (-30 -50 50): length = 20mm; probability gray matter = 0.4520
ROI (30 -50 50): length = 20mm; probability gray matter = 0.4520
ROI (-50 -10 30): length = 20mm; probability gray matter = 0.4540
ROI (50 -10 30): length = 20mm; probability gray matter = 0.4540
ROI (-30 50 30): length = 20mm; probability gray matter = 0.4616
ROI (30 50 30): length = 20mm; probability gray matter = 0.4616
ROI (-50 30 10): length = 20mm; probability gray matter = 0.4701
ROI (50 30 10): length = 20mm; probability gray matter = 0.4701
ROI (-10 30 30): length = 20mm; probability gray matter = 0.4713
ROI (10 30 30): length = 20mm; probability gray matter = 0.4713
ROI (-50 -30 50): length = 20mm; probability gray matter = 0.4721
ROI (50 -30 50): length = 20mm; probability gray matter = 0.4721
ROI (-50 -30 30): length = 20mm; probability gray matter = 0.4756
ROI (50 -30 30): length = 20mm; probability gray matter = 0.4756
ROI (-10 -50 10): length = 20mm; probability gray matter = 0.4768
ROI (10 -50 10): length = 20mm; probability gray matter = 0.4768
ROI (-10 -90 -30): length = 20mm; probability gray matter = 0.4768
ROI (10 -90 -30): length = 20mm; probability gray matter = 0.4768
ROI (-50 10 -30): length = 20mm; probability gray matter = 0.4770
ROI (50 10 -30): length = 20mm; probability gray matter = 0.4770
ROI (-10 -10 -10): length = 20mm; probability gray matter = 0.4795
ROI (10 -10 -10): length = 20mm; probability gray matter = 0.4795
ROI (-50 -30 -10): length = 20mm; probability gray matter = 0.4835
ROI (50 -30 -10): length = 20mm; probability gray matter = 0.4835
ROI (-10 -30 -30): length = 20mm; probability gray matter = 0.4866
ROI (10 -30 -30): length = 20mm; probability gray matter = 0.4866
ROI (-10 10 50): length = 20mm; probability gray matter = 0.4884
ROI (10 10 50): length = 20mm; probability gray matter = 0.4884
ROI (-10 -30 50): length = 20mm; probability gray matter = 0.4896
ROI (10 -30 50): length = 20mm; probability gray matter = 0.4896
ROI (-10 -10 10): length = 20mm; probability gray matter = 0.4898
ROI (10 -10 10): length = 20mm; probability gray matter = 0.4898
ROI (-30 10 50): length = 20mm; probability gray matter = 0.4920
ROI (30 10 50): length = 20mm; probability gray matter = 0.4920
ROI (-10 30 -10): length = 20mm; probability gray matter = 0.4960
ROI (10 30 -10): length = 20mm; probability gray matter = 0.4960
ROI (-10 -90 10): length = 20mm; probability gray matter = 0.4968
ROI (10 -90 10): length = 20mm; probability gray matter = 0.4968
ROI (-30 -10 10): length = 20mm; probability gray matter = 0.4988
ROI (30 -10 10): length = 20mm; probability gray matter = 0.4988
ROI (-30 30 -10): length = 20mm; probability gray matter = 0.4999
ROI (30 30 -10): length = 20mm; probability gray matter = 0.4999
ROI (-10 50 30): length = 20mm; probability gray matter = 0.5033
ROI (10 50 30): length = 20mm; probability gray matter = 0.5033
ROI (-30 10 10): length = 20mm; probability gray matter = 0.5058
ROI (30 10 10): length = 20mm; probability gray matter = 0.5058
ROI (-50 -70 -10): length = 20mm; probability gray matter = 0.5075
ROI (50 -70 -10): length = 20mm; probability gray matter = 0.5075
ROI (-10 -70 50): length = 20mm; probability gray matter = 0.5105
ROI (10 -70 50): length = 20mm; probability gray matter = 0.5105
ROI (-10 30 50): length = 20mm; probability gray matter = 0.5124
ROI (10 30 50): length = 20mm; probability gray matter = 0.5124
ROI (-10 50 10): length = 20mm; probability gray matter = 0.5132
ROI (10 50 10): length = 20mm; probability gray matter = 0.5132
ROI (-10 -50 30): length = 20mm; probability gray matter = 0.5158
ROI (10 -50 30): length = 20mm; probability gray matter = 0.5158
ROI (-10 50 -10): length = 20mm; probability gray matter = 0.5222
ROI (10 50 -10): length = 20mm; probability gray matter = 0.5222
ROI (-50 -70 10): length = 20mm; probability gray matter = 0.5264
ROI (50 -70 10): length = 20mm; probability gray matter = 0.5264
ROI (-30 -30 -10): length = 20mm; probability gray matter = 0.5316
ROI (30 -30 -10): length = 20mm; probability gray matter = 0.5316
ROI (-10 -50 50): length = 20mm; probability gray matter = 0.5321
ROI (10 -50 50): length = 20mm; probability gray matter = 0.5321
ROI (-50 10 30): length = 20mm; probability gray matter = 0.5360
ROI (50 10 30): length = 20mm; probability gray matter = 0.5360
ROI (-50 -50 30): length = 20mm; probability gray matter = 0.5370
ROI (50 -50 30): length = 20mm; probability gray matter = 0.5370
ROI (-30 -70 -10): length = 20mm; probability gray matter = 0.5421
ROI (30 -70 -10): length = 20mm; probability gray matter = 0.5421
ROI (-30 -50 -50): length = 20mm; probability gray matter = 0.5499
ROI (30 -50 -50): length = 20mm; probability gray matter = 0.5499
ROI (-10 -90 -10): length = 20mm; probability gray matter = 0.5566
ROI (10 -90 -10): length = 20mm; probability gray matter = 0.5566
ROI (-50 -50 10): length = 20mm; probability gray matter = 0.5574
ROI (50 -50 10): length = 20mm; probability gray matter = 0.5574
ROI (-50 -50 -10): length = 20mm; probability gray matter = 0.5689
ROI (50 -50 -10): length = 20mm; probability gray matter = 0.5689
ROI (-50 -50 -30): length = 20mm; probability gray matter = 0.5705
ROI (50 -50 -30): length = 20mm; probability gray matter = 0.5705
ROI (-50 -10 -30): length = 20mm; probability gray matter = 0.5744
ROI (50 -10 -30): length = 20mm; probability gray matter = 0.5744
ROI (-30 -50 -10): length = 20mm; probability gray matter = 0.5745
ROI (30 -50 -10): length = 20mm; probability gray matter = 0.5745
ROI (-10 -30 -10): length = 20mm; probability gray matter = 0.5747
ROI (10 -30 -10): length = 20mm; probability gray matter = 0.5747
ROI (-50 10 -10): length = 20mm; probability gray matter = 0.5754
ROI (50 10 -10): length = 20mm; probability gray matter = 0.5754
ROI (-50 10 10): length = 20mm; probability gray matter = 0.5876
ROI (50 10 10): length = 20mm; probability gray matter = 0.5876
ROI (-30 -30 -30): length = 20mm; probability gray matter = 0.5934
ROI (30 -30 -30): length = 20mm; probability gray matter = 0.5934
ROI (-10 -50 -30): length = 20mm; probability gray matter = 0.6020
ROI (10 -50 -30): length = 20mm; probability gray matter = 0.6020
ROI (-50 -30 10): length = 20mm; probability gray matter = 0.6020
ROI (50 -30 10): length = 20mm; probability gray matter = 0.6020
ROI (-10 -70 30): length = 20mm; probability gray matter = 0.6078
ROI (10 -70 30): length = 20mm; probability gray matter = 0.6078
ROI (-50 -10 -10): length = 20mm; probability gray matter = 0.6151
ROI (50 -10 -10): length = 20mm; probability gray matter = 0.6151
ROI (-30 10 -30): length = 20mm; probability gray matter = 0.6186
ROI (30 10 -30): length = 20mm; probability gray matter = 0.6186
ROI (-10 -70 -50): length = 20mm; probability gray matter = 0.6238
ROI (10 -70 -50): length = 20mm; probability gray matter = 0.6238
ROI (-50 -10 10): length = 20mm; probability gray matter = 0.6349
ROI (50 -10 10): length = 20mm; probability gray matter = 0.6349
ROI (-30 -10 -10): length = 20mm; probability gray matter = 0.6386
ROI (30 -10 -10): length = 20mm; probability gray matter = 0.6386
ROI (-10 -50 -50): length = 20mm; probability gray matter = 0.6484
ROI (10 -50 -50): length = 20mm; probability gray matter = 0.6484
ROI (-10 -70 10): length = 20mm; probability gray matter = 0.6647
ROI (10 -70 10): length = 20mm; probability gray matter = 0.6647
ROI (-30 -70 -50): length = 20mm; probability gray matter = 0.6660
ROI (30 -70 -50): length = 20mm; probability gray matter = 0.6660
ROI (-30 -10 -30): length = 20mm; probability gray matter = 0.6926
ROI (30 -10 -30): length = 20mm; probability gray matter = 0.6926
ROI (-10 10 -10): length = 20mm; probability gray matter = 0.6956
ROI (10 10 -10): length = 20mm; probability gray matter = 0.6956
ROI (-10 -70 -10): length = 20mm; probability gray matter = 0.6961
ROI (10 -70 -10): length = 20mm; probability gray matter = 0.6961
ROI (-10 -50 -10): length = 20mm; probability gray matter = 0.7054
ROI (10 -50 -10): length = 20mm; probability gray matter = 0.7054
ROI (-10 -70 -30): length = 20mm; probability gray matter = 0.7430
ROI (10 -70 -30): length = 20mm; probability gray matter = 0.7430
ROI (-30 -50 -30): length = 20mm; probability gray matter = 0.7455
ROI (30 -50 -30): length = 20mm; probability gray matter = 0.7455
ROI (-30 10 -10): length = 20mm; probability gray matter = 0.7580
ROI (30 10 -10): length = 20mm; probability gray matter = 0.7580
ROI (-30 -70 -30): length = 20mm; probability gray matter = 0.7954
ROI (30 -70 -30): length = 20mm; probability gray matter = 0.7954
