ROI (-35 -21 77): length = 14mm; probability gray matter = 0.1014
ROI (35 -21 77): length = 14mm; probability gray matter = 0.1014
ROI (-21 -21 35): length = 14mm; probability gray matter = 0.1061
ROI (21 -21 35): length = 14mm; probability gray matter = 0.1061
ROI (-35 -21 -49): length = 14mm; probability gray matter = 0.1104
ROI (35 -21 -49): length = 14mm; probability gray matter = 0.1104
ROI (-21 -35 21): length = 14mm; probability gray matter = 0.1114
ROI (21 -35 21): length = 14mm; probability gray matter = 0.1114
ROI (-21 -77 -63): length = 14mm; probability gray matter = 0.1118
ROI (21 -77 -63): length = 14mm; probability gray matter = 0.1118
ROI (-7 21 -35): length = 14mm; probability gray matter = 0.1134
ROI (7 21 -35): length = 14mm; probability gray matter = 0.1134
ROI (-49 -91 -7): length = 14mm; probability gray matter = 0.1137
ROI (49 -91 -7): length = 14mm; probability gray matter = 0.1137
ROI (-21 -35 -63): length = 14mm; probability gray matter = 0.1139
ROI (21 -35 -63): length = 14mm; probability gray matter = 0.1139
ROI (-21 7 77): length = 14mm; probability gray matter = 0.1142
ROI (21 7 77): length = 14mm; probability gray matter = 0.1142
ROI (-21 -77 63): length = 14mm; probability gray matter = 0.1186
ROI (21 -77 63): length = 14mm; probability gray matter = 0.1186
ROI (-7 -77 63): length = 14mm; probability gray matter = 0.1192
ROI (7 -77 63): length = 14mm; probability gray matter = 0.1192
ROI (-21 21 -35): length = 14mm; probability gray matter = 0.1208
ROI (21 21 -35): length = 14mm; probability gray matter = 0.1208
ROI (-21 35 63): length = 14mm; probability gray matter = 0.1211
ROI (21 35 63): length = 14mm; probability gray matter = 0.1211
ROI (-49 -91 7): length = 14mm; probability gray matter = 0.1215
ROI (49 -91 7): length = 14mm; probability gray matter = 0.1215
ROI (-63 -7 49): length = 14mm; probability gray matter = 0.1278
ROI (63 -7 49): length = 14mm; probability gray matter = 0.1278
ROI (-49 -77 -49): length = 14mm; probability gray matter = 0.1313
ROI (49 -77 -49): length = 14mm; probability gray matter = 0.1313
ROI (-35 -49 21): length = 14mm; probability gray matter = 0.1328
ROI (35 -49 21): length = 14mm; probability gray matter = 0.1328
ROI (-21 -35 35): length = 14mm; probability gray matter = 0.1346
ROI (21 -35 35): length = 14mm; probability gray matter = 0.1346
ROI (-63 -63 -21): length = 14mm; probability gray matter = 0.1368
ROI (63 -63 -21): length = 14mm; probability gray matter = 0.1368
ROI (-49 -49 63): length = 14mm; probability gray matter = 0.1395
ROI (49 -49 63): length = 14mm; probability gray matter = 0.1395
ROI (-35 -49 -63): length = 14mm; probability gray matter = 0.1415
ROI (35 -49 -63): length = 14mm; probability gray matter = 0.1415
ROI (-7 -21 -63): length = 14mm; probability gray matter = 0.1432
ROI (7 -21 -63): length = 14mm; probability gray matter = 0.1432
ROI (-21 63 35): length = 14mm; probability gray matter = 0.1503
ROI (21 63 35): length = 14mm; probability gray matter = 0.1503
ROI (-7 49 -35): length = 14mm; probability gray matter = 0.1512
ROI (7 49 -35): length = 14mm; probability gray matter = 0.1512
ROI (-7 7 -35): length = 14mm; probability gray matter = 0.1521
ROI (7 7 -35): length = 14mm; probability gray matter = 0.1521
ROI (-21 -91 -49): length = 14mm; probability gray matter = 0.1532
ROI (21 -91 -49): length = 14mm; probability gray matter = 0.1532
ROI (-49 35 -21): length = 14mm; probability gray matter = 0.1563
ROI (49 35 -21): length = 14mm; probability gray matter = 0.1563
ROI (-35 -91 35): length = 14mm; probability gray matter = 0.1574
ROI (35 -91 35): length = 14mm; probability gray matter = 0.1574
ROI (-35 -49 7): length = 14mm; probability gray matter = 0.1574
ROI (35 -49 7): length = 14mm; probability gray matter = 0.1574
ROI (-21 -49 21): length = 14mm; probability gray matter = 0.1582
ROI (21 -49 21): length = 14mm; probability gray matter = 0.1582
ROI (-63 -49 49): length = 14mm; probability gray matter = 0.1588
ROI (63 -49 49): length = 14mm; probability gray matter = 0.1588
ROI (-49 -7 63): length = 14mm; probability gray matter = 0.1610
ROI (49 -7 63): length = 14mm; probability gray matter = 0.1610
ROI (-35 -21 35): length = 14mm; probability gray matter = 0.1635
ROI (35 -21 35): length = 14mm; probability gray matter = 0.1635
ROI (-35 21 63): length = 14mm; probability gray matter = 0.1680
ROI (35 21 63): length = 14mm; probability gray matter = 0.1680
ROI (-35 -35 -49): length = 14mm; probability gray matter = 0.1682
ROI (35 -35 -49): length = 14mm; probability gray matter = 0.1682
ROI (-21 63 -21): length = 14mm; probability gray matter = 0.1693
ROI (21 63 -21): length = 14mm; probability gray matter = 0.1693
ROI (-7 -35 -63): length = 14mm; probability gray matter = 0.1700
ROI (7 -35 -63): length = 14mm; probability gray matter = 0.1700
ROI (-63 -63 35): length = 14mm; probability gray matter = 0.1709
ROI (63 -63 35): length = 14mm; probability gray matter = 0.1709
ROI (-21 35 21): length = 14mm; probability gray matter = 0.1800
ROI (21 35 21): length = 14mm; probability gray matter = 0.1800
ROI (-35 -91 -35): length = 14mm; probability gray matter = 0.1805
ROI (35 -91 -35): length = 14mm; probability gray matter = 0.1805
ROI (-7 -7 -49): length = 14mm; probability gray matter = 0.1831
ROI (7 -7 -49): length = 14mm; probability gray matter = 0.1831
ROI (-35 -7 35): length = 14mm; probability gray matter = 0.1845
ROI (35 -7 35): length = 14mm; probability gray matter = 0.1845
ROI (-35 63 21): length = 14mm; probability gray matter = 0.1847
ROI (35 63 21): length = 14mm; probability gray matter = 0.1847
ROI (-21 -49 35): length = 14mm; probability gray matter = 0.1864
ROI (21 -49 35): length = 14mm; probability gray matter = 0.1864
ROI (-49 7 -49): length = 14mm; probability gray matter = 0.1876
ROI (49 7 -49): length = 14mm; probability gray matter = 0.1876
ROI (-7 35 -35): length = 14mm; probability gray matter = 0.1897
ROI (7 35 -35): length = 14mm; probability gray matter = 0.1897
ROI (-63 21 7): length = 14mm; probability gray matter = 0.1902
ROI (63 21 7): length = 14mm; probability gray matter = 0.1902
ROI (-63 21 21): length = 14mm; probability gray matter = 0.1902
ROI (63 21 21): length = 14mm; probability gray matter = 0.1902
ROI (-7 -105 -7): length = 14mm; probability gray matter = 0.1913
ROI (7 -105 -7): length = 14mm; probability gray matter = 0.1913
ROI (-7 7 77): length = 14mm; probability gray matter = 0.1925
ROI (7 7 77): length = 14mm; probability gray matter = 0.1925
ROI (-21 -21 49): length = 14mm; probability gray matter = 0.1941
ROI (21 -21 49): length = 14mm; probability gray matter = 0.1941
ROI (-49 21 -35): length = 14mm; probability gray matter = 0.1944
ROI (49 21 -35): length = 14mm; probability gray matter = 0.1944
ROI (-7 -63 -63): length = 14mm; probability gray matter = 0.1951
ROI (7 -63 -63): length = 14mm; probability gray matter = 0.1951
ROI (-21 49 49): length = 14mm; probability gray matter = 0.1956
ROI (21 49 49): length = 14mm; probability gray matter = 0.1956
ROI (-7 -105 7): length = 14mm; probability gray matter = 0.1980
ROI (7 -105 7): length = 14mm; probability gray matter = 0.1980
ROI (-21 -21 21): length = 14mm; probability gray matter = 0.1994
ROI (21 -21 21): length = 14mm; probability gray matter = 0.1994
ROI (-21 7 -49): length = 14mm; probability gray matter = 0.2002
ROI (21 7 -49): length = 14mm; probability gray matter = 0.2002
ROI (-21 -105 7): length = 14mm; probability gray matter = 0.2039
ROI (21 -105 7): length = 14mm; probability gray matter = 0.2039
ROI (-21 -7 21): length = 14mm; probability gray matter = 0.2040
ROI (21 -7 21): length = 14mm; probability gray matter = 0.2040
ROI (-21 7 21): length = 14mm; probability gray matter = 0.2072
ROI (21 7 21): length = 14mm; probability gray matter = 0.2072
ROI (-49 49 21): length = 14mm; probability gray matter = 0.2077
ROI (49 49 21): length = 14mm; probability gray matter = 0.2077
ROI (-21 -105 -7): length = 14mm; probability gray matter = 0.2078
ROI (21 -105 -7): length = 14mm; probability gray matter = 0.2078
ROI (-35 -63 -63): length = 14mm; probability gray matter = 0.2080
ROI (35 -63 -63): length = 14mm; probability gray matter = 0.2080
ROI (-21 35 -7): length = 14mm; probability gray matter = 0.2113
ROI (21 35 -7): length = 14mm; probability gray matter = 0.2113
ROI (-35 -35 35): length = 14mm; probability gray matter = 0.2129
ROI (35 -35 35): length = 14mm; probability gray matter = 0.2129
ROI (-35 49 -21): length = 14mm; probability gray matter = 0.2170
ROI (35 49 -21): length = 14mm; probability gray matter = 0.2170
ROI (-49 -35 63): length = 14mm; probability gray matter = 0.2171
ROI (49 -35 63): length = 14mm; probability gray matter = 0.2171
ROI (-63 -21 49): length = 14mm; probability gray matter = 0.2173
ROI (63 -21 49): length = 14mm; probability gray matter = 0.2173
ROI (-63 7 -21): length = 14mm; probability gray matter = 0.2174
ROI (63 7 -21): length = 14mm; probability gray matter = 0.2174
ROI (-21 -49 77): length = 14mm; probability gray matter = 0.2206
ROI (21 -49 77): length = 14mm; probability gray matter = 0.2206
ROI (-21 21 35): length = 14mm; probability gray matter = 0.2208
ROI (21 21 35): length = 14mm; probability gray matter = 0.2208
ROI (-49 21 49): length = 14mm; probability gray matter = 0.2221
ROI (49 21 49): length = 14mm; probability gray matter = 0.2221
ROI (-7 35 63): length = 14mm; probability gray matter = 0.2231
ROI (7 35 63): length = 14mm; probability gray matter = 0.2231
ROI (-63 7 35): length = 14mm; probability gray matter = 0.2241
ROI (63 7 35): length = 14mm; probability gray matter = 0.2241
ROI (-21 -7 77): length = 14mm; probability gray matter = 0.2275
ROI (21 -7 77): length = 14mm; probability gray matter = 0.2275
ROI (-35 -35 7): length = 14mm; probability gray matter = 0.2313
ROI (35 -35 7): length = 14mm; probability gray matter = 0.2313
ROI (-63 -21 -35): length = 14mm; probability gray matter = 0.2345
ROI (63 -21 -35): length = 14mm; probability gray matter = 0.2345
ROI (-49 -35 -35): length = 14mm; probability gray matter = 0.2348
ROI (49 -35 -35): length = 14mm; probability gray matter = 0.2348
ROI (-7 63 35): length = 14mm; probability gray matter = 0.2353
ROI (7 63 35): length = 14mm; probability gray matter = 0.2353
ROI (-7 -49 77): length = 14mm; probability gray matter = 0.2353
ROI (7 -49 77): length = 14mm; probability gray matter = 0.2353
ROI (-35 -35 21): length = 14mm; probability gray matter = 0.2358
ROI (35 -35 21): length = 14mm; probability gray matter = 0.2358
ROI (-49 -21 63): length = 14mm; probability gray matter = 0.2361
ROI (49 -21 63): length = 14mm; probability gray matter = 0.2361
ROI (-35 -63 63): length = 14mm; probability gray matter = 0.2372
ROI (35 -63 63): length = 14mm; probability gray matter = 0.2372
ROI (-35 -63 7): length = 14mm; probability gray matter = 0.2421
ROI (35 -63 7): length = 14mm; probability gray matter = 0.2421
ROI (-63 -35 49): length = 14mm; probability gray matter = 0.2442
ROI (63 -35 49): length = 14mm; probability gray matter = 0.2442
ROI (-21 -35 77): length = 14mm; probability gray matter = 0.2517
ROI (21 -35 77): length = 14mm; probability gray matter = 0.2517
ROI (-21 -21 -49): length = 14mm; probability gray matter = 0.2530
ROI (21 -21 -49): length = 14mm; probability gray matter = 0.2530
ROI (-35 -7 21): length = 14mm; probability gray matter = 0.2531
ROI (35 -7 21): length = 14mm; probability gray matter = 0.2531
ROI (-21 -21 77): length = 14mm; probability gray matter = 0.2550
ROI (21 -21 77): length = 14mm; probability gray matter = 0.2550
ROI (-49 -7 -49): length = 14mm; probability gray matter = 0.2566
ROI (49 -7 -49): length = 14mm; probability gray matter = 0.2566
ROI (-7 -35 21): length = 14mm; probability gray matter = 0.2610
ROI (7 -35 21): length = 14mm; probability gray matter = 0.2610
ROI (-7 -7 -35): length = 14mm; probability gray matter = 0.2634
ROI (7 -7 -35): length = 14mm; probability gray matter = 0.2634
ROI (-63 -7 -35): length = 14mm; probability gray matter = 0.2645
ROI (63 -7 -35): length = 14mm; probability gray matter = 0.2645
ROI (-35 7 21): length = 14mm; probability gray matter = 0.2684
ROI (35 7 21): length = 14mm; probability gray matter = 0.2684
ROI (-21 -49 -63): length = 14mm; probability gray matter = 0.2691
ROI (21 -49 -63): length = 14mm; probability gray matter = 0.2691
ROI (-21 -35 49): length = 14mm; probability gray matter = 0.2736
ROI (21 -35 49): length = 14mm; probability gray matter = 0.2736
ROI (-63 7 -7): length = 14mm; probability gray matter = 0.2761
ROI (63 7 -7): length = 14mm; probability gray matter = 0.2761
ROI (-49 35 35): length = 14mm; probability gray matter = 0.2765
ROI (49 35 35): length = 14mm; probability gray matter = 0.2765
ROI (-63 -63 21): length = 14mm; probability gray matter = 0.2774
ROI (63 -63 21): length = 14mm; probability gray matter = 0.2774
ROI (-21 49 7): length = 14mm; probability gray matter = 0.2784
ROI (21 49 7): length = 14mm; probability gray matter = 0.2784
ROI (-7 -49 -63): length = 14mm; probability gray matter = 0.2821
ROI (7 -49 -63): length = 14mm; probability gray matter = 0.2821
ROI (-35 -63 21): length = 14mm; probability gray matter = 0.2825
ROI (35 -63 21): length = 14mm; probability gray matter = 0.2825
ROI (-7 7 21): length = 14mm; probability gray matter = 0.2840
ROI (7 7 21): length = 14mm; probability gray matter = 0.2840
ROI (-35 -91 -21): length = 14mm; probability gray matter = 0.2844
ROI (35 -91 -21): length = 14mm; probability gray matter = 0.2844
ROI (-7 -91 35): length = 14mm; probability gray matter = 0.2856
ROI (7 -91 35): length = 14mm; probability gray matter = 0.2856
ROI (-35 21 21): length = 14mm; probability gray matter = 0.2863
ROI (35 21 21): length = 14mm; probability gray matter = 0.2863
ROI (-21 -63 -63): length = 14mm; probability gray matter = 0.2880
ROI (21 -63 -63): length = 14mm; probability gray matter = 0.2880
ROI (-49 -77 -35): length = 14mm; probability gray matter = 0.2930
ROI (49 -77 -35): length = 14mm; probability gray matter = 0.2930
ROI (-49 -77 -21): length = 14mm; probability gray matter = 0.2930
ROI (49 -77 -21): length = 14mm; probability gray matter = 0.2930
ROI (-49 -77 35): length = 14mm; probability gray matter = 0.2935
ROI (49 -77 35): length = 14mm; probability gray matter = 0.2935
ROI (-21 -91 35): length = 14mm; probability gray matter = 0.2937
ROI (21 -91 35): length = 14mm; probability gray matter = 0.2937
ROI (-21 49 -7): length = 14mm; probability gray matter = 0.2938
ROI (21 49 -7): length = 14mm; probability gray matter = 0.2938
ROI (-35 -77 49): length = 14mm; probability gray matter = 0.2979
ROI (35 -77 49): length = 14mm; probability gray matter = 0.2979
ROI (-63 -63 -7): length = 14mm; probability gray matter = 0.2984
ROI (63 -63 -7): length = 14mm; probability gray matter = 0.2984
ROI (-49 -49 -49): length = 14mm; probability gray matter = 0.2987
ROI (49 -49 -49): length = 14mm; probability gray matter = 0.2987
ROI (-21 -7 49): length = 14mm; probability gray matter = 0.2992
ROI (21 -7 49): length = 14mm; probability gray matter = 0.2992
ROI (-21 -7 -49): length = 14mm; probability gray matter = 0.3011
ROI (21 -7 -49): length = 14mm; probability gray matter = 0.3011
ROI (-35 35 49): length = 14mm; probability gray matter = 0.3040
ROI (35 35 49): length = 14mm; probability gray matter = 0.3040
ROI (-7 -7 77): length = 14mm; probability gray matter = 0.3059
ROI (7 -7 77): length = 14mm; probability gray matter = 0.3059
ROI (-7 -21 -49): length = 14mm; probability gray matter = 0.3076
ROI (7 -21 -49): length = 14mm; probability gray matter = 0.3076
ROI (-35 -49 35): length = 14mm; probability gray matter = 0.3083
ROI (35 -49 35): length = 14mm; probability gray matter = 0.3083
ROI (-21 -49 49): length = 14mm; probability gray matter = 0.3128
ROI (21 -49 49): length = 14mm; probability gray matter = 0.3128
ROI (-7 63 -21): length = 14mm; probability gray matter = 0.3156
ROI (7 63 -21): length = 14mm; probability gray matter = 0.3156
ROI (-7 49 49): length = 14mm; probability gray matter = 0.3178
ROI (7 49 49): length = 14mm; probability gray matter = 0.3178
ROI (-35 35 7): length = 14mm; probability gray matter = 0.3205
ROI (35 35 7): length = 14mm; probability gray matter = 0.3205
ROI (-7 21 7): length = 14mm; probability gray matter = 0.3206
ROI (7 21 7): length = 14mm; probability gray matter = 0.3206
ROI (-7 -35 77): length = 14mm; probability gray matter = 0.3208
ROI (7 -35 77): length = 14mm; probability gray matter = 0.3208
ROI (-21 -77 7): length = 14mm; probability gray matter = 0.3212
ROI (21 -77 7): length = 14mm; probability gray matter = 0.3212
ROI (-7 -7 21): length = 14mm; probability gray matter = 0.3236
ROI (7 -7 21): length = 14mm; probability gray matter = 0.3236
ROI (-21 49 -21): length = 14mm; probability gray matter = 0.3242
ROI (21 49 -21): length = 14mm; probability gray matter = 0.3242
ROI (-35 49 35): length = 14mm; probability gray matter = 0.3254
ROI (35 49 35): length = 14mm; probability gray matter = 0.3254
ROI (-63 -63 7): length = 14mm; probability gray matter = 0.3275
ROI (63 -63 7): length = 14mm; probability gray matter = 0.3275
ROI (-7 -91 -35): length = 14mm; probability gray matter = 0.3320
ROI (7 -91 -35): length = 14mm; probability gray matter = 0.3320
ROI (-35 35 -21): length = 14mm; probability gray matter = 0.3335
ROI (35 35 -21): length = 14mm; probability gray matter = 0.3335
ROI (-7 -7 -21): length = 14mm; probability gray matter = 0.3338
ROI (7 -7 -21): length = 14mm; probability gray matter = 0.3338
ROI (-35 21 -35): length = 14mm; probability gray matter = 0.3339
ROI (35 21 -35): length = 14mm; probability gray matter = 0.3339
ROI (-21 -7 7): length = 14mm; probability gray matter = 0.3356
ROI (21 -7 7): length = 14mm; probability gray matter = 0.3356
ROI (-7 -21 77): length = 14mm; probability gray matter = 0.3369
ROI (7 -21 77): length = 14mm; probability gray matter = 0.3369
ROI (-35 63 7): length = 14mm; probability gray matter = 0.3390
ROI (35 63 7): length = 14mm; probability gray matter = 0.3390
ROI (-7 -21 21): length = 14mm; probability gray matter = 0.3393
ROI (7 -21 21): length = 14mm; probability gray matter = 0.3393
ROI (-35 63 -7): length = 14mm; probability gray matter = 0.3414
ROI (35 63 -7): length = 14mm; probability gray matter = 0.3414
ROI (-35 -91 21): length = 14mm; probability gray matter = 0.3423
ROI (35 -91 21): length = 14mm; probability gray matter = 0.3423
ROI (-49 49 -7): length = 14mm; probability gray matter = 0.3444
ROI (49 49 -7): length = 14mm; probability gray matter = 0.3444
ROI (-21 -21 7): length = 14mm; probability gray matter = 0.3459
ROI (21 -21 7): length = 14mm; probability gray matter = 0.3459
ROI (-49 49 7): length = 14mm; probability gray matter = 0.3472
ROI (49 49 7): length = 14mm; probability gray matter = 0.3472
ROI (-35 -21 21): length = 14mm; probability gray matter = 0.3477
ROI (35 -21 21): length = 14mm; probability gray matter = 0.3477
ROI (-35 7 -49): length = 14mm; probability gray matter = 0.3513
ROI (35 7 -49): length = 14mm; probability gray matter = 0.3513
ROI (-63 7 7): length = 14mm; probability gray matter = 0.3540
ROI (63 7 7): length = 14mm; probability gray matter = 0.3540
ROI (-63 7 21): length = 14mm; probability gray matter = 0.3580
ROI (63 7 21): length = 14mm; probability gray matter = 0.3580
ROI (-35 7 63): length = 14mm; probability gray matter = 0.3603
ROI (35 7 63): length = 14mm; probability gray matter = 0.3603
ROI (-49 -63 49): length = 14mm; probability gray matter = 0.3630
ROI (49 -63 49): length = 14mm; probability gray matter = 0.3630
ROI (-35 -77 7): length = 14mm; probability gray matter = 0.3646
ROI (35 -77 7): length = 14mm; probability gray matter = 0.3646
ROI (-21 21 7): length = 14mm; probability gray matter = 0.3648
ROI (21 21 7): length = 14mm; probability gray matter = 0.3648
ROI (-7 -35 7): length = 14mm; probability gray matter = 0.3659
ROI (7 -35 7): length = 14mm; probability gray matter = 0.3659
ROI (-63 -7 35): length = 14mm; probability gray matter = 0.3707
ROI (63 -7 35): length = 14mm; probability gray matter = 0.3707
ROI (-49 21 -21): length = 14mm; probability gray matter = 0.3711
ROI (49 21 -21): length = 14mm; probability gray matter = 0.3711
ROI (-21 -35 -49): length = 14mm; probability gray matter = 0.3714
ROI (21 -35 -49): length = 14mm; probability gray matter = 0.3714
ROI (-63 -49 -21): length = 14mm; probability gray matter = 0.3716
ROI (63 -49 -21): length = 14mm; probability gray matter = 0.3716
ROI (-21 -21 -35): length = 14mm; probability gray matter = 0.3720
ROI (21 -21 -35): length = 14mm; probability gray matter = 0.3720
ROI (-21 -63 35): length = 14mm; probability gray matter = 0.3720
ROI (21 -63 35): length = 14mm; probability gray matter = 0.3720
ROI (-21 7 49): length = 14mm; probability gray matter = 0.3721
ROI (21 7 49): length = 14mm; probability gray matter = 0.3721
ROI (-35 7 35): length = 14mm; probability gray matter = 0.3739
ROI (35 7 35): length = 14mm; probability gray matter = 0.3739
ROI (-21 21 63): length = 14mm; probability gray matter = 0.3792
ROI (21 21 63): length = 14mm; probability gray matter = 0.3792
ROI (-7 -21 -35): length = 14mm; probability gray matter = 0.3820
ROI (7 -21 -35): length = 14mm; probability gray matter = 0.3820
ROI (-21 -21 63): length = 14mm; probability gray matter = 0.3845
ROI (21 -21 63): length = 14mm; probability gray matter = 0.3845
ROI (-21 -77 21): length = 14mm; probability gray matter = 0.3865
ROI (21 -77 21): length = 14mm; probability gray matter = 0.3865
ROI (-7 21 21): length = 14mm; probability gray matter = 0.3874
ROI (7 21 21): length = 14mm; probability gray matter = 0.3874
ROI (-21 -21 -7): length = 14mm; probability gray matter = 0.3880
ROI (21 -21 -7): length = 14mm; probability gray matter = 0.3880
ROI (-49 -35 -7): length = 14mm; probability gray matter = 0.3892
ROI (49 -35 -7): length = 14mm; probability gray matter = 0.3892
ROI (-21 -91 7): length = 14mm; probability gray matter = 0.3899
ROI (21 -91 7): length = 14mm; probability gray matter = 0.3899
ROI (-21 -49 -35): length = 14mm; probability gray matter = 0.3905
ROI (21 -49 -35): length = 14mm; probability gray matter = 0.3905
ROI (-35 -49 -7): length = 14mm; probability gray matter = 0.3930
ROI (35 -49 -7): length = 14mm; probability gray matter = 0.3930
ROI (-49 -63 -49): length = 14mm; probability gray matter = 0.3969
ROI (49 -63 -49): length = 14mm; probability gray matter = 0.3969
ROI (-63 -49 35): length = 14mm; probability gray matter = 0.3981
ROI (63 -49 35): length = 14mm; probability gray matter = 0.3981
ROI (-49 -7 21): length = 14mm; probability gray matter = 0.3986
ROI (49 -7 21): length = 14mm; probability gray matter = 0.3986
ROI (-35 -21 49): length = 14mm; probability gray matter = 0.3996
ROI (35 -21 49): length = 14mm; probability gray matter = 0.3996
ROI (-21 -49 7): length = 14mm; probability gray matter = 0.3998
ROI (21 -49 7): length = 14mm; probability gray matter = 0.3998
ROI (-35 -49 63): length = 14mm; probability gray matter = 0.4009
ROI (35 -49 63): length = 14mm; probability gray matter = 0.4009
ROI (-21 63 21): length = 14mm; probability gray matter = 0.4011
ROI (21 63 21): length = 14mm; probability gray matter = 0.4011
ROI (-35 -7 -49): length = 14mm; probability gray matter = 0.4016
ROI (35 -7 -49): length = 14mm; probability gray matter = 0.4016
ROI (-21 -91 -35): length = 14mm; probability gray matter = 0.4080
ROI (21 -91 -35): length = 14mm; probability gray matter = 0.4080
ROI (-21 49 21): length = 14mm; probability gray matter = 0.4096
ROI (21 49 21): length = 14mm; probability gray matter = 0.4096
ROI (-35 -21 63): length = 14mm; probability gray matter = 0.4104
ROI (35 -21 63): length = 14mm; probability gray matter = 0.4104
ROI (-21 -35 63): length = 14mm; probability gray matter = 0.4151
ROI (21 -35 63): length = 14mm; probability gray matter = 0.4151
ROI (-21 -63 63): length = 14mm; probability gray matter = 0.4154
ROI (21 -63 63): length = 14mm; probability gray matter = 0.4154
ROI (-35 35 21): length = 14mm; probability gray matter = 0.4156
ROI (35 35 21): length = 14mm; probability gray matter = 0.4156
ROI (-21 -35 7): length = 14mm; probability gray matter = 0.4157
ROI (21 -35 7): length = 14mm; probability gray matter = 0.4157
ROI (-49 7 49): length = 14mm; probability gray matter = 0.4182
ROI (49 7 49): length = 14mm; probability gray matter = 0.4182
ROI (-35 -35 -7): length = 14mm; probability gray matter = 0.4184
ROI (35 -35 -7): length = 14mm; probability gray matter = 0.4184
ROI (-35 -35 63): length = 14mm; probability gray matter = 0.4196
ROI (35 -35 63): length = 14mm; probability gray matter = 0.4196
ROI (-7 7 7): length = 14mm; probability gray matter = 0.4219
ROI (7 7 7): length = 14mm; probability gray matter = 0.4219
ROI (-35 -91 -7): length = 14mm; probability gray matter = 0.4237
ROI (35 -91 -7): length = 14mm; probability gray matter = 0.4237
ROI (-21 -77 49): length = 14mm; probability gray matter = 0.4251
ROI (21 -77 49): length = 14mm; probability gray matter = 0.4251
ROI (-21 35 35): length = 14mm; probability gray matter = 0.4274
ROI (21 35 35): length = 14mm; probability gray matter = 0.4274
ROI (-21 -63 21): length = 14mm; probability gray matter = 0.4276
ROI (21 -63 21): length = 14mm; probability gray matter = 0.4276
ROI (-49 -35 35): length = 14mm; probability gray matter = 0.4287
ROI (49 -35 35): length = 14mm; probability gray matter = 0.4287
ROI (-7 35 7): length = 14mm; probability gray matter = 0.4293
ROI (7 35 7): length = 14mm; probability gray matter = 0.4293
ROI (-35 -91 7): length = 14mm; probability gray matter = 0.4315
ROI (35 -91 7): length = 14mm; probability gray matter = 0.4315
ROI (-21 -91 21): length = 14mm; probability gray matter = 0.4318
ROI (21 -91 21): length = 14mm; probability gray matter = 0.4318
ROI (-35 -63 -7): length = 14mm; probability gray matter = 0.4326
ROI (35 -63 -7): length = 14mm; probability gray matter = 0.4326
ROI (-35 -63 35): length = 14mm; probability gray matter = 0.4342
ROI (35 -63 35): length = 14mm; probability gray matter = 0.4342
ROI (-7 -77 49): length = 14mm; probability gray matter = 0.4361
ROI (7 -77 49): length = 14mm; probability gray matter = 0.4361
ROI (-35 21 35): length = 14mm; probability gray matter = 0.4389
ROI (35 21 35): length = 14mm; probability gray matter = 0.4389
ROI (-21 -63 49): length = 14mm; probability gray matter = 0.4402
ROI (21 -63 49): length = 14mm; probability gray matter = 0.4402
ROI (-21 35 -21): length = 14mm; probability gray matter = 0.4403
ROI (21 35 -21): length = 14mm; probability gray matter = 0.4403
ROI (-35 -21 -7): length = 14mm; probability gray matter = 0.4409
ROI (35 -21 -7): length = 14mm; probability gray matter = 0.4409
ROI (-35 35 -7): length = 14mm; probability gray matter = 0.4410
ROI (35 35 -7): length = 14mm; probability gray matter = 0.4410
ROI (-49 -21 35): length = 14mm; probability gray matter = 0.4436
ROI (49 -21 35): length = 14mm; probability gray matter = 0.4436
ROI (-21 -35 -35): length = 14mm; probability gray matter = 0.4438
ROI (21 -35 -35): length = 14mm; probability gray matter = 0.4438
ROI (-7 63 21): length = 14mm; probability gray matter = 0.4493
ROI (7 63 21): length = 14mm; probability gray matter = 0.4493
ROI (-35 -7 63): length = 14mm; probability gray matter = 0.4506
ROI (35 -7 63): length = 14mm; probability gray matter = 0.4506
ROI (-49 -21 -35): length = 14mm; probability gray matter = 0.4508
ROI (49 -21 -35): length = 14mm; probability gray matter = 0.4508
ROI (-7 -91 -21): length = 14mm; probability gray matter = 0.4517
ROI (7 -91 -21): length = 14mm; probability gray matter = 0.4517
ROI (-63 -7 21): length = 14mm; probability gray matter = 0.4519
ROI (63 -7 21): length = 14mm; probability gray matter = 0.4519
ROI (-49 -49 -7): length = 14mm; probability gray matter = 0.4529
ROI (49 -49 -7): length = 14mm; probability gray matter = 0.4529
ROI (-7 -63 63): length = 14mm; probability gray matter = 0.4532
ROI (7 -63 63): length = 14mm; probability gray matter = 0.4532
ROI (-7 7 -21): length = 14mm; probability gray matter = 0.4534
ROI (7 7 -21): length = 14mm; probability gray matter = 0.4534
ROI (-49 -77 21): length = 14mm; probability gray matter = 0.4535
ROI (49 -77 21): length = 14mm; probability gray matter = 0.4535
ROI (-21 -49 63): length = 14mm; probability gray matter = 0.4552
ROI (21 -49 63): length = 14mm; probability gray matter = 0.4552
ROI (-35 -77 -7): length = 14mm; probability gray matter = 0.4582
ROI (35 -77 -7): length = 14mm; probability gray matter = 0.4582
ROI (-7 -91 21): length = 14mm; probability gray matter = 0.4583
ROI (7 -91 21): length = 14mm; probability gray matter = 0.4583
ROI (-63 -21 35): length = 14mm; probability gray matter = 0.4605
ROI (63 -21 35): length = 14mm; probability gray matter = 0.4605
ROI (-7 -35 -49): length = 14mm; probability gray matter = 0.4621
ROI (7 -35 -49): length = 14mm; probability gray matter = 0.4621
ROI (-7 -21 -21): length = 14mm; probability gray matter = 0.4638
ROI (7 -21 -21): length = 14mm; probability gray matter = 0.4638
ROI (-21 -91 -7): length = 14mm; probability gray matter = 0.4644
ROI (21 -91 -7): length = 14mm; probability gray matter = 0.4644
ROI (-7 -7 35): length = 14mm; probability gray matter = 0.4647
ROI (7 -7 35): length = 14mm; probability gray matter = 0.4647
ROI (-35 -35 49): length = 14mm; probability gray matter = 0.4654
ROI (35 -35 49): length = 14mm; probability gray matter = 0.4654
ROI (-49 -77 -7): length = 14mm; probability gray matter = 0.4658
ROI (49 -77 -7): length = 14mm; probability gray matter = 0.4658
ROI (-21 63 7): length = 14mm; probability gray matter = 0.4661
ROI (21 63 7): length = 14mm; probability gray matter = 0.4661
ROI (-7 -77 -49): length = 14mm; probability gray matter = 0.4675
ROI (7 -77 -49): length = 14mm; probability gray matter = 0.4675
ROI (-7 21 63): length = 14mm; probability gray matter = 0.4682
ROI (7 21 63): length = 14mm; probability gray matter = 0.4682
ROI (-21 63 -7): length = 14mm; probability gray matter = 0.4685
ROI (21 63 -7): length = 14mm; probability gray matter = 0.4685
ROI (-35 49 -7): length = 14mm; probability gray matter = 0.4732
ROI (35 49 -7): length = 14mm; probability gray matter = 0.4732
ROI (-63 -35 35): length = 14mm; probability gray matter = 0.4749
ROI (63 -35 35): length = 14mm; probability gray matter = 0.4749
ROI (-35 -35 -35): length = 14mm; probability gray matter = 0.4751
ROI (35 -35 -35): length = 14mm; probability gray matter = 0.4751
ROI (-35 -7 49): length = 14mm; probability gray matter = 0.4765
ROI (35 -7 49): length = 14mm; probability gray matter = 0.4765
ROI (-7 -21 63): length = 14mm; probability gray matter = 0.4766
ROI (7 -21 63): length = 14mm; probability gray matter = 0.4766
ROI (-7 -35 63): length = 14mm; probability gray matter = 0.4783
ROI (7 -35 63): length = 14mm; probability gray matter = 0.4783
ROI (-21 21 -7): length = 14mm; probability gray matter = 0.4798
ROI (21 21 -7): length = 14mm; probability gray matter = 0.4798
ROI (-49 -21 -21): length = 14mm; probability gray matter = 0.4830
ROI (49 -21 -21): length = 14mm; probability gray matter = 0.4830
ROI (-49 -49 7): length = 14mm; probability gray matter = 0.4841
ROI (49 -49 7): length = 14mm; probability gray matter = 0.4841
ROI (-21 21 49): length = 14mm; probability gray matter = 0.4842
ROI (21 21 49): length = 14mm; probability gray matter = 0.4842
ROI (-49 -7 35): length = 14mm; probability gray matter = 0.4867
ROI (49 -7 35): length = 14mm; probability gray matter = 0.4867
ROI (-21 -63 -35): length = 14mm; probability gray matter = 0.4873
ROI (21 -63 -35): length = 14mm; probability gray matter = 0.4873
ROI (-21 -7 -7): length = 14mm; probability gray matter = 0.4874
ROI (21 -7 -7): length = 14mm; probability gray matter = 0.4874
ROI (-49 35 21): length = 14mm; probability gray matter = 0.4890
ROI (49 35 21): length = 14mm; probability gray matter = 0.4890
ROI (-63 -7 -21): length = 14mm; probability gray matter = 0.4906
ROI (63 -7 -21): length = 14mm; probability gray matter = 0.4906
ROI (-49 21 35): length = 14mm; probability gray matter = 0.4924
ROI (49 21 35): length = 14mm; probability gray matter = 0.4924
ROI (-49 35 -7): length = 14mm; probability gray matter = 0.4931
ROI (49 35 -7): length = 14mm; probability gray matter = 0.4931
ROI (-49 -49 35): length = 14mm; probability gray matter = 0.4966
ROI (49 -49 35): length = 14mm; probability gray matter = 0.4966
ROI (-21 -91 -21): length = 14mm; probability gray matter = 0.4969
ROI (21 -91 -21): length = 14mm; probability gray matter = 0.4969
ROI (-35 -77 21): length = 14mm; probability gray matter = 0.4975
ROI (35 -77 21): length = 14mm; probability gray matter = 0.4975
ROI (-49 -7 49): length = 14mm; probability gray matter = 0.4988
ROI (49 -7 49): length = 14mm; probability gray matter = 0.4988
ROI (-21 35 49): length = 14mm; probability gray matter = 0.4991
ROI (21 35 49): length = 14mm; probability gray matter = 0.4991
ROI (-49 -77 7): length = 14mm; probability gray matter = 0.5000
ROI (49 -77 7): length = 14mm; probability gray matter = 0.5000
ROI (-63 -7 7): length = 14mm; probability gray matter = 0.5002
ROI (63 -7 7): length = 14mm; probability gray matter = 0.5002
ROI (-21 -7 63): length = 14mm; probability gray matter = 0.5004
ROI (21 -7 63): length = 14mm; probability gray matter = 0.5004
ROI (-21 49 35): length = 14mm; probability gray matter = 0.5013
ROI (21 49 35): length = 14mm; probability gray matter = 0.5013
ROI (-7 -35 -35): length = 14mm; probability gray matter = 0.5023
ROI (7 -35 -35): length = 14mm; probability gray matter = 0.5023
ROI (-21 7 -35): length = 14mm; probability gray matter = 0.5056
ROI (21 7 -35): length = 14mm; probability gray matter = 0.5056
ROI (-63 -7 -7): length = 14mm; probability gray matter = 0.5060
ROI (63 -7 -7): length = 14mm; probability gray matter = 0.5060
ROI (-35 49 7): length = 14mm; probability gray matter = 0.5067
ROI (35 49 7): length = 14mm; probability gray matter = 0.5067
ROI (-35 7 49): length = 14mm; probability gray matter = 0.5078
ROI (35 7 49): length = 14mm; probability gray matter = 0.5078
ROI (-49 -21 49): length = 14mm; probability gray matter = 0.5097
ROI (49 -21 49): length = 14mm; probability gray matter = 0.5097
ROI (-35 -21 -35): length = 14mm; probability gray matter = 0.5099
ROI (35 -21 -35): length = 14mm; probability gray matter = 0.5099
ROI (-21 -77 -7): length = 14mm; probability gray matter = 0.5117
ROI (21 -77 -7): length = 14mm; probability gray matter = 0.5117
ROI (-7 -7 -7): length = 14mm; probability gray matter = 0.5123
ROI (7 -7 -7): length = 14mm; probability gray matter = 0.5123
ROI (-21 7 63): length = 14mm; probability gray matter = 0.5133
ROI (21 7 63): length = 14mm; probability gray matter = 0.5133
ROI (-7 63 7): length = 14mm; probability gray matter = 0.5137
ROI (7 63 7): length = 14mm; probability gray matter = 0.5137
ROI (-21 -77 35): length = 14mm; probability gray matter = 0.5140
ROI (21 -77 35): length = 14mm; probability gray matter = 0.5140
ROI (-63 -49 21): length = 14mm; probability gray matter = 0.5146
ROI (63 -49 21): length = 14mm; probability gray matter = 0.5146
ROI (-49 35 7): length = 14mm; probability gray matter = 0.5176
ROI (49 35 7): length = 14mm; probability gray matter = 0.5176
ROI (-7 7 35): length = 14mm; probability gray matter = 0.5179
ROI (7 7 35): length = 14mm; probability gray matter = 0.5179
ROI (-7 63 -7): length = 14mm; probability gray matter = 0.5181
ROI (7 63 -7): length = 14mm; probability gray matter = 0.5181
ROI (-49 -7 -21): length = 14mm; probability gray matter = 0.5200
ROI (49 -7 -21): length = 14mm; probability gray matter = 0.5200
ROI (-49 -21 -7): length = 14mm; probability gray matter = 0.5201
ROI (49 -21 -7): length = 14mm; probability gray matter = 0.5201
ROI (-35 21 49): length = 14mm; probability gray matter = 0.5203
ROI (35 21 49): length = 14mm; probability gray matter = 0.5203
ROI (-7 -49 7): length = 14mm; probability gray matter = 0.5211
ROI (7 -49 7): length = 14mm; probability gray matter = 0.5211
ROI (-21 -63 7): length = 14mm; probability gray matter = 0.5240
ROI (21 -63 7): length = 14mm; probability gray matter = 0.5240
ROI (-21 7 7): length = 14mm; probability gray matter = 0.5243
ROI (21 7 7): length = 14mm; probability gray matter = 0.5243
ROI (-7 49 35): length = 14mm; probability gray matter = 0.5251
ROI (7 49 35): length = 14mm; probability gray matter = 0.5251
ROI (-63 -35 -21): length = 14mm; probability gray matter = 0.5253
ROI (63 -35 -21): length = 14mm; probability gray matter = 0.5253
ROI (-49 7 21): length = 14mm; probability gray matter = 0.5256
ROI (49 7 21): length = 14mm; probability gray matter = 0.5256
ROI (-35 -21 7): length = 14mm; probability gray matter = 0.5260
ROI (35 -21 7): length = 14mm; probability gray matter = 0.5260
ROI (-49 21 -7): length = 14mm; probability gray matter = 0.5278
ROI (49 21 -7): length = 14mm; probability gray matter = 0.5278
ROI (-7 -49 -35): length = 14mm; probability gray matter = 0.5282
ROI (7 -49 -35): length = 14mm; probability gray matter = 0.5282
ROI (-7 35 49): length = 14mm; probability gray matter = 0.5293
ROI (7 35 49): length = 14mm; probability gray matter = 0.5293
ROI (-35 -63 49): length = 14mm; probability gray matter = 0.5294
ROI (35 -63 49): length = 14mm; probability gray matter = 0.5294
ROI (-7 -35 -7): length = 14mm; probability gray matter = 0.5296
ROI (7 -35 -7): length = 14mm; probability gray matter = 0.5296
ROI (-35 -77 35): length = 14mm; probability gray matter = 0.5311
ROI (35 -77 35): length = 14mm; probability gray matter = 0.5311
ROI (-35 -77 -49): length = 14mm; probability gray matter = 0.5316
ROI (35 -77 -49): length = 14mm; probability gray matter = 0.5316
ROI (-49 -49 49): length = 14mm; probability gray matter = 0.5318
ROI (49 -49 49): length = 14mm; probability gray matter = 0.5318
ROI (-49 -35 7): length = 14mm; probability gray matter = 0.5319
ROI (49 -35 7): length = 14mm; probability gray matter = 0.5319
ROI (-49 -21 21): length = 14mm; probability gray matter = 0.5351
ROI (49 -21 21): length = 14mm; probability gray matter = 0.5351
ROI (-35 -49 49): length = 14mm; probability gray matter = 0.5358
ROI (35 -49 49): length = 14mm; probability gray matter = 0.5358
ROI (-7 21 49): length = 14mm; probability gray matter = 0.5360
ROI (7 21 49): length = 14mm; probability gray matter = 0.5360
ROI (-7 -49 63): length = 14mm; probability gray matter = 0.5371
ROI (7 -49 63): length = 14mm; probability gray matter = 0.5371
ROI (-49 -49 21): length = 14mm; probability gray matter = 0.5382
ROI (49 -49 21): length = 14mm; probability gray matter = 0.5382
ROI (-7 -49 21): length = 14mm; probability gray matter = 0.5401
ROI (7 -49 21): length = 14mm; probability gray matter = 0.5401
ROI (-7 35 -7): length = 14mm; probability gray matter = 0.5405
ROI (7 35 -7): length = 14mm; probability gray matter = 0.5405
ROI (-49 -35 21): length = 14mm; probability gray matter = 0.5418
ROI (49 -35 21): length = 14mm; probability gray matter = 0.5418
ROI (-7 -21 35): length = 14mm; probability gray matter = 0.5449
ROI (7 -21 35): length = 14mm; probability gray matter = 0.5449
ROI (-7 -7 63): length = 14mm; probability gray matter = 0.5459
ROI (7 -7 63): length = 14mm; probability gray matter = 0.5459
ROI (-63 -21 21): length = 14mm; probability gray matter = 0.5470
ROI (63 -21 21): length = 14mm; probability gray matter = 0.5470
ROI (-49 -35 49): length = 14mm; probability gray matter = 0.5500
ROI (49 -35 49): length = 14mm; probability gray matter = 0.5500
ROI (-7 -91 7): length = 14mm; probability gray matter = 0.5506
ROI (7 -91 7): length = 14mm; probability gray matter = 0.5506
ROI (-7 35 35): length = 14mm; probability gray matter = 0.5521
ROI (7 35 35): length = 14mm; probability gray matter = 0.5521
ROI (-63 -49 -7): length = 14mm; probability gray matter = 0.5528
ROI (63 -49 -7): length = 14mm; probability gray matter = 0.5528
ROI (-35 21 -21): length = 14mm; probability gray matter = 0.5536
ROI (35 21 -21): length = 14mm; probability gray matter = 0.5536
ROI (-49 21 21): length = 14mm; probability gray matter = 0.5550
ROI (49 21 21): length = 14mm; probability gray matter = 0.5550
ROI (-35 49 21): length = 14mm; probability gray matter = 0.5557
ROI (35 49 21): length = 14mm; probability gray matter = 0.5557
ROI (-35 21 7): length = 14mm; probability gray matter = 0.5623
ROI (35 21 7): length = 14mm; probability gray matter = 0.5623
ROI (-7 7 49): length = 14mm; probability gray matter = 0.5626
ROI (7 7 49): length = 14mm; probability gray matter = 0.5626
ROI (-7 7 63): length = 14mm; probability gray matter = 0.5629
ROI (7 7 63): length = 14mm; probability gray matter = 0.5629
ROI (-49 -49 -35): length = 14mm; probability gray matter = 0.5632
ROI (49 -49 -35): length = 14mm; probability gray matter = 0.5632
ROI (-35 35 35): length = 14mm; probability gray matter = 0.5640
ROI (35 35 35): length = 14mm; probability gray matter = 0.5640
ROI (-63 -35 21): length = 14mm; probability gray matter = 0.5668
ROI (63 -35 21): length = 14mm; probability gray matter = 0.5668
ROI (-7 49 21): length = 14mm; probability gray matter = 0.5701
ROI (7 49 21): length = 14mm; probability gray matter = 0.5701
ROI (-49 7 -35): length = 14mm; probability gray matter = 0.5709
ROI (49 7 -35): length = 14mm; probability gray matter = 0.5709
ROI (-7 -21 -7): length = 14mm; probability gray matter = 0.5713
ROI (7 -21 -7): length = 14mm; probability gray matter = 0.5713
ROI (-21 21 -21): length = 14mm; probability gray matter = 0.5729
ROI (21 21 -21): length = 14mm; probability gray matter = 0.5729
ROI (-49 -63 35): length = 14mm; probability gray matter = 0.5753
ROI (49 -63 35): length = 14mm; probability gray matter = 0.5753
ROI (-63 -21 -21): length = 14mm; probability gray matter = 0.5756
ROI (63 -21 -21): length = 14mm; probability gray matter = 0.5756
ROI (-63 -49 7): length = 14mm; probability gray matter = 0.5772
ROI (63 -49 7): length = 14mm; probability gray matter = 0.5772
ROI (-63 -21 7): length = 14mm; probability gray matter = 0.5775
ROI (63 -21 7): length = 14mm; probability gray matter = 0.5775
ROI (-35 -7 -21): length = 14mm; probability gray matter = 0.5777
ROI (35 -7 -21): length = 14mm; probability gray matter = 0.5777
ROI (-7 -91 -7): length = 14mm; probability gray matter = 0.5800
ROI (7 -91 -7): length = 14mm; probability gray matter = 0.5800
ROI (-7 -7 49): length = 14mm; probability gray matter = 0.5844
ROI (7 -7 49): length = 14mm; probability gray matter = 0.5844
ROI (-49 21 7): length = 14mm; probability gray matter = 0.5854
ROI (49 21 7): length = 14mm; probability gray matter = 0.5854
ROI (-7 21 -7): length = 14mm; probability gray matter = 0.5870
ROI (7 21 -7): length = 14mm; probability gray matter = 0.5870
ROI (-7 49 -21): length = 14mm; probability gray matter = 0.5886
ROI (7 49 -21): length = 14mm; probability gray matter = 0.5886
ROI (-49 7 35): length = 14mm; probability gray matter = 0.5895
ROI (49 7 35): length = 14mm; probability gray matter = 0.5895
ROI (-7 -21 49): length = 14mm; probability gray matter = 0.5916
ROI (7 -21 49): length = 14mm; probability gray matter = 0.5916
ROI (-7 -63 49): length = 14mm; probability gray matter = 0.5966
ROI (7 -63 49): length = 14mm; probability gray matter = 0.5966
ROI (-7 21 35): length = 14mm; probability gray matter = 0.6004
ROI (7 21 35): length = 14mm; probability gray matter = 0.6004
ROI (-49 -35 -21): length = 14mm; probability gray matter = 0.6037
ROI (49 -35 -21): length = 14mm; probability gray matter = 0.6037
ROI (-35 -49 -49): length = 14mm; probability gray matter = 0.6057
ROI (35 -49 -49): length = 14mm; probability gray matter = 0.6057
ROI (-7 -35 -21): length = 14mm; probability gray matter = 0.6117
ROI (7 -35 -21): length = 14mm; probability gray matter = 0.6117
ROI (-7 35 21): length = 14mm; probability gray matter = 0.6121
ROI (7 35 21): length = 14mm; probability gray matter = 0.6121
ROI (-7 -77 35): length = 14mm; probability gray matter = 0.6123
ROI (7 -77 35): length = 14mm; probability gray matter = 0.6123
ROI (-7 49 -7): length = 14mm; probability gray matter = 0.6138
ROI (7 49 -7): length = 14mm; probability gray matter = 0.6138
ROI (-21 -49 -49): length = 14mm; probability gray matter = 0.6149
ROI (21 -49 -49): length = 14mm; probability gray matter = 0.6149
ROI (-7 -35 35): length = 14mm; probability gray matter = 0.6149
ROI (7 -35 35): length = 14mm; probability gray matter = 0.6149
ROI (-7 -77 21): length = 14mm; probability gray matter = 0.6151
ROI (7 -77 21): length = 14mm; probability gray matter = 0.6151
ROI (-49 -63 7): length = 14mm; probability gray matter = 0.6189
ROI (49 -63 7): length = 14mm; probability gray matter = 0.6189
ROI (-7 -7 7): length = 14mm; probability gray matter = 0.6198
ROI (7 -7 7): length = 14mm; probability gray matter = 0.6198
ROI (-63 -35 7): length = 14mm; probability gray matter = 0.6217
ROI (63 -35 7): length = 14mm; probability gray matter = 0.6217
ROI (-49 -21 7): length = 14mm; probability gray matter = 0.6237
ROI (49 -21 7): length = 14mm; probability gray matter = 0.6237
ROI (-7 -49 49): length = 14mm; probability gray matter = 0.6256
ROI (7 -49 49): length = 14mm; probability gray matter = 0.6256
ROI (-49 -7 -35): length = 14mm; probability gray matter = 0.6286
ROI (49 -7 -35): length = 14mm; probability gray matter = 0.6286
ROI (-63 -35 -7): length = 14mm; probability gray matter = 0.6310
ROI (63 -35 -7): length = 14mm; probability gray matter = 0.6310
ROI (-7 -35 49): length = 14mm; probability gray matter = 0.6328
ROI (7 -35 49): length = 14mm; probability gray matter = 0.6328
ROI (-21 -21 -21): length = 14mm; probability gray matter = 0.6359
ROI (21 -21 -21): length = 14mm; probability gray matter = 0.6359
ROI (-63 -21 -7): length = 14mm; probability gray matter = 0.6370
ROI (63 -21 -7): length = 14mm; probability gray matter = 0.6370
ROI (-21 -7 -35): length = 14mm; probability gray matter = 0.6402
ROI (21 -7 -35): length = 14mm; probability gray matter = 0.6402
ROI (-49 -63 -35): length = 14mm; probability gray matter = 0.6418
ROI (49 -63 -35): length = 14mm; probability gray matter = 0.6418
ROI (-49 -63 21): length = 14mm; probability gray matter = 0.6419
ROI (49 -63 21): length = 14mm; probability gray matter = 0.6419
ROI (-7 49 7): length = 14mm; probability gray matter = 0.6419
ROI (7 49 7): length = 14mm; probability gray matter = 0.6419
ROI (-7 -49 -7): length = 14mm; probability gray matter = 0.6449
ROI (7 -49 -7): length = 14mm; probability gray matter = 0.6449
ROI (-49 7 7): length = 14mm; probability gray matter = 0.6451
ROI (49 7 7): length = 14mm; probability gray matter = 0.6451
ROI (-7 -63 35): length = 14mm; probability gray matter = 0.6454
ROI (7 -63 35): length = 14mm; probability gray matter = 0.6454
ROI (-35 7 -35): length = 14mm; probability gray matter = 0.6472
ROI (35 7 -35): length = 14mm; probability gray matter = 0.6472
ROI (-49 7 -21): length = 14mm; probability gray matter = 0.6477
ROI (49 7 -21): length = 14mm; probability gray matter = 0.6477
ROI (-49 -63 -21): length = 14mm; probability gray matter = 0.6515
ROI (49 -63 -21): length = 14mm; probability gray matter = 0.6515
ROI (-21 -63 -7): length = 14mm; probability gray matter = 0.6517
ROI (21 -63 -7): length = 14mm; probability gray matter = 0.6517
ROI (-49 -7 -7): length = 14mm; probability gray matter = 0.6541
ROI (49 -7 -7): length = 14mm; probability gray matter = 0.6541
ROI (-7 -77 -7): length = 14mm; probability gray matter = 0.6543
ROI (7 -77 -7): length = 14mm; probability gray matter = 0.6543
ROI (-21 -35 -7): length = 14mm; probability gray matter = 0.6543
ROI (21 -35 -7): length = 14mm; probability gray matter = 0.6543
ROI (-49 -63 -7): length = 14mm; probability gray matter = 0.6559
ROI (49 -63 -7): length = 14mm; probability gray matter = 0.6559
ROI (-35 7 -21): length = 14mm; probability gray matter = 0.6561
ROI (35 7 -21): length = 14mm; probability gray matter = 0.6561
ROI (-21 -77 -49): length = 14mm; probability gray matter = 0.6622
ROI (21 -77 -49): length = 14mm; probability gray matter = 0.6622
ROI (-7 35 -21): length = 14mm; probability gray matter = 0.6648
ROI (7 35 -21): length = 14mm; probability gray matter = 0.6648
ROI (-49 7 -7): length = 14mm; probability gray matter = 0.6705
ROI (49 7 -7): length = 14mm; probability gray matter = 0.6705
ROI (-35 -21 -21): length = 14mm; probability gray matter = 0.6793
ROI (35 -21 -21): length = 14mm; probability gray matter = 0.6793
ROI (-7 21 -21): length = 14mm; probability gray matter = 0.6821
ROI (7 21 -21): length = 14mm; probability gray matter = 0.6821
ROI (-35 -7 -35): length = 14mm; probability gray matter = 0.6836
ROI (35 -7 -35): length = 14mm; probability gray matter = 0.6836
ROI (-7 -49 35): length = 14mm; probability gray matter = 0.6846
ROI (7 -49 35): length = 14mm; probability gray matter = 0.6846
ROI (-7 -77 7): length = 14mm; probability gray matter = 0.6849
ROI (7 -77 7): length = 14mm; probability gray matter = 0.6849
ROI (-49 -7 7): length = 14mm; probability gray matter = 0.6853
ROI (49 -7 7): length = 14mm; probability gray matter = 0.6853
ROI (-7 -63 -7): length = 14mm; probability gray matter = 0.6859
ROI (7 -63 -7): length = 14mm; probability gray matter = 0.6859
ROI (-35 -49 -35): length = 14mm; probability gray matter = 0.6925
ROI (35 -49 -35): length = 14mm; probability gray matter = 0.6925
ROI (-21 -63 -49): length = 14mm; probability gray matter = 0.6961
ROI (21 -63 -49): length = 14mm; probability gray matter = 0.6961
ROI (-7 -63 -35): length = 14mm; probability gray matter = 0.6969
ROI (7 -63 -35): length = 14mm; probability gray matter = 0.6969
ROI (-21 7 -21): length = 14mm; probability gray matter = 0.6976
ROI (21 7 -21): length = 14mm; probability gray matter = 0.6976
ROI (-7 7 -7): length = 14mm; probability gray matter = 0.6997
ROI (7 7 -7): length = 14mm; probability gray matter = 0.6997
ROI (-7 -21 7): length = 14mm; probability gray matter = 0.7008
ROI (7 -21 7): length = 14mm; probability gray matter = 0.7008
ROI (-7 -49 -49): length = 14mm; probability gray matter = 0.7021
ROI (7 -49 -49): length = 14mm; probability gray matter = 0.7021
ROI (-35 21 -7): length = 14mm; probability gray matter = 0.7031
ROI (35 21 -7): length = 14mm; probability gray matter = 0.7031
ROI (-35 7 7): length = 14mm; probability gray matter = 0.7032
ROI (35 7 7): length = 14mm; probability gray matter = 0.7032
ROI (-7 -63 7): length = 14mm; probability gray matter = 0.7125
ROI (7 -63 7): length = 14mm; probability gray matter = 0.7125
ROI (-35 -77 -21): length = 14mm; probability gray matter = 0.7153
ROI (35 -77 -21): length = 14mm; probability gray matter = 0.7153
ROI (-35 -63 -49): length = 14mm; probability gray matter = 0.7191
ROI (35 -63 -49): length = 14mm; probability gray matter = 0.7191
ROI (-21 -49 -7): length = 14mm; probability gray matter = 0.7199
ROI (21 -49 -7): length = 14mm; probability gray matter = 0.7199
ROI (-7 -63 -49): length = 14mm; probability gray matter = 0.7258
ROI (7 -63 -49): length = 14mm; probability gray matter = 0.7258
ROI (-7 -77 -35): length = 14mm; probability gray matter = 0.7290
ROI (7 -77 -35): length = 14mm; probability gray matter = 0.7290
ROI (-35 -77 -35): length = 14mm; probability gray matter = 0.7294
ROI (35 -77 -35): length = 14mm; probability gray matter = 0.7294
ROI (-35 -63 -35): length = 14mm; probability gray matter = 0.7295
ROI (35 -63 -35): length = 14mm; probability gray matter = 0.7295
ROI (-7 -63 21): length = 14mm; probability gray matter = 0.7317
ROI (7 -63 21): length = 14mm; probability gray matter = 0.7317
ROI (-35 -7 7): length = 14mm; probability gray matter = 0.7334
ROI (35 -7 7): length = 14mm; probability gray matter = 0.7334
ROI (-35 -35 -21): length = 14mm; probability gray matter = 0.7341
ROI (35 -35 -21): length = 14mm; probability gray matter = 0.7341
ROI (-7 -77 -21): length = 14mm; probability gray matter = 0.7349
ROI (7 -77 -21): length = 14mm; probability gray matter = 0.7349
ROI (-49 -49 -21): length = 14mm; probability gray matter = 0.7358
ROI (49 -49 -21): length = 14mm; probability gray matter = 0.7358
ROI (-35 -7 -7): length = 14mm; probability gray matter = 0.7397
ROI (35 -7 -7): length = 14mm; probability gray matter = 0.7397
ROI (-21 -77 -35): length = 14mm; probability gray matter = 0.7588
ROI (21 -77 -35): length = 14mm; probability gray matter = 0.7588
ROI (-21 -35 -21): length = 14mm; probability gray matter = 0.7591
ROI (21 -35 -21): length = 14mm; probability gray matter = 0.7591
ROI (-7 -49 -21): length = 14mm; probability gray matter = 0.7707
ROI (7 -49 -21): length = 14mm; probability gray matter = 0.7707
ROI (-21 7 -7): length = 14mm; probability gray matter = 0.7707
ROI (21 7 -7): length = 14mm; probability gray matter = 0.7707
ROI (-21 -7 -21): length = 14mm; probability gray matter = 0.7924
ROI (21 -7 -21): length = 14mm; probability gray matter = 0.7924
ROI (-35 7 -7): length = 14mm; probability gray matter = 0.7948
ROI (35 7 -7): length = 14mm; probability gray matter = 0.7948
ROI (-35 -49 -21): length = 14mm; probability gray matter = 0.8024
ROI (35 -49 -21): length = 14mm; probability gray matter = 0.8024
ROI (-7 -63 -21): length = 14mm; probability gray matter = 0.8105
ROI (7 -63 -21): length = 14mm; probability gray matter = 0.8105
ROI (-35 -63 -21): length = 14mm; probability gray matter = 0.8253
ROI (35 -63 -21): length = 14mm; probability gray matter = 0.8253
ROI (-21 -77 -21): length = 14mm; probability gray matter = 0.8263
ROI (21 -77 -21): length = 14mm; probability gray matter = 0.8263
ROI (-21 -49 -21): length = 14mm; probability gray matter = 0.8727
ROI (21 -49 -21): length = 14mm; probability gray matter = 0.8727
ROI (-21 -63 -21): length = 14mm; probability gray matter = 0.8858
ROI (21 -63 -21): length = 14mm; probability gray matter = 0.8858
